#
# An unexpected error has been detected by Java Runtime Environment:
#
#  SIGSEGV (0xb) at pc=0x00007fb7f1064c8e, pid=2792, tid=140428141577984
#
# Java VM: Java HotSpot(TM) 64-Bit Server VM (11.3-b02 mixed mode linux-amd64)
# Problematic frame:
# J  demo2.LongHashSet.main([Ljava/lang/String;)V
#
# If you would like to submit a bug report, please visit:
#   http://java.sun.com/webapps/bugreport/crash.jsp
#

---------------  T H R E A D  ---------------

Current thread (0x00007fb7f4007000):  JavaThread "main" [_thread_in_Java, id=2793, stack(0x00007fb7f96ec000,0x00007fb7f97ed000)]

siginfo:si_signo=SIGSEGV: si_errno=0, si_code=1 (SEGV_MAPERR), si_addr=0x00007fb6a9000008

Registers:
RAX=0x000066e95b397ef0, RBX=0x00007fb729000000, RCX=0x66e95b38e916a4c6, RDX=0x00007fb7ae598d48
RSP=0x00007fb7f97eb8f0, RBP=0x0000ffffffffffff, RSI=0x00000005deece66d, RDI=0x0000000066e95b39
R8 =0x00007fb7ae598d30, R9 =0x000000000fffffff, R10=0x000000000ffffffe, R11=0xffffffff80000008
R12=0x00007fb7ae599f00, R13=0x00000000e916a4c6, R14=0x00007fb723e72668, R15=0x00007fb7f4007000
RIP=0x00007fb7f1064c8e, EFL=0x0000000000010a82, CSGSFS=0x0000000000000033, ERR=0x0000000000000004
  TRAPNO=0x000000000000000e

Top of Stack: (sp=0x00007fb7f97eb8f0)
0x00007fb7f97eb8f0:   00007fb7ae599280 00007fb7f97eb8f8
0x00007fb7f97eb900:   00007fb7f1064950 00007fb7f97eb958
0x00007fb7f97eb910:   00007fb723e70eb0 00007fb723e776b0
0x00007fb7f97eb920:   00007fb729000000 0000000000000000
0x00007fb7f97eb930:   00007fb7f97eb958 00007fb7f97eb9c0
0x00007fb7f97eb940:   00007fb7f97eb9c0 00007fb7f10003eb
0x00007fb7f97eb950:   00007fb7ae598d30 00007fb7ae598d18
0x00007fb7f97eb960:   00007fb700001fa0 00007fb7f97eba00
0x00007fb7f97eb970:   00007fb7fa2d83f8 0000000000000001
0x00007fb7f97eb980:   00007fb7f4007000 00007fb7f1000369
0x00007fb7f97eb990:   00007fb7f97eba30 00007fb7f97ebd28
0x00007fb7f97eb9a0:   00007fb70000000a 00007fb723e70b18
0x00007fb7f97eb9b0:   00007fb7f100c7e0 00007fb7f97ebb58
0x00007fb7f97eb9c0:   00007fb7f97ebab0 00007fb7f9e017ed
0x00007fb7f97eb9d0:   0000000000000001 00007fb7f4007000
0x00007fb7f97eb9e0:   00007fb7f97eba30 00007fb7f97ebd28
0x00007fb7f97eb9f0:   0000000a00007000 00007fb7f100c7e0
0x00007fb7f97eba00:   00007fb7f4007000 00007fb7f4004e10
0x00007fb7f97eba10:   00007fb7f4007930 00007fb7f4007958
0x00007fb7f97eba20:   00007fb7f4007d18 00007fb7f4004e40
0x00007fb7f97eba30:   00007fb7f4007000 00007fb7f4008320
0x00007fb7f97eba40:   00007fb723e70b18 0000000000000000
0x00007fb7f97eba50:   0000000000000000 0000000000000000
0x00007fb7f97eba60:   0000000000000000 00007fb7f97ebd20
0x00007fb7f97eba70:   00007fb7f97eba80 00007fb7f100c7e0
0x00007fb7f97eba80:   00007fb7f97ebb10 00007fb7fa2c1e90
0x00007fb7f97eba90:   00007fb7f4007948 00007fb7f97ebd20
0x00007fb7f97ebaa0:   00007fb7f97ebce0 00007fb7f97ebb50
0x00007fb7f97ebab0:   00007fb7f97ebac0 00007fb7f9fcafd9
0x00007fb7f97ebac0:   00007fb7f97ebae0 00007fb7f9e01635
0x00007fb7f97ebad0:   00007fb7fa2c1e90 00007fb7f4007948
0x00007fb7f97ebae0:   00007fb7f97ebcb0 00007fb7f9e32f81 

Instructions: (pc=0x00007fb7f1064c8e)
0x00007fb7f1064c7e:   00 00 45 8b da 41 c1 e3 03 41 83 c3 18 4d 63 db
0x00007fb7f1064c8e:   4e 8b 1c 1b 4d 85 db 0f 85 63 01 00 00 48 8b fa 

Stack: [0x00007fb7f96ec000,0x00007fb7f97ed000],  sp=0x00007fb7f97eb8f0,  free space=1022k
Native frames: (J=compiled Java code, j=interpreted, Vv=VM code, C=native code)
J  demo2.LongHashSet.main([Ljava/lang/String;)V


---------------  P R O C E S S  ---------------

Java Threads: ( => current thread )
  0x00007fb7f4096c00 JavaThread "Low Memory Detector" daemon [_thread_blocked, id=2804, stack(0x00007fb7224f3000,0x00007fb7225f4000)]
  0x00007fb7f4093c00 JavaThread "CompilerThread1" daemon [_thread_blocked, id=2803, stack(0x00007fb7225f4000,0x00007fb7226f5000)]
  0x00007fb7f4092000 JavaThread "CompilerThread0" daemon [_thread_blocked, id=2802, stack(0x00007fb7226f5000,0x00007fb7227f6000)]
  0x00007fb7f4090000 JavaThread "Signal Dispatcher" daemon [_thread_blocked, id=2801, stack(0x00007fb7227f6000,0x00007fb7228f7000)]
  0x00007fb7f4072400 JavaThread "Finalizer" daemon [_thread_blocked, id=2800, stack(0x00007fb722fda000,0x00007fb7230db000)]
  0x00007fb7f4070800 JavaThread "Reference Handler" daemon [_thread_blocked, id=2799, stack(0x00007fb7230db000,0x00007fb7231dc000)]
=>0x00007fb7f4007000 JavaThread "main" [_thread_in_Java, id=2793, stack(0x00007fb7f96ec000,0x00007fb7f97ed000)]

Other Threads:
  0x00007fb7f406b400 VMThread [stack: 0x00007fb7231dc000,0x00007fb7232dd000] [id=2798]
  0x00007fb7f4098800 WatcherThread [stack: 0x00007fb7223f2000,0x00007fb7224f3000] [id=2805]

VM state:not at safepoint (normal execution)

VM Mutex/Monitor currently owned by a thread: None

Heap
 PSYoungGen      total 3584K, used 246K [0x00007fb7ae560000, 0x00007fb7ae960000, 0x00007fb7f1000000)
  eden space 3072K, 8% used [0x00007fb7ae560000,0x00007fb7ae59d848,0x00007fb7ae860000)
  from space 512K, 0% used [0x00007fb7ae8e0000,0x00007fb7ae8e0000,0x00007fb7ae960000)
  to   space 512K, 0% used [0x00007fb7ae860000,0x00007fb7ae860000,0x00007fb7ae8e0000)
 PSOldGen        total 2102528K, used 2097152K [0x00007fb729000000, 0x00007fb7a9540000, 0x00007fb7ae560000)
  object space 2102528K, 99% used [0x00007fb729000000,0x00007fb7a9000018,0x00007fb7a9540000)
 PSPermGen       total 21248K, used 2527K [0x00007fb723c00000, 0x00007fb7250c0000, 0x00007fb729000000)
  object space 21248K, 11% used [0x00007fb723c00000,0x00007fb723e77df0,0x00007fb7250c0000)

Dynamic libraries:
40000000-40009000 r-xp 00000000 08:03 157196                             /usr/java/jdk1.6.0_13/bin/java
40108000-4010a000 rwxp 00008000 08:03 157196                             /usr/java/jdk1.6.0_13/bin/java
4184d000-4186e000 rwxp 00000000 00:00 0                                  [heap]
7fb6ec000000-7fb6ec021000 rwxp 00000000 00:00 0 
7fb6ec021000-7fb6f0000000 ---p 00000000 00:00 0 
7fb6f4000000-7fb6f40bb000 rwxp 00000000 00:00 0 
7fb6f40bb000-7fb6f8000000 ---p 00000000 00:00 0 
7fb6f8000000-7fb6f8021000 rwxp 00000000 00:00 0 
7fb6f8021000-7fb6fc000000 ---p 00000000 00:00 0 
7fb6fc000000-7fb6fc021000 rwxp 00000000 00:00 0 
7fb6fc021000-7fb700000000 ---p 00000000 00:00 0 
7fb700000000-7fb700036000 rwxp 00000000 00:00 0 
7fb700036000-7fb704000000 ---p 00000000 00:00 0 
7fb704000000-7fb704021000 rwxp 00000000 00:00 0 
7fb704021000-7fb708000000 ---p 00000000 00:00 0 
7fb708000000-7fb708021000 rwxp 00000000 00:00 0 
7fb708021000-7fb70c000000 ---p 00000000 00:00 0 
7fb70c000000-7fb70c021000 rwxp 00000000 00:00 0 
7fb70c021000-7fb710000000 ---p 00000000 00:00 0 
7fb710000000-7fb710021000 rwxp 00000000 00:00 0 
7fb710021000-7fb714000000 ---p 00000000 00:00 0 
7fb714000000-7fb714021000 rwxp 00000000 00:00 0 
7fb714021000-7fb718000000 ---p 00000000 00:00 0 
7fb718000000-7fb718021000 rwxp 00000000 00:00 0 
7fb718021000-7fb71c000000 ---p 00000000 00:00 0 
7fb71c000000-7fb71c021000 rwxp 00000000 00:00 0 
7fb71c021000-7fb720000000 ---p 00000000 00:00 0 
7fb7223f2000-7fb7223f3000 ---p 00000000 00:00 0 
7fb7223f3000-7fb7224f3000 rwxp 00000000 00:00 0                          [stack:2805]
7fb7224f3000-7fb7224f6000 ---p 00000000 00:00 0 
7fb7224f6000-7fb7225f4000 rwxp 00000000 00:00 0                          [stack:2804]
7fb7225f4000-7fb7225f7000 ---p 00000000 00:00 0 
7fb7225f7000-7fb7226f5000 rwxp 00000000 00:00 0                          [stack:2803]
7fb7226f5000-7fb7226f8000 ---p 00000000 00:00 0 
7fb7226f8000-7fb7227f6000 rwxp 00000000 00:00 0                          [stack:2802]
7fb7227f6000-7fb7227f9000 ---p 00000000 00:00 0 
7fb7227f9000-7fb7228f7000 rwxp 00000000 00:00 0                          [stack:2801]
7fb7228f7000-7fb722fda000 r-xp 00000000 08:03 138899                     /usr/lib/locale/locale-archive
7fb722fda000-7fb722fdd000 ---p 00000000 00:00 0 
7fb722fdd000-7fb7230db000 rwxp 00000000 00:00 0                          [stack:2800]
7fb7230db000-7fb7230de000 ---p 00000000 00:00 0 
7fb7230de000-7fb7231dc000 rwxp 00000000 00:00 0                          [stack:2799]
7fb7231dc000-7fb7231dd000 ---p 00000000 00:00 0 
7fb7231dd000-7fb723340000 rwxp 00000000 00:00 0                          [stack:2798]
7fb723340000-7fb7234d2000 r-xs 02f34000 08:03 410456                     /usr/java/jdk1.6.0_13/jre/lib/rt.jar
7fb7234d2000-7fb7234d3000 ---p 00000000 00:00 0 
7fb7234d3000-7fb7235d3000 rwxp 00000000 00:00 0                          [stack:2797]
7fb7235d3000-7fb7235d4000 ---p 00000000 00:00 0 
7fb7235d4000-7fb7236d4000 rwxp 00000000 00:00 0                          [stack:2796]
7fb7236d4000-7fb7236d5000 ---p 00000000 00:00 0 
7fb7236d5000-7fb723bd8000 rwxp 00000000 00:00 0                          [stack:2795]
7fb723bd8000-7fb723c00000 rwxp 00000000 00:00 0 
7fb723c00000-7fb7250c0000 rwxp 00000000 00:00 0 
7fb7250c0000-7fb729000000 rwxp 00000000 00:00 0 
7fb729000000-7fb7a9540000 rwxp 00000000 00:00 0 
7fb7a9540000-7fb7ae560000 rwxp 00000000 00:00 0 
7fb7ae560000-7fb7ae960000 rwxp 00000000 00:00 0 
7fb7ae960000-7fb7f1000000 rwxp 00000000 00:00 0 
7fb7f1000000-7fb7f1270000 rwxp 00000000 00:00 0 
7fb7f1270000-7fb7f40a6000 rwxp 00000000 00:00 0 
7fb7f40a6000-7fb7f8000000 ---p 00000000 00:00 0 
7fb7f8018000-7fb7f80b5000 rwxp 00000000 00:00 0 
7fb7f80b5000-7fb7f80b6000 ---p 00000000 00:00 0 
7fb7f80b6000-7fb7f81c1000 rwxp 00000000 00:00 0                          [stack:2794]
7fb7f81c1000-7fb7f81e0000 rwxp 00000000 00:00 0 
7fb7f81e0000-7fb7f81eb000 rwxp 00000000 00:00 0 
7fb7f81eb000-7fb7f820a000 rwxp 00000000 00:00 0 
7fb7f820a000-7fb7f860d000 rwxp 00000000 00:00 0 
7fb7f860d000-7fb7f8634000 rwxp 00000000 00:00 0 
7fb7f8634000-7fb7f8637000 rwxp 00000000 00:00 0 
7fb7f8637000-7fb7f884a000 rwxp 00000000 00:00 0 
7fb7f884a000-7fb7f884b000 rwxp 00000000 00:00 0 
7fb7f884b000-7fb7f8859000 r-xp 00000000 08:03 410370                     /usr/java/jdk1.6.0_13/jre/lib/amd64/libzip.so
7fb7f8859000-7fb7f895b000 ---p 0000e000 08:03 410370                     /usr/java/jdk1.6.0_13/jre/lib/amd64/libzip.so
7fb7f895b000-7fb7f895e000 rwxp 00010000 08:03 410370                     /usr/java/jdk1.6.0_13/jre/lib/amd64/libzip.so
7fb7f895e000-7fb7f895f000 rwxp 00000000 00:00 0 
7fb7f895f000-7fb7f8988000 r-xp 00000000 08:03 410363                     /usr/java/jdk1.6.0_13/jre/lib/amd64/libjava.so
7fb7f8988000-7fb7f8a87000 ---p 00029000 08:03 410363                     /usr/java/jdk1.6.0_13/jre/lib/amd64/libjava.so
7fb7f8a87000-7fb7f8a8e000 rwxp 00028000 08:03 410363                     /usr/java/jdk1.6.0_13/jre/lib/amd64/libjava.so
7fb7f8a8e000-7fb7f8a9b000 r-xp 00000000 08:03 410336                     /usr/java/jdk1.6.0_13/jre/lib/amd64/libverify.so
7fb7f8a9b000-7fb7f8b9a000 ---p 0000d000 08:03 410336                     /usr/java/jdk1.6.0_13/jre/lib/amd64/libverify.so
7fb7f8b9a000-7fb7f8b9d000 rwxp 0000c000 08:03 410336                     /usr/java/jdk1.6.0_13/jre/lib/amd64/libverify.so
7fb7f8b9d000-7fb7f8ba9000 r-xp 00000000 08:03 265805                     /lib/x86_64-linux-gnu/libnss_files-2.15.so
7fb7f8ba9000-7fb7f8da8000 ---p 0000c000 08:03 265805                     /lib/x86_64-linux-gnu/libnss_files-2.15.so
7fb7f8da8000-7fb7f8da9000 r-xp 0000b000 08:03 265805                     /lib/x86_64-linux-gnu/libnss_files-2.15.so
7fb7f8da9000-7fb7f8daa000 rwxp 0000c000 08:03 265805                     /lib/x86_64-linux-gnu/libnss_files-2.15.so
7fb7f8daa000-7fb7f8db4000 r-xp 00000000 08:03 265809                     /lib/x86_64-linux-gnu/libnss_nis-2.15.so
7fb7f8db4000-7fb7f8fb4000 ---p 0000a000 08:03 265809                     /lib/x86_64-linux-gnu/libnss_nis-2.15.so
7fb7f8fb4000-7fb7f8fb5000 r-xp 0000a000 08:03 265809                     /lib/x86_64-linux-gnu/libnss_nis-2.15.so
7fb7f8fb5000-7fb7f8fb6000 rwxp 0000b000 08:03 265809                     /lib/x86_64-linux-gnu/libnss_nis-2.15.so
7fb7f8fb6000-7fb7f8fbe000 r-xp 00000000 08:03 265801                     /lib/x86_64-linux-gnu/libnss_compat-2.15.so
7fb7f8fbe000-7fb7f91bd000 ---p 00008000 08:03 265801                     /lib/x86_64-linux-gnu/libnss_compat-2.15.so
7fb7f91bd000-7fb7f91be000 r-xp 00007000 08:03 265801                     /lib/x86_64-linux-gnu/libnss_compat-2.15.so
7fb7f91be000-7fb7f91bf000 rwxp 00008000 08:03 265801                     /lib/x86_64-linux-gnu/libnss_compat-2.15.so
7fb7f91bf000-7fb7f91d6000 r-xp 00000000 08:03 265799                     /lib/x86_64-linux-gnu/libnsl-2.15.so
7fb7f91d6000-7fb7f93d5000 ---p 00017000 08:03 265799                     /lib/x86_64-linux-gnu/libnsl-2.15.so
7fb7f93d5000-7fb7f93d6000 r-xp 00016000 08:03 265799                     /lib/x86_64-linux-gnu/libnsl-2.15.so
7fb7f93d6000-7fb7f93d7000 rwxp 00017000 08:03 265799                     /lib/x86_64-linux-gnu/libnsl-2.15.so
7fb7f93d7000-7fb7f93d9000 rwxp 00000000 00:00 0 
7fb7f93d9000-7fb7f93e0000 r-xp 00000000 08:03 410343                     /usr/java/jdk1.6.0_13/jre/lib/amd64/native_threads/libhpi.so
7fb7f93e0000-7fb7f94e1000 ---p 00007000 08:03 410343                     /usr/java/jdk1.6.0_13/jre/lib/amd64/native_threads/libhpi.so
7fb7f94e1000-7fb7f94e3000 rwxp 00008000 08:03 410343                     /usr/java/jdk1.6.0_13/jre/lib/amd64/native_threads/libhpi.so
7fb7f94e3000-7fb7f94e4000 rwxp 00000000 00:00 0 
7fb7f94e4000-7fb7f94eb000 r-xp 00000000 08:03 265840                     /lib/x86_64-linux-gnu/librt-2.15.so
7fb7f94eb000-7fb7f96ea000 ---p 00007000 08:03 265840                     /lib/x86_64-linux-gnu/librt-2.15.so
7fb7f96ea000-7fb7f96eb000 r-xp 00006000 08:03 265840                     /lib/x86_64-linux-gnu/librt-2.15.so
7fb7f96eb000-7fb7f96ec000 rwxp 00007000 08:03 265840                     /lib/x86_64-linux-gnu/librt-2.15.so
7fb7f96ec000-7fb7f96ef000 ---p 00000000 00:00 0 
7fb7f96ef000-7fb7f97ed000 rwxp 00000000 00:00 0                          [stack:2793]
7fb7f97ed000-7fb7f98e8000 r-xp 00000000 08:03 265786                     /lib/x86_64-linux-gnu/libm-2.15.so
7fb7f98e8000-7fb7f9ae7000 ---p 000fb000 08:03 265786                     /lib/x86_64-linux-gnu/libm-2.15.so
7fb7f9ae7000-7fb7f9ae8000 r-xp 000fa000 08:03 265786                     /lib/x86_64-linux-gnu/libm-2.15.so
7fb7f9ae8000-7fb7f9ae9000 rwxp 000fb000 08:03 265786                     /lib/x86_64-linux-gnu/libm-2.15.so
7fb7f9ae9000-7fb7fa176000 r-xp 00000000 08:03 410347                     /usr/java/jdk1.6.0_13/jre/lib/amd64/server/libjvm.so
7fb7fa176000-7fb7fa275000 ---p 0068d000 08:03 410347                     /usr/java/jdk1.6.0_13/jre/lib/amd64/server/libjvm.so
7fb7fa275000-7fb7fa3c6000 rwxp 0068c000 08:03 410347                     /usr/java/jdk1.6.0_13/jre/lib/amd64/server/libjvm.so
7fb7fa3c6000-7fb7fa403000 rwxp 00000000 00:00 0 
7fb7fa403000-7fb7fa5b8000 r-xp 00000000 08:03 265754                     /lib/x86_64-linux-gnu/libc-2.15.so
7fb7fa5b8000-7fb7fa7b7000 ---p 001b5000 08:03 265754                     /lib/x86_64-linux-gnu/libc-2.15.so
7fb7fa7b7000-7fb7fa7bb000 r-xp 001b4000 08:03 265754                     /lib/x86_64-linux-gnu/libc-2.15.so
7fb7fa7bb000-7fb7fa7bd000 rwxp 001b8000 08:03 265754                     /lib/x86_64-linux-gnu/libc-2.15.so
7fb7fa7bd000-7fb7fa7c2000 rwxp 00000000 00:00 0 
7fb7fa7c2000-7fb7fa7c4000 r-xp 00000000 08:03 265767                     /lib/x86_64-linux-gnu/libdl-2.15.so
7fb7fa7c4000-7fb7fa9c4000 ---p 00002000 08:03 265767                     /lib/x86_64-linux-gnu/libdl-2.15.so
7fb7fa9c4000-7fb7fa9c5000 r-xp 00002000 08:03 265767                     /lib/x86_64-linux-gnu/libdl-2.15.so
7fb7fa9c5000-7fb7fa9c6000 rwxp 00003000 08:03 265767                     /lib/x86_64-linux-gnu/libdl-2.15.so
7fb7fa9c6000-7fb7fa9de000 r-xp 00000000 08:03 265834                     /lib/x86_64-linux-gnu/libpthread-2.15.so
7fb7fa9de000-7fb7fabdd000 ---p 00018000 08:03 265834                     /lib/x86_64-linux-gnu/libpthread-2.15.so
7fb7fabdd000-7fb7fabde000 r-xp 00017000 08:03 265834                     /lib/x86_64-linux-gnu/libpthread-2.15.so
7fb7fabde000-7fb7fabdf000 rwxp 00018000 08:03 265834                     /lib/x86_64-linux-gnu/libpthread-2.15.so
7fb7fabdf000-7fb7fabe3000 rwxp 00000000 00:00 0 
7fb7fabe3000-7fb7fac05000 r-xp 00000000 08:03 265734                     /lib/x86_64-linux-gnu/ld-2.15.so
7fb7fac24000-7fb7fac2e000 rwxp 00000000 00:00 0 
7fb7fac2e000-7fb7face4000 rwxp 00000000 00:00 0 
7fb7face4000-7fb7face7000 rwxp 00000000 00:00 0 
7fb7face7000-7fb7facee000 r-xp 00000000 08:03 410376                     /usr/java/jdk1.6.0_13/jre/lib/amd64/jli/libjli.so
7fb7facee000-7fb7fadef000 ---p 00007000 08:03 410376                     /usr/java/jdk1.6.0_13/jre/lib/amd64/jli/libjli.so
7fb7fadef000-7fb7fadf1000 rwxp 00008000 08:03 410376                     /usr/java/jdk1.6.0_13/jre/lib/amd64/jli/libjli.so
7fb7fadf1000-7fb7fadf2000 rwxp 00000000 00:00 0 
7fb7fadf9000-7fb7fae01000 rwxs 00000000 08:03 4231                       /tmp/hsperfdata_andrei/2792
7fb7fae01000-7fb7fae02000 rwxp 00000000 00:00 0 
7fb7fae02000-7fb7fae03000 r-xp 00000000 00:00 0 
7fb7fae03000-7fb7fae05000 rwxp 00000000 00:00 0 
7fb7fae05000-7fb7fae06000 r-xp 00022000 08:03 265734                     /lib/x86_64-linux-gnu/ld-2.15.so
7fb7fae06000-7fb7fae08000 rwxp 00023000 08:03 265734                     /lib/x86_64-linux-gnu/ld-2.15.so
7ffff9d01000-7ffff9d22000 rwxp 00000000 00:00 0                          [stack]
7ffff9d53000-7ffff9d55000 r-xp 00000000 00:00 0                          [vdso]
ffffffffff600000-ffffffffff601000 r-xp 00000000 00:00 0                  [vsyscall]

VM Arguments:
jvm_args: -Xmx3200M -XX:ErrorFile=src/demo2/hs_err_pid2285.log 
java_command: demo2.LongHashSet
Launcher Type: SUN_STANDARD

Environment Variables:
PATH=/usr/lib/lightdm/lightdm:/usr/local/sbin:/usr/local/bin:/usr/sbin:/usr/bin:/sbin:/bin:/usr/games:/usr/java/jdk1.7.0_40/bin
LD_LIBRARY_PATH=/usr/java/jdk1.6.0_13/jre/lib/amd64/server:/usr/java/jdk1.6.0_13/jre/lib/amd64:/usr/java/jdk1.6.0_13/jre/../lib/amd64
SHELL=/bin/bash
DISPLAY=:0

Signal Handlers:
SIGSEGV: [libjvm.so+0x5fcd20], sa_mask[0]=0x7ffbfeff, sa_flags=0x10000004
SIGBUS: [libjvm.so+0x5fcd20], sa_mask[0]=0x7ffbfeff, sa_flags=0x10000004
SIGFPE: [libjvm.so+0x4e0eb0], sa_mask[0]=0x7ffbfeff, sa_flags=0x10000004
SIGPIPE: [libjvm.so+0x4e0eb0], sa_mask[0]=0x7ffbfeff, sa_flags=0x10000004
SIGXFSZ: [libjvm.so+0x4e0eb0], sa_mask[0]=0x7ffbfeff, sa_flags=0x10000004
SIGILL: [libjvm.so+0x4e0eb0], sa_mask[0]=0x7ffbfeff, sa_flags=0x10000004
SIGUSR1: SIG_DFL, sa_mask[0]=0x00000000, sa_flags=0x00000000
SIGUSR2: [libjvm.so+0x4e35d0], sa_mask[0]=0x00000000, sa_flags=0x10000004
SIGHUP: [libjvm.so+0x4e3320], sa_mask[0]=0x7ffbfeff, sa_flags=0x10000004
SIGINT: [libjvm.so+0x4e3320], sa_mask[0]=0x7ffbfeff, sa_flags=0x10000004
SIGTERM: [libjvm.so+0x4e3320], sa_mask[0]=0x7ffbfeff, sa_flags=0x10000004
SIGQUIT: [libjvm.so+0x4e3320], sa_mask[0]=0x7ffbfeff, sa_flags=0x10000004


---------------  S Y S T E M  ---------------

OS:wheezy/sid

uname:Linux 3.8.0-31-generic #46~precise1-Ubuntu SMP Wed Sep 11 18:21:16 UTC 2013 x86_64
libc:glibc 2.15 NPTL 2.15 
rlimit: STACK 8192k, CORE 0k, NPROC 31484, NOFILE 4096, AS infinity
load average:0.22 0.06 0.06

CPU:total 4 (4 cores per cpu, 1 threads per core) family 6 model 10 stepping 9, cmov, cx8, fxsr, mmx, sse, sse2, sse3, ssse3

Memory: 4k page, physical 4048960k(974200k free), swap 1500156k(1500156k free)

vm_info: Java HotSpot(TM) 64-Bit Server VM (11.3-b02) for linux-amd64 JRE (1.6.0_13-b03), built on Mar  9 2009 11:08:22 by "java_re" with gcc 3.2.2 (SuSE Linux)

time: Sat Oct 19 16:26:32 2013
elapsed time: 19 seconds

