#
# A fatal error has been detected by the Java Runtime Environment:
#
#  SIGBUS (0x7) at pc=0x00007f04eaaefa95, pid=2816, tid=139659114026752
#
# JRE version: Java(TM) SE Runtime Environment (7.0_40-b43) (build 1.7.0_40-b43)
# Java VM: Java HotSpot(TM) 64-Bit Server VM (24.0-b56 mixed mode linux-amd64 compressed oops)
# Problematic frame:
# V  [libjvm.so+0x73da95]  _Copy_arrayof_conjoint_jlongs+0x35
#
# Failed to write core dump. Core dumps have been disabled. To enable core dumping, try "ulimit -c unlimited" before starting Java again
#
# If you would like to submit a bug report, please visit:
#   http://bugreport.sun.com/bugreport/crash.jsp
#

---------------  T H R E A D  ---------------

Current thread (0x00007f04e4009800):  JavaThread "main" [_thread_in_vm, id=2817, stack(0x00007f04ebd19000,0x00007f04ebe1a000)]

siginfo:si_signo=SIGBUS: si_errno=0, si_code=2 (BUS_ADRERR), si_addr=0x00007f042f8f5000

Registers:
RAX=0x00000000cdb00008, RBX=0x00007f04e4009800, RCX=0x00007f042f8ffff8, RDX=0xffffffffffffea04
RSP=0x00007f04ebe185e8, RBP=0x00007f04ebe18640, RSI=0x0000000000000000, RDI=0x00000000cda00010
R8 =0x0000000000000000, R9 =0x00007f042f800000, R10=0x00007f04e101270c, R11=0x00007f04eac59260
R12=0x00007f04ebe18730, R13=0x0000000000000000, R14=0x00007f042f800000, R15=0x000000000b800010
RIP=0x00007f04eaaefa95, EFLAGS=0x0000000000010282, CSGSFS=0x0000000000000033, ERR=0x0000000000000006
  TRAPNO=0x000000000000000e

Top of Stack: (sp=0x00007f04ebe185e8)
0x00007f04ebe185e8:   00007f04ead1d662 00007f04e4009800
0x00007f04ebe185f8:   00007f04e1012c49 00007f04e4009800
0x00007f04ebe18608:   00000000bd26f048 0000000000000000
0x00007f04ebe18618:   00000000bd0e9c10 0000000000000000
0x00007f04ebe18628:   00000000bd0e9c10 00007f04ebe18738
0x00007f04ebe18638:   00007f04e4009800 00007f04ebe186d8
0x00007f04ebe18648:   00007f04e1012738 0000000000100000
0x00007f04ebe18658:   00000000bd0eaf58 0000000000000000
0x00007f04ebe18668:   00007f04e4009800 00000000bd2583f0
0x00007f04ebe18678:   00007f04eb1dfe38 00007f04e4009800
0x00007f04ebe18688:   00000000bd2583f0 00007f04ebe18720
0x00007f04ebe18698:   00007f04ebe18698 0000000000000000
0x00007f04ebe186a8:   00007f04ebe18738 00000000bd0ec840
0x00007f04ebe186b8:   0000000000000000 00000000bd0e9c10
0x00007f04ebe186c8:   0000000000000000 00007f04ebe186f8
0x00007f04ebe186d8:   00007f04ebe18780 00007f04e1006058
0x00007f04ebe186e8:   0000000000000000 00007f04e100ecd8
0x00007f04ebe186f8:   0000000000100000 00007f04ea9e77e0
0x00007f04ebe18708:   00007f042f800000 0000000000000042
0x00007f04ebe18718:   0000000000000000 000000000b800010
0x00007f04ebe18728:   00007f04e9a88020 00000000c2200000
0x00007f04ebe18738:   00000000eb610d38 00007f04ebe18740
0x00007f04ebe18748:   00000000bd175eb2 00007f04ebe187f0
0x00007f04ebe18758:   00000000bd176d38 0000000000000000
0x00007f04ebe18768:   00000000bd175ee0 00007f04ebe186f8
0x00007f04ebe18778:   00007f04ebe187b0 00007f04ebe18838
0x00007f04ebe18788:   00007f04e1006058 0000000000100000
0x00007f04ebe18798:   0000000000000000 000000000b800010
0x00007f04ebe187a8:   0000000000000000 0000000004800000
0x00007f04ebe187b8:   0000000010000000 00007f042f800000
0x00007f04ebe187c8:   00000000eb651778 0000000000000000
0x00007f04ebe187d8:   0000000000000000 0000000000000010 

Instructions: (pc=0x00007f04eaaefa95)
0x00007f04eaaefa75:   4c d6 f8 48 f7 da eb 39 48 8b 74 d0 08 48 89 74
0x00007f04eaaefa85:   d1 08 48 83 c2 01 75 f0 c3 66 90 48 8b 74 d0 e8
0x00007f04eaaefa95:   48 89 74 d1 e8 48 8b 74 d0 f0 48 89 74 d1 f0 48
0x00007f04eaaefaa5:   8b 74 d0 f8 48 89 74 d1 f8 48 8b 34 d0 48 89 34 

Register to memory mapping:

RAX=0x00000000cdb00008 is pointing into object: 0x00000000c2200000
[B 
 - klass: {type array byte}
 - length: 268435456
RBX=0x00007f04e4009800 is a thread
RCX=0x00007f042f8ffff8 is an unknown value
RDX=0xffffffffffffea04 is an unknown value
RSP=0x00007f04ebe185e8 is pointing into the stack for thread: 0x00007f04e4009800
RBP=0x00007f04ebe18640 is pointing into the stack for thread: 0x00007f04e4009800
RSI=0x0000000000000000 is an unknown value
RDI=0x00000000cda00010 is pointing into object: 0x00000000c2200000
[B 
 - klass: {type array byte}
 - length: 268435456
R8 =0x0000000000000000 is an unknown value
R9 =0x00007f042f800000 is an unknown value
R10=0x00007f04e101270c is at code_begin+620 in an Interpreter codelet
method entry point (kind = native)  [0x00007f04e10124a0, 0x00007f04e1012d00]  2144 bytes
R11=0x00007f04eac59260: <offset 0x8a7260> in /usr/java/jdk1.7.0_40/jre/lib/amd64/server/libjvm.so at 0x00007f04ea3b2000
R12=0x00007f04ebe18730 is pointing into the stack for thread: 0x00007f04e4009800
R13=0x0000000000000000 is an unknown value
R14=0x00007f042f800000 is an unknown value
R15=0x000000000b800010 is an unknown value


Stack: [0x00007f04ebd19000,0x00007f04ebe1a000],  sp=0x00007f04ebe185e8,  free space=1021k
Native frames: (J=compiled Java code, j=interpreted, Vv=VM code, C=native code)
V  [libjvm.so+0x73da95]  _Copy_arrayof_conjoint_jlongs+0x35
j  sun.misc.Unsafe.copyMemory(Ljava/lang/Object;JLjava/lang/Object;JJ)V+0
j  java.nio.Bits.copyFromArray(Ljava/lang/Object;JJJJ)V+42
j  java.nio.DirectByteBuffer.put([BII)Ljava/nio/ByteBuffer;+98
j  java.nio.ByteBuffer.put([B)Ljava/nio/ByteBuffer;+5
j  demo3.MappedFile.saveBlock([BLjava/lang/String;)V+10
j  demo3.MappedFile.main([Ljava/lang/String;)V+38
v  ~StubRoutines::call_stub
V  [libjvm.so+0x5f8405]  JavaCalls::call_helper(JavaValue*, methodHandle*, JavaCallArguments*, Thread*)+0x365
V  [libjvm.so+0x5f6e68]  JavaCalls::call(JavaValue*, methodHandle, JavaCallArguments*, Thread*)+0x28
V  [libjvm.so+0x62f8d9]  jni_invoke_static(JNIEnv_*, JavaValue*, _jobject*, JNICallType, _jmethodID*, JNI_ArgumentPusher*, Thread*)+0x219
V  [libjvm.so+0x638962]  jni_CallStaticVoidMethod+0x162
C  [libjli.so+0x36d9]  JavaMain+0x7e9

Java frames: (J=compiled Java code, j=interpreted, Vv=VM code)
j  sun.misc.Unsafe.copyMemory(Ljava/lang/Object;JLjava/lang/Object;JJ)V+0
j  java.nio.Bits.copyFromArray(Ljava/lang/Object;JJJJ)V+42
j  java.nio.DirectByteBuffer.put([BII)Ljava/nio/ByteBuffer;+98
j  java.nio.ByteBuffer.put([B)Ljava/nio/ByteBuffer;+5
j  demo3.MappedFile.saveBlock([BLjava/lang/String;)V+10
j  demo3.MappedFile.main([Ljava/lang/String;)V+38
v  ~StubRoutines::call_stub

---------------  P R O C E S S  ---------------

Java Threads: ( => current thread )
  0x00007f04e4096000 JavaThread "Service Thread" daemon [_thread_blocked, id=2828, stack(0x00007f04d9399000,0x00007f04d949a000)]
  0x00007f04e4093800 JavaThread "C2 CompilerThread1" daemon [_thread_blocked, id=2827, stack(0x00007f04d949a000,0x00007f04d959b000)]
  0x00007f04e4090800 JavaThread "C2 CompilerThread0" daemon [_thread_blocked, id=2826, stack(0x00007f04d959b000,0x00007f04d969c000)]
  0x00007f04e408e800 JavaThread "Signal Dispatcher" daemon [_thread_blocked, id=2825, stack(0x00007f04d969c000,0x00007f04d979d000)]
  0x00007f04e406f800 JavaThread "Finalizer" daemon [_thread_blocked, id=2824, stack(0x00007f04e00af000,0x00007f04e01b0000)]
  0x00007f04e406b800 JavaThread "Reference Handler" daemon [_thread_blocked, id=2823, stack(0x00007f04e01b0000,0x00007f04e02b1000)]
=>0x00007f04e4009800 JavaThread "main" [_thread_in_vm, id=2817, stack(0x00007f04ebd19000,0x00007f04ebe1a000)]

Other Threads:
  0x00007f04e4069000 VMThread [stack: 0x00007f04e02b1000,0x00007f04e03b2000] [id=2822]
  0x00007f04e40a0800 WatcherThread [stack: 0x00007f04d9298000,0x00007f04d9399000] [id=2829]

VM state:not at safepoint (normal execution)

VM Mutex/Monitor currently owned by a thread: None

Heap
 PSYoungGen      total 18944K, used 327K [0x00000000eb600000, 0x00000000ecb00000, 0x0000000100000000)
  eden space 16384K, 2% used [0x00000000eb600000,0x00000000eb651f28,0x00000000ec600000)
  from space 2560K, 0% used [0x00000000ec880000,0x00000000ec880000,0x00000000ecb00000)
  to   space 2560K, 0% used [0x00000000ec600000,0x00000000ec600000,0x00000000ec880000)
 ParOldGen       total 304640K, used 262144K [0x00000000c2200000, 0x00000000d4b80000, 0x00000000eb600000)
  object space 304640K, 86% used [0x00000000c2200000,0x00000000d2200010,0x00000000d4b80000)
 PSPermGen       total 21504K, used 2518K [0x00000000bd000000, 0x00000000be500000, 0x00000000c2200000)
  object space 21504K, 11% used [0x00000000bd000000,0x00000000bd275b08,0x00000000be500000)

Card table byte_map: [0x00007f04e8e05000,0x00007f04e901e000] byte_map_base: 0x00007f04e881d000

Polling page: 0x00007f04ebe2e000

Code Cache  [0x00007f04e1000000, 0x00007f04e1270000, 0x00007f04e4000000)
 total_blobs=173 nmethods=0 adapters=143 free_code_cache=48770Kb largest_free_block=49941312

Compilation events (0 events):
No events

GC Heap History (0 events):
No events

Deoptimization events (0 events):
No events

Internal exceptions (2 events):
Event: 0.111 Thread 0x00007f04e4009800 Threw 0x00000000eb6102d8 at /HUDSON/workspace/jdk7u40-2-build-linux-amd64-product/jdk7u40/hotspot/src/share/vm/prims/jni.cpp:3991
Event: 0.239 Thread 0x00007f04e4009800 Threw 0x00000000eb645cd8 at /HUDSON/workspace/jdk7u40-2-build-linux-amd64-product/jdk7u40/hotspot/src/share/vm/prims/jvm.cpp:1244

Events (10 events):
Event: 0.494 loading class 0x00007f04e4098fb0
Event: 0.494 loading class 0x00007f04e4098fb0 done
Event: 0.495 loading class 0x00007f04e864bd60
Event: 0.495 loading class 0x00007f04e864bd60 done
Event: 0.495 loading class 0x00007f04e864bc70
Event: 0.495 loading class 0x00007f04e864bc70 done
Event: 0.496 loading class 0x00007f04e40985a0
Event: 0.496 loading class 0x00007f04e40985a0 done
Event: 0.496 loading class 0x00007f04e861a2a0
Event: 0.496 loading class 0x00007f04e861a2a0 done


Dynamic libraries:
00400000-00401000 r-xp 00000000 08:03 156103                             /usr/java/jdk1.7.0_40/bin/java
00600000-00601000 rw-p 00000000 08:03 156103                             /usr/java/jdk1.7.0_40/bin/java
02556000-02577000 rw-p 00000000 00:00 0                                  [heap]
bd000000-be500000 rw-p 00000000 00:00 0 
be500000-c2200000 rw-p 00000000 00:00 0 
c2200000-d4b80000 rw-p 00000000 00:00 0 
d4b80000-eb600000 rw-p 00000000 00:00 0 
eb600000-ecb00000 rw-p 00000000 00:00 0 
ecb00000-100000000 rw-p 00000000 00:00 0 
7f0424000000-7f0434000000 rw-s 00000000 00:12 14938                      /run/shm/cache7.mem
7f0434000000-7f0444000000 rw-s 00000000 00:12 14937                      /run/shm/cache6.mem
7f0444000000-7f0454000000 rw-s 00000000 00:12 14936                      /run/shm/cache5.mem
7f0454000000-7f0464000000 rw-s 00000000 00:12 14935                      /run/shm/cache4.mem
7f0464000000-7f0474000000 rw-s 00000000 00:12 14934                      /run/shm/cache3.mem
7f0474000000-7f0484000000 rw-s 00000000 00:12 14933                      /run/shm/cache2.mem
7f0484000000-7f0494000000 rw-s 00000000 00:12 14932                      /run/shm/cache1.mem
7f0494000000-7f04a4000000 rw-s 00000000 00:12 14927                      /run/shm/cache0.mem
7f04a4000000-7f04a4021000 rw-p 00000000 00:00 0 
7f04a4021000-7f04a8000000 ---p 00000000 00:00 0 
7f04a8000000-7f04a8021000 rw-p 00000000 00:00 0 
7f04a8021000-7f04ac000000 ---p 00000000 00:00 0 
7f04ac000000-7f04ac021000 rw-p 00000000 00:00 0 
7f04ac021000-7f04b0000000 ---p 00000000 00:00 0 
7f04b0000000-7f04b0021000 rw-p 00000000 00:00 0 
7f04b0021000-7f04b4000000 ---p 00000000 00:00 0 
7f04b4000000-7f04b4021000 rw-p 00000000 00:00 0 
7f04b4021000-7f04b8000000 ---p 00000000 00:00 0 
7f04b8000000-7f04b8021000 rw-p 00000000 00:00 0 
7f04b8021000-7f04bc000000 ---p 00000000 00:00 0 
7f04bc000000-7f04bc021000 rw-p 00000000 00:00 0 
7f04bc021000-7f04c0000000 ---p 00000000 00:00 0 
7f04c0000000-7f04c0021000 rw-p 00000000 00:00 0 
7f04c0021000-7f04c4000000 ---p 00000000 00:00 0 
7f04c4000000-7f04c4021000 rw-p 00000000 00:00 0 
7f04c4021000-7f04c8000000 ---p 00000000 00:00 0 
7f04cc000000-7f04cc021000 rw-p 00000000 00:00 0 
7f04cc021000-7f04d0000000 ---p 00000000 00:00 0 
7f04d4000000-7f04d4021000 rw-p 00000000 00:00 0 
7f04d4021000-7f04d8000000 ---p 00000000 00:00 0 
7f04d8c2c000-7f04d8e71000 rw-p 00000000 00:00 0 
7f04d8e71000-7f04d8e81000 r-xp 00000000 08:03 156805                     /usr/java/jdk1.7.0_40/jre/lib/amd64/libnio.so
7f04d8e81000-7f04d9081000 ---p 00010000 08:03 156805                     /usr/java/jdk1.7.0_40/jre/lib/amd64/libnio.so
7f04d9081000-7f04d9082000 rw-p 00010000 08:03 156805                     /usr/java/jdk1.7.0_40/jre/lib/amd64/libnio.so
7f04d9082000-7f04d9097000 r-xp 00000000 08:03 156765                     /usr/java/jdk1.7.0_40/jre/lib/amd64/libnet.so
7f04d9097000-7f04d9297000 ---p 00015000 08:03 156765                     /usr/java/jdk1.7.0_40/jre/lib/amd64/libnet.so
7f04d9297000-7f04d9298000 rw-p 00015000 08:03 156765                     /usr/java/jdk1.7.0_40/jre/lib/amd64/libnet.so
7f04d9298000-7f04d9299000 ---p 00000000 00:00 0 
7f04d9299000-7f04d9399000 rw-p 00000000 00:00 0                          [stack:2829]
7f04d9399000-7f04d939c000 ---p 00000000 00:00 0 
7f04d939c000-7f04d949a000 rw-p 00000000 00:00 0                          [stack:2828]
7f04d949a000-7f04d949d000 ---p 00000000 00:00 0 
7f04d949d000-7f04d959b000 rw-p 00000000 00:00 0                          [stack:2827]
7f04d959b000-7f04d959e000 ---p 00000000 00:00 0 
7f04d959e000-7f04d969c000 rw-p 00000000 00:00 0                          [stack:2826]
7f04d969c000-7f04d969f000 ---p 00000000 00:00 0 
7f04d969f000-7f04d979d000 rw-p 00000000 00:00 0                          [stack:2825]
7f04d979d000-7f04d9e80000 r--p 00000000 08:03 138899                     /usr/lib/locale/locale-archive
7f04d9e80000-7f04dc000000 rw-p 00000000 00:00 0 
7f04dc000000-7f04dc021000 rw-p 00000000 00:00 0 
7f04dc021000-7f04e0000000 ---p 00000000 00:00 0 
7f04e007e000-7f04e00af000 rw-p 00000000 00:00 0 
7f04e00af000-7f04e00b2000 ---p 00000000 00:00 0 
7f04e00b2000-7f04e01b0000 rw-p 00000000 00:00 0                          [stack:2824]
7f04e01b0000-7f04e01b3000 ---p 00000000 00:00 0 
7f04e01b3000-7f04e02b1000 rw-p 00000000 00:00 0                          [stack:2823]
7f04e02b1000-7f04e02b2000 ---p 00000000 00:00 0 
7f04e02b2000-7f04e1000000 rw-p 00000000 00:00 0                          [stack:2822]
7f04e1000000-7f04e1270000 rwxp 00000000 00:00 0 
7f04e1270000-7f04e40bc000 rw-p 00000000 00:00 0 
7f04e40bc000-7f04e8000000 ---p 00000000 00:00 0 
7f04e800f000-7f04e83c0000 rw-p 00000000 00:00 0 
7f04e83c0000-7f04e857d000 r--s 039d3000 08:03 156934                     /usr/java/jdk1.7.0_40/jre/lib/rt.jar
7f04e857d000-7f04e888e000 rw-p 00000000 00:00 0 
7f04e888e000-7f04e888f000 ---p 00000000 00:00 0 
7f04e888f000-7f04e898f000 rw-p 00000000 00:00 0                          [stack:2821]
7f04e898f000-7f04e8990000 ---p 00000000 00:00 0 
7f04e8990000-7f04e8a90000 rw-p 00000000 00:00 0                          [stack:2820]
7f04e8a90000-7f04e8a91000 ---p 00000000 00:00 0 
7f04e8a91000-7f04e8b91000 rw-p 00000000 00:00 0                          [stack:2819]
7f04e8b91000-7f04e8b92000 ---p 00000000 00:00 0 
7f04e8b92000-7f04e8c9d000 rw-p 00000000 00:00 0                          [stack:2818]
7f04e8c9d000-7f04e8cbb000 rw-p 00000000 00:00 0 
7f04e8cbb000-7f04e8d50000 rw-p 00000000 00:00 0 
7f04e8d50000-7f04e8e05000 rw-p 00000000 00:00 0 
7f04e8e05000-7f04e8e10000 rw-p 00000000 00:00 0 
7f04e8e10000-7f04e8e2e000 rw-p 00000000 00:00 0 
7f04e8e2e000-7f04e8ec3000 rw-p 00000000 00:00 0 
7f04e8ec3000-7f04e8f78000 rw-p 00000000 00:00 0 
7f04e8f78000-7f04e8f83000 rw-p 00000000 00:00 0 
7f04e8f83000-7f04e901d000 rw-p 00000000 00:00 0 
7f04e901d000-7f04e901e000 rw-p 00000000 00:00 0 
7f04e901e000-7f04e9038000 r-xp 00000000 08:03 156819                     /usr/java/jdk1.7.0_40/jre/lib/amd64/libzip.so
7f04e9038000-7f04e9238000 ---p 0001a000 08:03 156819                     /usr/java/jdk1.7.0_40/jre/lib/amd64/libzip.so
7f04e9238000-7f04e9239000 rw-p 0001a000 08:03 156819                     /usr/java/jdk1.7.0_40/jre/lib/amd64/libzip.so
7f04e9239000-7f04e9245000 r-xp 00000000 08:03 265805                     /lib/x86_64-linux-gnu/libnss_files-2.15.so
7f04e9245000-7f04e9444000 ---p 0000c000 08:03 265805                     /lib/x86_64-linux-gnu/libnss_files-2.15.so
7f04e9444000-7f04e9445000 r--p 0000b000 08:03 265805                     /lib/x86_64-linux-gnu/libnss_files-2.15.so
7f04e9445000-7f04e9446000 rw-p 0000c000 08:03 265805                     /lib/x86_64-linux-gnu/libnss_files-2.15.so
7f04e9446000-7f04e9450000 r-xp 00000000 08:03 265809                     /lib/x86_64-linux-gnu/libnss_nis-2.15.so
7f04e9450000-7f04e9650000 ---p 0000a000 08:03 265809                     /lib/x86_64-linux-gnu/libnss_nis-2.15.so
7f04e9650000-7f04e9651000 r--p 0000a000 08:03 265809                     /lib/x86_64-linux-gnu/libnss_nis-2.15.so
7f04e9651000-7f04e9652000 rw-p 0000b000 08:03 265809                     /lib/x86_64-linux-gnu/libnss_nis-2.15.so
7f04e9652000-7f04e9669000 r-xp 00000000 08:03 265799                     /lib/x86_64-linux-gnu/libnsl-2.15.so
7f04e9669000-7f04e9868000 ---p 00017000 08:03 265799                     /lib/x86_64-linux-gnu/libnsl-2.15.so
7f04e9868000-7f04e9869000 r--p 00016000 08:03 265799                     /lib/x86_64-linux-gnu/libnsl-2.15.so
7f04e9869000-7f04e986a000 rw-p 00017000 08:03 265799                     /lib/x86_64-linux-gnu/libnsl-2.15.so
7f04e986a000-7f04e986c000 rw-p 00000000 00:00 0 
7f04e986c000-7f04e9874000 r-xp 00000000 08:03 265801                     /lib/x86_64-linux-gnu/libnss_compat-2.15.so
7f04e9874000-7f04e9a73000 ---p 00008000 08:03 265801                     /lib/x86_64-linux-gnu/libnss_compat-2.15.so
7f04e9a73000-7f04e9a74000 r--p 00007000 08:03 265801                     /lib/x86_64-linux-gnu/libnss_compat-2.15.so
7f04e9a74000-7f04e9a75000 rw-p 00008000 08:03 265801                     /lib/x86_64-linux-gnu/libnss_compat-2.15.so
7f04e9a75000-7f04e9a9e000 r-xp 00000000 08:03 156802                     /usr/java/jdk1.7.0_40/jre/lib/amd64/libjava.so
7f04e9a9e000-7f04e9c9e000 ---p 00029000 08:03 156802                     /usr/java/jdk1.7.0_40/jre/lib/amd64/libjava.so
7f04e9c9e000-7f04e9ca0000 rw-p 00029000 08:03 156802                     /usr/java/jdk1.7.0_40/jre/lib/amd64/libjava.so
7f04e9ca0000-7f04e9cad000 r-xp 00000000 08:03 156764                     /usr/java/jdk1.7.0_40/jre/lib/amd64/libverify.so
7f04e9cad000-7f04e9eac000 ---p 0000d000 08:03 156764                     /usr/java/jdk1.7.0_40/jre/lib/amd64/libverify.so
7f04e9eac000-7f04e9eae000 rw-p 0000c000 08:03 156764                     /usr/java/jdk1.7.0_40/jre/lib/amd64/libverify.so
7f04e9eae000-7f04e9eb5000 r-xp 00000000 08:03 265840                     /lib/x86_64-linux-gnu/librt-2.15.so
7f04e9eb5000-7f04ea0b4000 ---p 00007000 08:03 265840                     /lib/x86_64-linux-gnu/librt-2.15.so
7f04ea0b4000-7f04ea0b5000 r--p 00006000 08:03 265840                     /lib/x86_64-linux-gnu/librt-2.15.so
7f04ea0b5000-7f04ea0b6000 rw-p 00007000 08:03 265840                     /lib/x86_64-linux-gnu/librt-2.15.so
7f04ea0b6000-7f04ea1b1000 r-xp 00000000 08:03 265786                     /lib/x86_64-linux-gnu/libm-2.15.so
7f04ea1b1000-7f04ea3b0000 ---p 000fb000 08:03 265786                     /lib/x86_64-linux-gnu/libm-2.15.so
7f04ea3b0000-7f04ea3b1000 r--p 000fa000 08:03 265786                     /lib/x86_64-linux-gnu/libm-2.15.so
7f04ea3b1000-7f04ea3b2000 rw-p 000fb000 08:03 265786                     /lib/x86_64-linux-gnu/libm-2.15.so
7f04ea3b2000-7f04eaf14000 r-xp 00000000 08:03 156778                     /usr/java/jdk1.7.0_40/jre/lib/amd64/server/libjvm.so
7f04eaf14000-7f04eb114000 ---p 00b62000 08:03 156778                     /usr/java/jdk1.7.0_40/jre/lib/amd64/server/libjvm.so
7f04eb114000-7f04eb1d7000 rw-p 00b62000 08:03 156778                     /usr/java/jdk1.7.0_40/jre/lib/amd64/server/libjvm.so
7f04eb1d7000-7f04eb218000 rw-p 00000000 00:00 0 
7f04eb218000-7f04eb3cd000 r-xp 00000000 08:03 265754                     /lib/x86_64-linux-gnu/libc-2.15.so
7f04eb3cd000-7f04eb5cc000 ---p 001b5000 08:03 265754                     /lib/x86_64-linux-gnu/libc-2.15.so
7f04eb5cc000-7f04eb5d0000 r--p 001b4000 08:03 265754                     /lib/x86_64-linux-gnu/libc-2.15.so
7f04eb5d0000-7f04eb5d2000 rw-p 001b8000 08:03 265754                     /lib/x86_64-linux-gnu/libc-2.15.so
7f04eb5d2000-7f04eb5d7000 rw-p 00000000 00:00 0 
7f04eb5d7000-7f04eb5d9000 r-xp 00000000 08:03 265767                     /lib/x86_64-linux-gnu/libdl-2.15.so
7f04eb5d9000-7f04eb7d9000 ---p 00002000 08:03 265767                     /lib/x86_64-linux-gnu/libdl-2.15.so
7f04eb7d9000-7f04eb7da000 r--p 00002000 08:03 265767                     /lib/x86_64-linux-gnu/libdl-2.15.so
7f04eb7da000-7f04eb7db000 rw-p 00003000 08:03 265767                     /lib/x86_64-linux-gnu/libdl-2.15.so
7f04eb7db000-7f04eb7f1000 r-xp 00000000 08:03 156793                     /usr/java/jdk1.7.0_40/jre/lib/amd64/jli/libjli.so
7f04eb7f1000-7f04eb9f1000 ---p 00016000 08:03 156793                     /usr/java/jdk1.7.0_40/jre/lib/amd64/jli/libjli.so
7f04eb9f1000-7f04eb9f2000 rw-p 00016000 08:03 156793                     /usr/java/jdk1.7.0_40/jre/lib/amd64/jli/libjli.so
7f04eb9f2000-7f04eba0a000 r-xp 00000000 08:03 265834                     /lib/x86_64-linux-gnu/libpthread-2.15.so
7f04eba0a000-7f04ebc09000 ---p 00018000 08:03 265834                     /lib/x86_64-linux-gnu/libpthread-2.15.so
7f04ebc09000-7f04ebc0a000 r--p 00017000 08:03 265834                     /lib/x86_64-linux-gnu/libpthread-2.15.so
7f04ebc0a000-7f04ebc0b000 rw-p 00018000 08:03 265834                     /lib/x86_64-linux-gnu/libpthread-2.15.so
7f04ebc0b000-7f04ebc0f000 rw-p 00000000 00:00 0 
7f04ebc0f000-7f04ebc31000 r-xp 00000000 08:03 265734                     /lib/x86_64-linux-gnu/ld-2.15.so
7f04ebc44000-7f04ebc63000 rw-p 00000000 00:00 0 
7f04ebc63000-7f04ebd19000 rw-p 00000000 00:00 0 
7f04ebd19000-7f04ebd1c000 ---p 00000000 00:00 0 
7f04ebd1c000-7f04ebe1e000 rw-p 00000000 00:00 0                          [stack:2817]
7f04ebe23000-7f04ebe25000 rw-p 00000000 00:00 0 
7f04ebe25000-7f04ebe2d000 rw-s 00000000 08:03 4231                       /tmp/hsperfdata_andrei/2816
7f04ebe2d000-7f04ebe2e000 rw-p 00000000 00:00 0 
7f04ebe2e000-7f04ebe2f000 r--p 00000000 00:00 0 
7f04ebe2f000-7f04ebe31000 rw-p 00000000 00:00 0 
7f04ebe31000-7f04ebe32000 r--p 00022000 08:03 265734                     /lib/x86_64-linux-gnu/ld-2.15.so
7f04ebe32000-7f04ebe34000 rw-p 00023000 08:03 265734                     /lib/x86_64-linux-gnu/ld-2.15.so
7ffffaf33000-7ffffaf54000 rw-p 00000000 00:00 0                          [stack]
7ffffaffe000-7ffffb000000 r-xp 00000000 00:00 0                          [vdso]
ffffffffff600000-ffffffffff601000 r-xp 00000000 00:00 0                  [vsyscall]

VM Arguments:
jvm_args: -XX:ErrorFile=src/demo3/hs_err_pid2315.log 
java_command: demo3.MappedFile
Launcher Type: SUN_STANDARD

Environment Variables:
PATH=/usr/lib/lightdm/lightdm:/usr/local/sbin:/usr/local/bin:/usr/sbin:/usr/bin:/sbin:/bin:/usr/games:/usr/java/jdk1.7.0_40/bin
SHELL=/bin/bash
DISPLAY=:0

Signal Handlers:
SIGSEGV: [libjvm.so+0x992d50], sa_mask[0]=0x7ffbfeff, sa_flags=0x10000004
SIGBUS: [libjvm.so+0x992d50], sa_mask[0]=0x7ffbfeff, sa_flags=0x10000004
SIGFPE: [libjvm.so+0x80fb00], sa_mask[0]=0x7ffbfeff, sa_flags=0x10000004
SIGPIPE: [libjvm.so+0x80fb00], sa_mask[0]=0x7ffbfeff, sa_flags=0x10000004
SIGXFSZ: [libjvm.so+0x80fb00], sa_mask[0]=0x7ffbfeff, sa_flags=0x10000004
SIGILL: [libjvm.so+0x80fb00], sa_mask[0]=0x7ffbfeff, sa_flags=0x10000004
SIGUSR1: SIG_DFL, sa_mask[0]=0x00000000, sa_flags=0x00000000
SIGUSR2: [libjvm.so+0x810ff0], sa_mask[0]=0x00000000, sa_flags=0x10000004
SIGHUP: [libjvm.so+0x811f60], sa_mask[0]=0x7ffbfeff, sa_flags=0x10000004
SIGINT: [libjvm.so+0x811f60], sa_mask[0]=0x7ffbfeff, sa_flags=0x10000004
SIGTERM: [libjvm.so+0x811f60], sa_mask[0]=0x7ffbfeff, sa_flags=0x10000004
SIGQUIT: [libjvm.so+0x811f60], sa_mask[0]=0x7ffbfeff, sa_flags=0x10000004


---------------  S Y S T E M  ---------------

OS:wheezy/sid

uname:Linux 3.8.0-31-generic #46~precise1-Ubuntu SMP Wed Sep 11 18:21:16 UTC 2013 x86_64
libc:glibc 2.15 NPTL 2.15 
rlimit: STACK 8192k, CORE 0k, NPROC 31484, NOFILE 4096, AS infinity
load average:0.15 0.08 0.06

/proc/meminfo:
MemTotal:        4048960 kB
MemFree:          784384 kB
Buffers:           78388 kB
Cached:          2496420 kB
SwapCached:            0 kB
Active:           798828 kB
Inactive:        2309788 kB
Active(anon):     534424 kB
Inactive(anon):  2027100 kB
Active(file):     264404 kB
Inactive(file):   282688 kB
Unevictable:           0 kB
Mlocked:               0 kB
SwapTotal:       1500156 kB
SwapFree:        1500156 kB
Dirty:                40 kB
Writeback:             0 kB
AnonPages:        533872 kB
Mapped:          2110804 kB
Shmem:           2027720 kB
Slab:              81448 kB
SReclaimable:      61992 kB
SUnreclaim:        19456 kB
KernelStack:        2912 kB
PageTables:        26988 kB
NFS_Unstable:          0 kB
Bounce:                0 kB
WritebackTmp:          0 kB
CommitLimit:     3524636 kB
Committed_AS:    4336380 kB
VmallocTotal:   34359738367 kB
VmallocUsed:       53544 kB
VmallocChunk:   34359684599 kB
HardwareCorrupted:     0 kB
AnonHugePages:         0 kB
HugePages_Total:       0
HugePages_Free:        0
HugePages_Rsvd:        0
HugePages_Surp:        0
Hugepagesize:       2048 kB
DirectMap4k:       49088 kB
DirectMap2M:     4145152 kB


CPU:total 4 (4 cores per cpu, 1 threads per core) family 6 model 58 stepping 9, cmov, cx8, fxsr, mmx, sse, sse2, sse3, ssse3, tsc

/proc/cpuinfo:
processor	: 0
vendor_id	: GenuineIntel
cpu family	: 6
model		: 58
model name	: Intel(R) Core(TM) i7-3517U CPU @ 1.90GHz
stepping	: 9
cpu MHz		: 2298.275
cache size	: 6144 KB
physical id	: 0
siblings	: 4
core id		: 0
cpu cores	: 4
apicid		: 0
initial apicid	: 0
fpu		: yes
fpu_exception	: yes
cpuid level	: 5
wp		: yes
flags		: fpu vme de pse tsc msr pae mce cx8 apic sep mtrr pge mca cmov pat pse36 clflush mmx fxsr sse sse2 ht syscall nx rdtscp lm constant_tsc rep_good nopl pni ssse3 lahf_lm
bogomips	: 4596.55
clflush size	: 64
cache_alignment	: 64
address sizes	: 36 bits physical, 48 bits virtual
power management:

processor	: 1
vendor_id	: GenuineIntel
cpu family	: 6
model		: 58
model name	: Intel(R) Core(TM) i7-3517U CPU @ 1.90GHz
stepping	: 9
cpu MHz		: 2298.275
cache size	: 6144 KB
physical id	: 0
siblings	: 4
core id		: 1
cpu cores	: 4
apicid		: 1
initial apicid	: 1
fpu		: yes
fpu_exception	: yes
cpuid level	: 5
wp		: yes
flags		: fpu vme de pse tsc msr pae mce cx8 apic sep mtrr pge mca cmov pat pse36 clflush mmx fxsr sse sse2 ht syscall nx rdtscp lm constant_tsc rep_good nopl pni ssse3 lahf_lm
bogomips	: 4596.55
clflush size	: 64
cache_alignment	: 64
address sizes	: 36 bits physical, 48 bits virtual
power management:

processor	: 2
vendor_id	: GenuineIntel
cpu family	: 6
model		: 58
model name	: Intel(R) Core(TM) i7-3517U CPU @ 1.90GHz
stepping	: 9
cpu MHz		: 2298.275
cache size	: 6144 KB
physical id	: 0
siblings	: 4
core id		: 2
cpu cores	: 4
apicid		: 2
initial apicid	: 2
fpu		: yes
fpu_exception	: yes
cpuid level	: 5
wp		: yes
flags		: fpu vme de pse tsc msr pae mce cx8 apic sep mtrr pge mca cmov pat pse36 clflush mmx fxsr sse sse2 ht syscall nx rdtscp lm constant_tsc rep_good nopl pni ssse3 lahf_lm
bogomips	: 4596.55
clflush size	: 64
cache_alignment	: 64
address sizes	: 36 bits physical, 48 bits virtual
power management:

processor	: 3
vendor_id	: GenuineIntel
cpu family	: 6
model		: 58
model name	: Intel(R) Core(TM) i7-3517U CPU @ 1.90GHz
stepping	: 9
cpu MHz		: 2298.275
cache size	: 6144 KB
physical id	: 0
siblings	: 4
core id		: 3
cpu cores	: 4
apicid		: 3
initial apicid	: 3
fpu		: yes
fpu_exception	: yes
cpuid level	: 5
wp		: yes
flags		: fpu vme de pse tsc msr pae mce cx8 apic sep mtrr pge mca cmov pat pse36 clflush mmx fxsr sse sse2 ht syscall nx rdtscp lm constant_tsc rep_good nopl pni ssse3 lahf_lm
bogomips	: 4596.55
clflush size	: 64
cache_alignment	: 64
address sizes	: 36 bits physical, 48 bits virtual
power management:



Memory: 4k page, physical 4048960k(784384k free), swap 1500156k(1500156k free)

vm_info: Java HotSpot(TM) 64-Bit Server VM (24.0-b56) for linux-amd64 JRE (1.7.0_40-b43), built on Aug 26 2013 23:53:33 by "java_re" with gcc 4.3.0 20080428 (Red Hat 4.3.0-8)

time: Sat Oct 19 16:33:54 2013
elapsed time: 2 seconds

