#
# A fatal error has been detected by the Java Runtime Environment:
#
#  SIGSEGV (0xb) at pc=0x0000000000000000, pid=2861, tid=139646609204992
#
# JRE version: Java(TM) SE Runtime Environment (7.0_40-b43) (build 1.7.0_40-b43)
# Java VM: Java HotSpot(TM) 64-Bit Server VM (24.0-b56 mixed mode linux-amd64 compressed oops)
# Problematic frame:
# C  0x0000000000000000
#
# Failed to write core dump. Core dumps have been disabled. To enable core dumping, try "ulimit -c unlimited" before starting Java again
#
# If you would like to submit a bug report, please visit:
#   http://bugreport.sun.com/bugreport/crash.jsp
# The crash happened outside the Java Virtual Machine in native code.
# See problematic frame for where to report the bug.
#

---------------  T H R E A D  ---------------

Current thread (0x00007f01fc009800):  JavaThread "main" [_thread_in_native, id=2862, stack(0x00007f0202792000,0x00007f0202893000)]

siginfo:si_signo=SIGSEGV: si_errno=0, si_code=1 (SEGV_MAPERR), si_addr=0x0000000000000000

Registers:
RAX=0x00007f01ebcfc020, RBX=0x00000000bd250e48, RCX=0x0000000000000002, RDX=0x0000000000000001
RSP=0x00007f0202891808, RBP=0x00007f02028918c8, RSI=0x0000000000000003, RDI=0x00007f01fc0099e8
R8 =0x0000000000000003, R9 =0x0000000000000003, R10=0x00007f01f89de70c, R11=0x00007f02016d2260
R12=0x0000000000000000, R13=0x00000000bd250e48, R14=0x00007f0202891940, R15=0x00007f01fc009800
RIP=0x0000000000000000, EFLAGS=0x0000000000010206, CSGSFS=0x0000000000000033, ERR=0x0000000000000014
  TRAPNO=0x000000000000000e

Top of Stack: (sp=0x00007f0202891808)
0x00007f0202891808:   00007f01ebafb613 00000000bd0a6150
0x00007f0202891818:   00007f01f89de738 0000000000000005
0x00007f0202891828:   0000000000000006 00007f0202891860
0x00007f0202891838:   00007f02028918c8 00007f01f89d2058
0x00007f0202891848:   00000000eb64b5d0 0000000000000000
0x00007f0202891858:   00000000eb640b28 0000000000000000
0x00007f0202891868:   00000000eb64ab38 00000000eb64a980
0x00007f0202891878:   0000000000000001 00007f01fc009800
0x00007f0202891888:   00007f0202891888 00000000bd250e48
0x00007f0202891898:   00007f0202891940 00000000bd2511d0
0x00007f02028918a8:   0000000000000000 00000000bd250e48
0x00007f02028918b8:   0000000000000000 00007f02028918e8
0x00007f02028918c8:   00007f0202891988 00007f01f89d2175
0x00007f02028918d8:   00000000eb64a980 00007f01f89dacd7
0x00007f02028918e8:   0000000000000006 00000000eb615708
0x00007f02028918f8:   0000000000000005 00000000bd01fae7
0x00007f0202891908:   0000000000000004 00000000bd0abe70
0x00007f0202891918:   0000000000000003 00000000bd01faf8
0x00007f0202891928:   0000000000000002 00007f0202891948
0x00007f0202891938:   0000000000000001 00007f01f89d2058
0x00007f0202891948:   00007f0202891948 00000000bd250d58
0x00007f0202891958:   00007f02028919a8 00000000bd2511d0
0x00007f0202891968:   0000000000000000 00000000bd250d88
0x00007f0202891978:   00007f02028918e8 00007f02028919a8
0x00007f0202891988:   00007f0202891a10 00007f01f89cc4e7
0x00007f0202891998:   0000000000000000 0000000000000000
0x00007f02028919a8:   00000000eb64bae0 00007f0200001fa0
0x00007f02028919b8:   00007f0202891d00 00007f0202891a90
0x00007f02028919c8:   00007f0202891b70 00007f01fc009800
0x00007f02028919d8:   00007f01fc00a550 00007f0202891a50
0x00007f02028919e8:   00007f0202891d08 00007f010000000a
0x00007f02028919f8:   00000000bd250d88 00007f01f89dc2a0 

Instructions: (pc=0x0000000000000000)
0xffffffffffffffe0:   

Register to memory mapping:

RAX=0x00007f01ebcfc020: distanceFunc+0 in /media/crash/lib/libdistance.so at 0x00007f01ebafb000
RBX=0x00000000bd250e48 is an oop
{method} 
 - klass: {other class}
RCX=0x0000000000000002 is an unknown value
RDX=0x0000000000000001 is an unknown value
RSP=0x00007f0202891808 is pointing into the stack for thread: 0x00007f01fc009800
RBP=0x00007f02028918c8 is pointing into the stack for thread: 0x00007f01fc009800
RSI=0x0000000000000003 is an unknown value
RDI=0x00007f01fc0099e8 is an unknown value
R8 =0x0000000000000003 is an unknown value
R9 =0x0000000000000003 is an unknown value
R10=0x00007f01f89de70c is at code_begin+620 in an Interpreter codelet
method entry point (kind = native)  [0x00007f01f89de4a0, 0x00007f01f89ded00]  2144 bytes
R11=0x00007f02016d2260: <offset 0x8a7260> in /usr/java/jdk1.7.0_40/jre/lib/amd64/server/libjvm.so at 0x00007f0200e2b000
R12=0x0000000000000000 is an unknown value
R13=0x00000000bd250e48 is an oop
{method} 
 - klass: {other class}
R14=0x00007f0202891940 is pointing into the stack for thread: 0x00007f01fc009800
R15=0x00007f01fc009800 is a thread


Stack: [0x00007f0202792000,0x00007f0202893000],  sp=0x00007f0202891808,  free space=1022k
Java frames: (J=compiled Java code, j=interpreted, Vv=VM code)
j  demo5.NativeDistance.distance(JJJJJJ)J+0
j  demo5.NativeDistance.main([Ljava/lang/String;)V+16
v  ~StubRoutines::call_stub

---------------  P R O C E S S  ---------------

Java Threads: ( => current thread )
  0x00007f01fc096000 JavaThread "Service Thread" daemon [_thread_blocked, id=2873, stack(0x00007f01ebdfe000,0x00007f01ebeff000)]
  0x00007f01fc093800 JavaThread "C2 CompilerThread1" daemon [_thread_blocked, id=2872, stack(0x00007f01ebeff000,0x00007f01ec000000)]
  0x00007f01fc090800 JavaThread "C2 CompilerThread0" daemon [_thread_blocked, id=2871, stack(0x00007f01f00b1000,0x00007f01f01b2000)]
  0x00007f01fc08e800 JavaThread "Signal Dispatcher" daemon [_thread_blocked, id=2870, stack(0x00007f01f01b2000,0x00007f01f02b3000)]
  0x00007f01fc06f800 JavaThread "Finalizer" daemon [_thread_blocked, id=2869, stack(0x00007f01f0996000,0x00007f01f0a97000)]
  0x00007f01fc06b800 JavaThread "Reference Handler" daemon [_thread_blocked, id=2868, stack(0x00007f01f0a97000,0x00007f01f0b98000)]
=>0x00007f01fc009800 JavaThread "main" [_thread_in_native, id=2862, stack(0x00007f0202792000,0x00007f0202893000)]

Other Threads:
  0x00007f01fc069000 VMThread [stack: 0x00007f01f0b98000,0x00007f01f0c99000] [id=2867]
  0x00007f01fc0a0800 WatcherThread [stack: 0x00007f01ebcfd000,0x00007f01ebdfe000] [id=2874]

VM state:not at safepoint (normal execution)

VM Mutex/Monitor currently owned by a thread: None

Heap
 PSYoungGen      total 18944K, used 327K [0x00000000eb600000, 0x00000000ecb00000, 0x0000000100000000)
  eden space 16384K, 2% used [0x00000000eb600000,0x00000000eb651f28,0x00000000ec600000)
  from space 2560K, 0% used [0x00000000ec880000,0x00000000ec880000,0x00000000ecb00000)
  to   space 2560K, 0% used [0x00000000ec600000,0x00000000ec600000,0x00000000ec880000)
 ParOldGen       total 41984K, used 0K [0x00000000c2200000, 0x00000000c4b00000, 0x00000000eb600000)
  object space 41984K, 0% used [0x00000000c2200000,0x00000000c2200000,0x00000000c4b00000)
 PSPermGen       total 21504K, used 2375K [0x00000000bd000000, 0x00000000be500000, 0x00000000c2200000)
  object space 21504K, 11% used [0x00000000bd000000,0x00000000bd251fa0,0x00000000be500000)

Card table byte_map: [0x00007f01f87b3000,0x00007f01f89cc000] byte_map_base: 0x00007f01f81cb000

Polling page: 0x00007f02028a7000

Code Cache  [0x00007f01f89cc000, 0x00007f01f8c3c000, 0x00007f01fb9cc000)
 total_blobs=164 nmethods=0 adapters=134 free_code_cache=48775Kb largest_free_block=49945920

Compilation events (0 events):
No events

GC Heap History (0 events):
No events

Deoptimization events (0 events):
No events

Internal exceptions (2 events):
Event: 0.118 Thread 0x00007f01fc009800 Threw 0x00000000eb6102d8 at /HUDSON/workspace/jdk7u40-2-build-linux-amd64-product/jdk7u40/hotspot/src/share/vm/prims/jni.cpp:3991
Event: 0.249 Thread 0x00007f01fc009800 Threw 0x00000000eb645b40 at /HUDSON/workspace/jdk7u40-2-build-linux-amd64-product/jdk7u40/hotspot/src/share/vm/prims/jvm.cpp:1244

Events (10 events):
Event: 0.278 loading class 0x00007f0200074490
Event: 0.278 loading class 0x00007f0200074490 done
Event: 0.278 loading class 0x00007f0200074520
Event: 0.278 loading class 0x00007f0200074520 done
Event: 0.278 loading class 0x00007f0200043a50
Event: 0.279 loading class 0x00007f0200043a50 done
Event: 0.282 loading class 0x00007f020002bcd0
Event: 0.282 loading class 0x00007f020002bcd0 done
Event: 0.282 loading class 0x00007f020002bc70
Event: 0.283 loading class 0x00007f020002bc70 done


Dynamic libraries:
00400000-00401000 r-xp 00000000 08:03 156103                             /usr/java/jdk1.7.0_40/bin/java
00600000-00601000 rw-p 00000000 08:03 156103                             /usr/java/jdk1.7.0_40/bin/java
02160000-02181000 rw-p 00000000 00:00 0                                  [heap]
bd000000-be500000 rw-p 00000000 00:00 0 
be500000-c2200000 rw-p 00000000 00:00 0 
c2200000-c4b00000 rw-p 00000000 00:00 0 
c4b00000-eb600000 rw-p 00000000 00:00 0 
eb600000-ecb00000 rw-p 00000000 00:00 0 
ecb00000-100000000 rw-p 00000000 00:00 0 
7f01bc000000-7f01bc021000 rw-p 00000000 00:00 0 
7f01bc021000-7f01c0000000 ---p 00000000 00:00 0 
7f01c4000000-7f01c4021000 rw-p 00000000 00:00 0 
7f01c4021000-7f01c8000000 ---p 00000000 00:00 0 
7f01c8000000-7f01c8021000 rw-p 00000000 00:00 0 
7f01c8021000-7f01cc000000 ---p 00000000 00:00 0 
7f01cc000000-7f01cc021000 rw-p 00000000 00:00 0 
7f01cc021000-7f01d0000000 ---p 00000000 00:00 0 
7f01d0000000-7f01d0021000 rw-p 00000000 00:00 0 
7f01d0021000-7f01d4000000 ---p 00000000 00:00 0 
7f01d4000000-7f01d4021000 rw-p 00000000 00:00 0 
7f01d4021000-7f01d8000000 ---p 00000000 00:00 0 
7f01d8000000-7f01d8021000 rw-p 00000000 00:00 0 
7f01d8021000-7f01dc000000 ---p 00000000 00:00 0 
7f01dc000000-7f01dc021000 rw-p 00000000 00:00 0 
7f01dc021000-7f01e0000000 ---p 00000000 00:00 0 
7f01e0000000-7f01e0021000 rw-p 00000000 00:00 0 
7f01e0021000-7f01e4000000 ---p 00000000 00:00 0 
7f01e4000000-7f01e4021000 rw-p 00000000 00:00 0 
7f01e4021000-7f01e8000000 ---p 00000000 00:00 0 
7f01ebafb000-7f01ebafc000 r-xp 00000000 00:14 55                         /media/crash/lib/libdistance.so
7f01ebafc000-7f01ebcfb000 ---p 00001000 00:14 55                         /media/crash/lib/libdistance.so
7f01ebcfb000-7f01ebcfc000 r--p 00000000 00:14 55                         /media/crash/lib/libdistance.so
7f01ebcfc000-7f01ebcfd000 rw-p 00001000 00:14 55                         /media/crash/lib/libdistance.so
7f01ebcfd000-7f01ebcfe000 ---p 00000000 00:00 0 
7f01ebcfe000-7f01ebdfe000 rw-p 00000000 00:00 0                          [stack:2874]
7f01ebdfe000-7f01ebe01000 ---p 00000000 00:00 0 
7f01ebe01000-7f01ebeff000 rw-p 00000000 00:00 0                          [stack:2873]
7f01ebeff000-7f01ebf02000 ---p 00000000 00:00 0 
7f01ebf02000-7f01ec000000 rw-p 00000000 00:00 0                          [stack:2872]
7f01ec000000-7f01ec021000 rw-p 00000000 00:00 0 
7f01ec021000-7f01f0000000 ---p 00000000 00:00 0 
7f01f00b1000-7f01f00b4000 ---p 00000000 00:00 0 
7f01f00b4000-7f01f01b2000 rw-p 00000000 00:00 0                          [stack:2871]
7f01f01b2000-7f01f01b5000 ---p 00000000 00:00 0 
7f01f01b5000-7f01f02b3000 rw-p 00000000 00:00 0                          [stack:2870]
7f01f02b3000-7f01f0996000 r--p 00000000 08:03 138899                     /usr/lib/locale/locale-archive
7f01f0996000-7f01f0999000 ---p 00000000 00:00 0 
7f01f0999000-7f01f0a97000 rw-p 00000000 00:00 0                          [stack:2869]
7f01f0a97000-7f01f0a9a000 ---p 00000000 00:00 0 
7f01f0a9a000-7f01f0b98000 rw-p 00000000 00:00 0                          [stack:2868]
7f01f0b98000-7f01f0b99000 ---p 00000000 00:00 0 
7f01f0b99000-7f01f1c4d000 rw-p 00000000 00:00 0                          [stack:2867]
7f01f1c4d000-7f01f1e0a000 r--s 039d3000 08:03 156934                     /usr/java/jdk1.7.0_40/jre/lib/rt.jar
7f01f1e0a000-7f01f4000000 rw-p 00000000 00:00 0 
7f01f4000000-7f01f4021000 rw-p 00000000 00:00 0 
7f01f4021000-7f01f8000000 ---p 00000000 00:00 0 
7f01f8002000-7f01f8265000 rw-p 00000000 00:00 0 
7f01f8265000-7f01f8266000 ---p 00000000 00:00 0 
7f01f8266000-7f01f8366000 rw-p 00000000 00:00 0                          [stack:2866]
7f01f8366000-7f01f8367000 ---p 00000000 00:00 0 
7f01f8367000-7f01f8467000 rw-p 00000000 00:00 0                          [stack:2865]
7f01f8467000-7f01f8468000 ---p 00000000 00:00 0 
7f01f8468000-7f01f8568000 rw-p 00000000 00:00 0                          [stack:2864]
7f01f8568000-7f01f8569000 ---p 00000000 00:00 0 
7f01f8569000-7f01f867e000 rw-p 00000000 00:00 0                          [stack:2863]
7f01f867e000-7f01f87b3000 rw-p 00000000 00:00 0 
7f01f87b3000-7f01f87be000 rw-p 00000000 00:00 0 
7f01f87be000-7f01f87dc000 rw-p 00000000 00:00 0 
7f01f87dc000-7f01f87f1000 rw-p 00000000 00:00 0 
7f01f87f1000-7f01f8926000 rw-p 00000000 00:00 0 
7f01f8926000-7f01f8931000 rw-p 00000000 00:00 0 
7f01f8931000-7f01f89cb000 rw-p 00000000 00:00 0 
7f01f89cb000-7f01f89cc000 rw-p 00000000 00:00 0 
7f01f89cc000-7f01f8c3c000 rwxp 00000000 00:00 0 
7f01f8c3c000-7f01fb9cc000 rw-p 00000000 00:00 0 
7f01fb9cc000-7f01fb9e6000 r-xp 00000000 08:03 156819                     /usr/java/jdk1.7.0_40/jre/lib/amd64/libzip.so
7f01fb9e6000-7f01fbbe6000 ---p 0001a000 08:03 156819                     /usr/java/jdk1.7.0_40/jre/lib/amd64/libzip.so
7f01fbbe6000-7f01fbbe7000 rw-p 0001a000 08:03 156819                     /usr/java/jdk1.7.0_40/jre/lib/amd64/libzip.so
7f01fbbe7000-7f01fbbf3000 r-xp 00000000 08:03 265805                     /lib/x86_64-linux-gnu/libnss_files-2.15.so
7f01fbbf3000-7f01fbdf2000 ---p 0000c000 08:03 265805                     /lib/x86_64-linux-gnu/libnss_files-2.15.so
7f01fbdf2000-7f01fbdf3000 r--p 0000b000 08:03 265805                     /lib/x86_64-linux-gnu/libnss_files-2.15.so
7f01fbdf3000-7f01fbdf4000 rw-p 0000c000 08:03 265805                     /lib/x86_64-linux-gnu/libnss_files-2.15.so
7f01fbdf4000-7f01fbdfe000 r-xp 00000000 08:03 265809                     /lib/x86_64-linux-gnu/libnss_nis-2.15.so
7f01fbdfe000-7f01fbffe000 ---p 0000a000 08:03 265809                     /lib/x86_64-linux-gnu/libnss_nis-2.15.so
7f01fbffe000-7f01fbfff000 r--p 0000a000 08:03 265809                     /lib/x86_64-linux-gnu/libnss_nis-2.15.so
7f01fbfff000-7f01fc000000 rw-p 0000b000 08:03 265809                     /lib/x86_64-linux-gnu/libnss_nis-2.15.so
7f01fc000000-7f01fc0a8000 rw-p 00000000 00:00 0 
7f01fc0a8000-7f0200000000 ---p 00000000 00:00 0 
7f020001f000-7f02000ad000 rw-p 00000000 00:00 0 
7f02000ad000-7f02000cb000 rw-p 00000000 00:00 0 
7f02000cb000-7f02000e2000 r-xp 00000000 08:03 265799                     /lib/x86_64-linux-gnu/libnsl-2.15.so
7f02000e2000-7f02002e1000 ---p 00017000 08:03 265799                     /lib/x86_64-linux-gnu/libnsl-2.15.so
7f02002e1000-7f02002e2000 r--p 00016000 08:03 265799                     /lib/x86_64-linux-gnu/libnsl-2.15.so
7f02002e2000-7f02002e3000 rw-p 00017000 08:03 265799                     /lib/x86_64-linux-gnu/libnsl-2.15.so
7f02002e3000-7f02002e5000 rw-p 00000000 00:00 0 
7f02002e5000-7f02002ed000 r-xp 00000000 08:03 265801                     /lib/x86_64-linux-gnu/libnss_compat-2.15.so
7f02002ed000-7f02004ec000 ---p 00008000 08:03 265801                     /lib/x86_64-linux-gnu/libnss_compat-2.15.so
7f02004ec000-7f02004ed000 r--p 00007000 08:03 265801                     /lib/x86_64-linux-gnu/libnss_compat-2.15.so
7f02004ed000-7f02004ee000 rw-p 00008000 08:03 265801                     /lib/x86_64-linux-gnu/libnss_compat-2.15.so
7f02004ee000-7f0200517000 r-xp 00000000 08:03 156802                     /usr/java/jdk1.7.0_40/jre/lib/amd64/libjava.so
7f0200517000-7f0200717000 ---p 00029000 08:03 156802                     /usr/java/jdk1.7.0_40/jre/lib/amd64/libjava.so
7f0200717000-7f0200719000 rw-p 00029000 08:03 156802                     /usr/java/jdk1.7.0_40/jre/lib/amd64/libjava.so
7f0200719000-7f0200726000 r-xp 00000000 08:03 156764                     /usr/java/jdk1.7.0_40/jre/lib/amd64/libverify.so
7f0200726000-7f0200925000 ---p 0000d000 08:03 156764                     /usr/java/jdk1.7.0_40/jre/lib/amd64/libverify.so
7f0200925000-7f0200927000 rw-p 0000c000 08:03 156764                     /usr/java/jdk1.7.0_40/jre/lib/amd64/libverify.so
7f0200927000-7f020092e000 r-xp 00000000 08:03 265840                     /lib/x86_64-linux-gnu/librt-2.15.so
7f020092e000-7f0200b2d000 ---p 00007000 08:03 265840                     /lib/x86_64-linux-gnu/librt-2.15.so
7f0200b2d000-7f0200b2e000 r--p 00006000 08:03 265840                     /lib/x86_64-linux-gnu/librt-2.15.so
7f0200b2e000-7f0200b2f000 rw-p 00007000 08:03 265840                     /lib/x86_64-linux-gnu/librt-2.15.so
7f0200b2f000-7f0200c2a000 r-xp 00000000 08:03 265786                     /lib/x86_64-linux-gnu/libm-2.15.so
7f0200c2a000-7f0200e29000 ---p 000fb000 08:03 265786                     /lib/x86_64-linux-gnu/libm-2.15.so
7f0200e29000-7f0200e2a000 r--p 000fa000 08:03 265786                     /lib/x86_64-linux-gnu/libm-2.15.so
7f0200e2a000-7f0200e2b000 rw-p 000fb000 08:03 265786                     /lib/x86_64-linux-gnu/libm-2.15.so
7f0200e2b000-7f020198d000 r-xp 00000000 08:03 156778                     /usr/java/jdk1.7.0_40/jre/lib/amd64/server/libjvm.so
7f020198d000-7f0201b8d000 ---p 00b62000 08:03 156778                     /usr/java/jdk1.7.0_40/jre/lib/amd64/server/libjvm.so
7f0201b8d000-7f0201c50000 rw-p 00b62000 08:03 156778                     /usr/java/jdk1.7.0_40/jre/lib/amd64/server/libjvm.so
7f0201c50000-7f0201c91000 rw-p 00000000 00:00 0 
7f0201c91000-7f0201e46000 r-xp 00000000 08:03 265754                     /lib/x86_64-linux-gnu/libc-2.15.so
7f0201e46000-7f0202045000 ---p 001b5000 08:03 265754                     /lib/x86_64-linux-gnu/libc-2.15.so
7f0202045000-7f0202049000 r--p 001b4000 08:03 265754                     /lib/x86_64-linux-gnu/libc-2.15.so
7f0202049000-7f020204b000 rw-p 001b8000 08:03 265754                     /lib/x86_64-linux-gnu/libc-2.15.so
7f020204b000-7f0202050000 rw-p 00000000 00:00 0 
7f0202050000-7f0202052000 r-xp 00000000 08:03 265767                     /lib/x86_64-linux-gnu/libdl-2.15.so
7f0202052000-7f0202252000 ---p 00002000 08:03 265767                     /lib/x86_64-linux-gnu/libdl-2.15.so
7f0202252000-7f0202253000 r--p 00002000 08:03 265767                     /lib/x86_64-linux-gnu/libdl-2.15.so
7f0202253000-7f0202254000 rw-p 00003000 08:03 265767                     /lib/x86_64-linux-gnu/libdl-2.15.so
7f0202254000-7f020226a000 r-xp 00000000 08:03 156793                     /usr/java/jdk1.7.0_40/jre/lib/amd64/jli/libjli.so
7f020226a000-7f020246a000 ---p 00016000 08:03 156793                     /usr/java/jdk1.7.0_40/jre/lib/amd64/jli/libjli.so
7f020246a000-7f020246b000 rw-p 00016000 08:03 156793                     /usr/java/jdk1.7.0_40/jre/lib/amd64/jli/libjli.so
7f020246b000-7f0202483000 r-xp 00000000 08:03 265834                     /lib/x86_64-linux-gnu/libpthread-2.15.so
7f0202483000-7f0202682000 ---p 00018000 08:03 265834                     /lib/x86_64-linux-gnu/libpthread-2.15.so
7f0202682000-7f0202683000 r--p 00017000 08:03 265834                     /lib/x86_64-linux-gnu/libpthread-2.15.so
7f0202683000-7f0202684000 rw-p 00018000 08:03 265834                     /lib/x86_64-linux-gnu/libpthread-2.15.so
7f0202684000-7f0202688000 rw-p 00000000 00:00 0 
7f0202688000-7f02026aa000 r-xp 00000000 08:03 265734                     /lib/x86_64-linux-gnu/ld-2.15.so
7f02026bd000-7f02026dc000 rw-p 00000000 00:00 0 
7f02026dc000-7f0202792000 rw-p 00000000 00:00 0 
7f0202792000-7f0202795000 ---p 00000000 00:00 0 
7f0202795000-7f0202897000 rw-p 00000000 00:00 0                          [stack:2862]
7f020289e000-7f02028a6000 rw-s 00000000 08:03 4231                       /tmp/hsperfdata_andrei/2861
7f02028a6000-7f02028a7000 rw-p 00000000 00:00 0 
7f02028a7000-7f02028a8000 r--p 00000000 00:00 0 
7f02028a8000-7f02028aa000 rw-p 00000000 00:00 0 
7f02028aa000-7f02028ab000 r--p 00022000 08:03 265734                     /lib/x86_64-linux-gnu/ld-2.15.so
7f02028ab000-7f02028ad000 rw-p 00023000 08:03 265734                     /lib/x86_64-linux-gnu/ld-2.15.so
7fff0a556000-7fff0a577000 rw-p 00000000 00:00 0                          [stack]
7fff0a5fe000-7fff0a600000 r-xp 00000000 00:00 0                          [vdso]
ffffffffff600000-ffffffffff601000 r-xp 00000000 00:00 0                  [vsyscall]

VM Arguments:
jvm_args: -Djava.library.path=/media/crash/lib -XX:ErrorFile=src/demo5/hs_err_pid2372.log 
java_command: demo5.NativeDistance
Launcher Type: SUN_STANDARD

Environment Variables:
PATH=/usr/lib/lightdm/lightdm:/usr/local/sbin:/usr/local/bin:/usr/sbin:/usr/bin:/sbin:/bin:/usr/games:/usr/java/jdk1.7.0_40/bin
SHELL=/bin/bash
DISPLAY=:0

Signal Handlers:
SIGSEGV: [libjvm.so+0x992d50], sa_mask[0]=0x7ffbfeff, sa_flags=0x10000004
SIGBUS: [libjvm.so+0x992d50], sa_mask[0]=0x7ffbfeff, sa_flags=0x10000004
SIGFPE: [libjvm.so+0x80fb00], sa_mask[0]=0x7ffbfeff, sa_flags=0x10000004
SIGPIPE: [libjvm.so+0x80fb00], sa_mask[0]=0x7ffbfeff, sa_flags=0x10000004
SIGXFSZ: [libjvm.so+0x80fb00], sa_mask[0]=0x7ffbfeff, sa_flags=0x10000004
SIGILL: [libjvm.so+0x80fb00], sa_mask[0]=0x7ffbfeff, sa_flags=0x10000004
SIGUSR1: SIG_DFL, sa_mask[0]=0x00000000, sa_flags=0x00000000
SIGUSR2: [libjvm.so+0x810ff0], sa_mask[0]=0x00000000, sa_flags=0x10000004
SIGHUP: [libjvm.so+0x811f60], sa_mask[0]=0x7ffbfeff, sa_flags=0x10000004
SIGINT: [libjvm.so+0x811f60], sa_mask[0]=0x7ffbfeff, sa_flags=0x10000004
SIGTERM: [libjvm.so+0x811f60], sa_mask[0]=0x7ffbfeff, sa_flags=0x10000004
SIGQUIT: [libjvm.so+0x811f60], sa_mask[0]=0x7ffbfeff, sa_flags=0x10000004


---------------  S Y S T E M  ---------------

OS:wheezy/sid

uname:Linux 3.8.0-31-generic #46~precise1-Ubuntu SMP Wed Sep 11 18:21:16 UTC 2013 x86_64
libc:glibc 2.15 NPTL 2.15 
rlimit: STACK 8192k, CORE 0k, NPROC 31484, NOFILE 4096, AS infinity
load average:0.00 0.02 0.05

/proc/meminfo:
MemTotal:        4048960 kB
MemFree:         1054548 kB
Buffers:           78480 kB
Cached:          2496476 kB
SwapCached:            0 kB
Active:           532824 kB
Inactive:        2309940 kB
Active(anon):     268420 kB
Inactive(anon):  2027192 kB
Active(file):     264404 kB
Inactive(file):   282748 kB
Unevictable:           0 kB
Mlocked:               0 kB
SwapTotal:       1500156 kB
SwapFree:        1500156 kB
Dirty:                24 kB
Writeback:             0 kB
AnonPages:        268184 kB
Mapped:            86468 kB
Shmem:           2027808 kB
Slab:              81524 kB
SReclaimable:      62080 kB
SUnreclaim:        19444 kB
KernelStack:        2800 kB
PageTables:        22312 kB
NFS_Unstable:          0 kB
Bounce:                0 kB
WritebackTmp:          0 kB
CommitLimit:     3524636 kB
Committed_AS:    4070172 kB
VmallocTotal:   34359738367 kB
VmallocUsed:       53544 kB
VmallocChunk:   34359684599 kB
HardwareCorrupted:     0 kB
AnonHugePages:         0 kB
HugePages_Total:       0
HugePages_Free:        0
HugePages_Rsvd:        0
HugePages_Surp:        0
Hugepagesize:       2048 kB
DirectMap4k:       49088 kB
DirectMap2M:     4145152 kB


CPU:total 4 (4 cores per cpu, 1 threads per core) family 6 model 58 stepping 9, cmov, cx8, fxsr, mmx, sse, sse2, sse3, ssse3, tsc

/proc/cpuinfo:
processor	: 0
vendor_id	: GenuineIntel
cpu family	: 6
model		: 58
model name	: Intel(R) Core(TM) i7-3517U CPU @ 1.90GHz
stepping	: 9
cpu MHz		: 2298.275
cache size	: 6144 KB
physical id	: 0
siblings	: 4
core id		: 0
cpu cores	: 4
apicid		: 0
initial apicid	: 0
fpu		: yes
fpu_exception	: yes
cpuid level	: 5
wp		: yes
flags		: fpu vme de pse tsc msr pae mce cx8 apic sep mtrr pge mca cmov pat pse36 clflush mmx fxsr sse sse2 ht syscall nx rdtscp lm constant_tsc rep_good nopl pni ssse3 lahf_lm
bogomips	: 4596.55
clflush size	: 64
cache_alignment	: 64
address sizes	: 36 bits physical, 48 bits virtual
power management:

processor	: 1
vendor_id	: GenuineIntel
cpu family	: 6
model		: 58
model name	: Intel(R) Core(TM) i7-3517U CPU @ 1.90GHz
stepping	: 9
cpu MHz		: 2298.275
cache size	: 6144 KB
physical id	: 0
siblings	: 4
core id		: 1
cpu cores	: 4
apicid		: 1
initial apicid	: 1
fpu		: yes
fpu_exception	: yes
cpuid level	: 5
wp		: yes
flags		: fpu vme de pse tsc msr pae mce cx8 apic sep mtrr pge mca cmov pat pse36 clflush mmx fxsr sse sse2 ht syscall nx rdtscp lm constant_tsc rep_good nopl pni ssse3 lahf_lm
bogomips	: 4596.55
clflush size	: 64
cache_alignment	: 64
address sizes	: 36 bits physical, 48 bits virtual
power management:

processor	: 2
vendor_id	: GenuineIntel
cpu family	: 6
model		: 58
model name	: Intel(R) Core(TM) i7-3517U CPU @ 1.90GHz
stepping	: 9
cpu MHz		: 2298.275
cache size	: 6144 KB
physical id	: 0
siblings	: 4
core id		: 2
cpu cores	: 4
apicid		: 2
initial apicid	: 2
fpu		: yes
fpu_exception	: yes
cpuid level	: 5
wp		: yes
flags		: fpu vme de pse tsc msr pae mce cx8 apic sep mtrr pge mca cmov pat pse36 clflush mmx fxsr sse sse2 ht syscall nx rdtscp lm constant_tsc rep_good nopl pni ssse3 lahf_lm
bogomips	: 4596.55
clflush size	: 64
cache_alignment	: 64
address sizes	: 36 bits physical, 48 bits virtual
power management:

processor	: 3
vendor_id	: GenuineIntel
cpu family	: 6
model		: 58
model name	: Intel(R) Core(TM) i7-3517U CPU @ 1.90GHz
stepping	: 9
cpu MHz		: 2298.275
cache size	: 6144 KB
physical id	: 0
siblings	: 4
core id		: 3
cpu cores	: 4
apicid		: 3
initial apicid	: 3
fpu		: yes
fpu_exception	: yes
cpuid level	: 5
wp		: yes
flags		: fpu vme de pse tsc msr pae mce cx8 apic sep mtrr pge mca cmov pat pse36 clflush mmx fxsr sse sse2 ht syscall nx rdtscp lm constant_tsc rep_good nopl pni ssse3 lahf_lm
bogomips	: 4596.55
clflush size	: 64
cache_alignment	: 64
address sizes	: 36 bits physical, 48 bits virtual
power management:



Memory: 4k page, physical 4048960k(1054548k free), swap 1500156k(1500156k free)

vm_info: Java HotSpot(TM) 64-Bit Server VM (24.0-b56) for linux-amd64 JRE (1.7.0_40-b43), built on Aug 26 2013 23:53:33 by "java_re" with gcc 4.3.0 20080428 (Red Hat 4.3.0-8)

time: Sat Oct 19 16:42:01 2013
elapsed time: 0 seconds

