#
# A fatal error has been detected by the Java Runtime Environment:
#
#  SIGSEGV (0xb) at pc=0x0000000000000000, pid=5571, tid=140250377139968
#
# JRE version: Java(TM) SE Runtime Environment (7.0_72-b14) (build 1.7.0_72-b14)
# Java VM: Java HotSpot(TM) 64-Bit Server VM (24.72-b04 mixed mode linux-amd64 compressed oops)
# Problematic frame:
# C  0x0000000000000000
#
# Failed to write core dump. Core dumps have been disabled. To enable core dumping, try "ulimit -c unlimited" before starting Java again
#
# If you would like to submit a bug report, please visit:
#   http://bugreport.sun.com/bugreport/crash.jsp
# The crash happened outside the Java Virtual Machine in native code.
# See problematic frame for where to report the bug.
#

---------------  T H R E A D  ---------------

Current thread (0x00007f8e90009800):  JavaThread "main" [_thread_in_native, id=5572, stack(0x00007f8e95d8b000,0x00007f8e95e8c000)]

siginfo:si_signo=SIGSEGV: si_errno=0, si_code=1 (SEGV_MAPERR), si_addr=0x0000000000000000

Registers:
RAX=0x00007f8e882c0038, RBX=0x00000000bd2609c0, RCX=0x00007f8e90005940, RDX=0x0000000000000000
RSP=0x00007f8e95e8a8c8, RBP=0x00007f8e95e8a940, RSI=0x00007f8e95e8a950, RDI=0x00007f8e900099e8
R8 =0x00007f8e95258600, R9 =0x0f41f306100f41f3, R10=0x00007f8e8bf7a7cc, R11=0x00007f8e94cc3b80
R12=0x0000000000000000, R13=0x00000000bd2609c0, R14=0x00007f8e95e8a978, R15=0x00007f8e90009800
RIP=0x0000000000000000, EFLAGS=0x0000000000010202, CSGSFS=0x0000000000000033, ERR=0x0000000000000014
  TRAPNO=0x000000000000000e

Top of Stack: (sp=0x00007f8e95e8a8c8)
0x00007f8e95e8a8c8:   00007f8e880bf717 00000000bd145950
0x00007f8e95e8a8d8:   00007f8e8bf7a7f8 00000000bd145350
0x00007f8e95e8a8e8:   0000000000000000 00007f8e90009800
0x00007f8e95e8a8f8:   00007f8e95e8a968 00007f8e95e8a900
0x00007f8e95e8a908:   00000000bd2609c0 00007f8e95e8a978
0x00007f8e95e8a918:   00000000bd260c80 0000000000000000
0x00007f8e95e8a928:   00000000bd2609c0 0000000000000000
0x00007f8e95e8a938:   00007f8e95e8a960 00007f8e95e8a9c0
0x00007f8e95e8a948:   00007f8e8bf6e116 00000000eb64b010
0x00007f8e95e8a958:   00007f8e8bf76cd9 00007f8e40800000
0x00007f8e95e8a968:   00007f8e40400000 00007f8e40000000
0x00007f8e95e8a978:   000000003f800000 00007f8e95e8a980
0x00007f8e95e8a988:   00000000bd2608d3 00007f8e95e8a9d8
0x00007f8e95e8a998:   00000000bd260c80 0000000000000000
0x00007f8e95e8a9a8:   00000000bd260900 00007f8e95e8a960
0x00007f8e95e8a9b8:   00007f8e95e8a9d8 00007f8e95e8aa40
0x00007f8e95e8a9c8:   00007f8e8bf684e7 0000000000000000
0x00007f8e95e8a9d8:   00000000eb64b568 0000000000001fa0
0x00007f8e95e8a9e8:   00007f8e95e8ad30 00007f8e95e8aac0
0x00007f8e95e8a9f8:   00007f8e95e8aba0 00007f8e90009800
0x00007f8e95e8aa08:   00007f8e9000a620 00007f8e95e8aa80
0x00007f8e95e8aa18:   00007f8e95e8ad38 00007f8e0000000a
0x00007f8e95e8aa28:   00000000bd260900 00007f8e8bf78360
0x00007f8e95e8aa38:   00007f8e95e8aba8 00007f8e95e8ab30
0x00007f8e95e8aa48:   00007f8e94a100f5 00007f8e00000001
0x00007f8e95e8aa58:   00007f8e90009800 0000000000000003
0x00007f8e95e8aa68:   00007f8e95e8aa80 00007f8e8bf78360
0x00007f8e95e8aa78:   00007f8e0000000a 00007f8e90009800
0x00007f8e95e8aa88:   00007f8e9000b1a0 00000000bd260900
0x00007f8e95e8aa98:   0000000000000000 0000000000000000
0x00007f8e95e8aaa8:   0000000000000000 0000000000000000
0x00007f8e95e8aab8:   00007f8e95e8ad30 00007f8e90009800 

Instructions: (pc=0x0000000000000000)
0xffffffffffffffe0:   

Register to memory mapping:

RAX=0x00007f8e882c0038: sqrtFunc+0 in /media/sf_crash/lib/libdistance.so at 0x00007f8e880bf000
RBX=0x00000000bd2609c0 is an oop
{method} 
 - klass: {other class}
RCX=0x00007f8e90005940 is an unknown value
RDX=0x0000000000000000 is an unknown value
RSP=0x00007f8e95e8a8c8 is pointing into the stack for thread: 0x00007f8e90009800
RBP=0x00007f8e95e8a940 is pointing into the stack for thread: 0x00007f8e90009800
RSI=0x00007f8e95e8a950 is pointing into the stack for thread: 0x00007f8e90009800
RDI=0x00007f8e900099e8 is an unknown value
R8 =0x00007f8e95258600: <offset 0xe48600> in /usr/java/jdk1.7.0_72/jre/lib/amd64/server/libjvm.so at 0x00007f8e94410000
R9 =0x0f41f306100f41f3 is an unknown value
R10=0x00007f8e8bf7a7cc is at code_begin+620 in an Interpreter codelet
method entry point (kind = native)  [0x00007f8e8bf7a560, 0x00007f8e8bf7adc0]  2144 bytes
R11=0x00007f8e94cc3b80: <offset 0x8b3b80> in /usr/java/jdk1.7.0_72/jre/lib/amd64/server/libjvm.so at 0x00007f8e94410000
R12=0x0000000000000000 is an unknown value
R13=0x00000000bd2609c0 is an oop
{method} 
 - klass: {other class}
R14=0x00007f8e95e8a978 is pointing into the stack for thread: 0x00007f8e90009800
R15=0x00007f8e90009800 is a thread


Stack: [0x00007f8e95d8b000,0x00007f8e95e8c000],  sp=0x00007f8e95e8a8c8,  free space=1022k
Java frames: (J=compiled Java code, j=interpreted, Vv=VM code)
j  demo6.NativeDistance.distance(FFFF)F+0
j  demo6.NativeDistance.main([Ljava/lang/String;)V+11
v  ~StubRoutines::call_stub

---------------  P R O C E S S  ---------------

Java Threads: ( => current thread )
  0x00007f8e90094800 JavaThread "Service Thread" daemon [_thread_blocked, id=5581, stack(0x00007f8e883c2000,0x00007f8e884c3000)]
  0x00007f8e90092800 JavaThread "C2 CompilerThread1" daemon [_thread_blocked, id=5580, stack(0x00007f8e884c3000,0x00007f8e885c4000)]
  0x00007f8e9008f800 JavaThread "C2 CompilerThread0" daemon [_thread_blocked, id=5579, stack(0x00007f8e885c4000,0x00007f8e886c5000)]
  0x00007f8e9008d000 JavaThread "Signal Dispatcher" daemon [_thread_blocked, id=5578, stack(0x00007f8e886c5000,0x00007f8e887c6000)]
  0x00007f8e9006b000 JavaThread "Finalizer" daemon [_thread_blocked, id=5577, stack(0x00007f8e887c6000,0x00007f8e888c7000)]
  0x00007f8e90069000 JavaThread "Reference Handler" daemon [_thread_blocked, id=5576, stack(0x00007f8e888c7000,0x00007f8e889c8000)]
=>0x00007f8e90009800 JavaThread "main" [_thread_in_native, id=5572, stack(0x00007f8e95d8b000,0x00007f8e95e8c000)]

Other Threads:
  0x00007f8e90065000 VMThread [stack: 0x00007f8e889c8000,0x00007f8e88ac9000] [id=5575]
  0x00007f8e9009f800 WatcherThread [stack: 0x00007f8e882c1000,0x00007f8e883c2000] [id=5582]

VM state:not at safepoint (normal execution)

VM Mutex/Monitor currently owned by a thread: None

Heap
 PSYoungGen      total 18944K, used 655K [0x00000000eb600000, 0x00000000ecb00000, 0x0000000100000000)
  eden space 16384K, 4% used [0x00000000eb600000,0x00000000eb6a3e68,0x00000000ec600000)
  from space 2560K, 0% used [0x00000000ec880000,0x00000000ec880000,0x00000000ecb00000)
  to   space 2560K, 0% used [0x00000000ec600000,0x00000000ec600000,0x00000000ec880000)
 ParOldGen       total 41984K, used 0K [0x00000000c2200000, 0x00000000c4b00000, 0x00000000eb600000)
  object space 41984K, 0% used [0x00000000c2200000,0x00000000c2200000,0x00000000c4b00000)
 PSPermGen       total 21504K, used 2438K [0x00000000bd000000, 0x00000000be500000, 0x00000000c2200000)
  object space 21504K, 11% used [0x00000000bd000000,0x00000000bd261a68,0x00000000be500000)

Card table byte_map: [0x00007f8e8bd4f000,0x00007f8e8bf68000] byte_map_base: 0x00007f8e8b767000

Polling page: 0x00007f8e95ea5000

Code Cache  [0x00007f8e8bf68000, 0x00007f8e8c1d8000, 0x00007f8e8ef68000)
 total_blobs=165 nmethods=0 adapters=135 free_code_cache=48774Kb largest_free_block=49945408

Compilation events (0 events):
No events

GC Heap History (0 events):
No events

Deoptimization events (0 events):
No events

Internal exceptions (2 events):
Event: 0,060 Thread 0x00007f8e90009800 Threw 0x00000000eb60f120 at /HUDSON/workspace/7u-2-build-linux-amd64/jdk7u72/1606/hotspot/src/share/vm/prims/jni.cpp:3991
Event: 0,111 Thread 0x00007f8e90009800 Threw 0x00000000eb645f80 at /HUDSON/workspace/7u-2-build-linux-amd64/jdk7u72/1606/hotspot/src/share/vm/prims/jvm.cpp:1281

Events (10 events):
Event: 0,125 loading class 0x00007f8e940b7e10
Event: 0,126 loading class 0x00007f8e940b7e10 done
Event: 0,126 loading class 0x00007f8e940b7ea0
Event: 0,126 loading class 0x00007f8e940b7ea0 done
Event: 0,126 loading class 0x00007f8e94084460
Event: 0,126 loading class 0x00007f8e94084460 done
Event: 0,126 loading class 0x00007f8e9406b320
Event: 0,127 loading class 0x00007f8e9406b320 done
Event: 0,127 loading class 0x00007f8e9406b2c0
Event: 0,127 loading class 0x00007f8e9406b2c0 done


Dynamic libraries:
00400000-00401000 r-xp 00000000 08:01 525464                             /usr/java/jdk1.7.0_72/bin/java
00600000-00601000 rw-p 00000000 08:01 525464                             /usr/java/jdk1.7.0_72/bin/java
02332000-02353000 rw-p 00000000 00:00 0                                  [heap]
bd000000-100000000 rw-p 00000000 00:00 0 
7f8e5c000000-7f8e5c021000 rw-p 00000000 00:00 0 
7f8e5c021000-7f8e60000000 ---p 00000000 00:00 0 
7f8e60000000-7f8e60021000 rw-p 00000000 00:00 0 
7f8e60021000-7f8e64000000 ---p 00000000 00:00 0 
7f8e64000000-7f8e64021000 rw-p 00000000 00:00 0 
7f8e64021000-7f8e68000000 ---p 00000000 00:00 0 
7f8e68000000-7f8e68021000 rw-p 00000000 00:00 0 
7f8e68021000-7f8e6c000000 ---p 00000000 00:00 0 
7f8e6c000000-7f8e6c021000 rw-p 00000000 00:00 0 
7f8e6c021000-7f8e70000000 ---p 00000000 00:00 0 
7f8e737ed000-7f8e74000000 r--p 00000000 08:01 138193                     /usr/lib/locale/locale-archive
7f8e74000000-7f8e74021000 rw-p 00000000 00:00 0 
7f8e74021000-7f8e78000000 ---p 00000000 00:00 0 
7f8e78000000-7f8e78021000 rw-p 00000000 00:00 0 
7f8e78021000-7f8e7c000000 ---p 00000000 00:00 0 
7f8e7c000000-7f8e7c021000 rw-p 00000000 00:00 0 
7f8e7c021000-7f8e80000000 ---p 00000000 00:00 0 
7f8e80000000-7f8e80021000 rw-p 00000000 00:00 0 
7f8e80021000-7f8e84000000 ---p 00000000 00:00 0 
7f8e84000000-7f8e84021000 rw-p 00000000 00:00 0 
7f8e84021000-7f8e88000000 ---p 00000000 00:00 0 
7f8e880bf000-7f8e880c0000 r-xp 00000000 00:18 54                         /media/sf_crash/lib/libdistance.so
7f8e880c0000-7f8e882bf000 ---p 00001000 00:18 54                         /media/sf_crash/lib/libdistance.so
7f8e882bf000-7f8e882c0000 r--p 00000000 00:18 54                         /media/sf_crash/lib/libdistance.so
7f8e882c0000-7f8e882c1000 rw-p 00001000 00:18 54                         /media/sf_crash/lib/libdistance.so
7f8e882c1000-7f8e882c2000 ---p 00000000 00:00 0 
7f8e882c2000-7f8e883c2000 rw-p 00000000 00:00 0                          [stack:5582]
7f8e883c2000-7f8e883c5000 ---p 00000000 00:00 0 
7f8e883c5000-7f8e884c3000 rw-p 00000000 00:00 0                          [stack:5581]
7f8e884c3000-7f8e884c6000 ---p 00000000 00:00 0 
7f8e884c6000-7f8e885c4000 rw-p 00000000 00:00 0                          [stack:5580]
7f8e885c4000-7f8e885c7000 ---p 00000000 00:00 0 
7f8e885c7000-7f8e886c5000 rw-p 00000000 00:00 0                          [stack:5579]
7f8e886c5000-7f8e886c8000 ---p 00000000 00:00 0 
7f8e886c8000-7f8e887c6000 rw-p 00000000 00:00 0                          [stack:5578]
7f8e887c6000-7f8e887c9000 ---p 00000000 00:00 0 
7f8e887c9000-7f8e888c7000 rw-p 00000000 00:00 0                          [stack:5577]
7f8e888c7000-7f8e888ca000 ---p 00000000 00:00 0 
7f8e888ca000-7f8e889c8000 rw-p 00000000 00:00 0                          [stack:5576]
7f8e889c8000-7f8e889c9000 ---p 00000000 00:00 0 
7f8e889c9000-7f8e89435000 rw-p 00000000 00:00 0                          [stack:5575]
7f8e89435000-7f8e895f5000 r--s 039ea000 08:01 526284                     /usr/java/jdk1.7.0_72/jre/lib/rt.jar
7f8e895f5000-7f8e8ba03000 rw-p 00000000 00:00 0 
7f8e8ba03000-7f8e8ba04000 ---p 00000000 00:00 0 
7f8e8ba04000-7f8e8bb04000 rw-p 00000000 00:00 0                          [stack:5574]
7f8e8bb04000-7f8e8bb05000 ---p 00000000 00:00 0 
7f8e8bb05000-7f8e8bf68000 rw-p 00000000 00:00 0                          [stack:5573]
7f8e8bf68000-7f8e8c1d8000 rwxp 00000000 00:00 0 
7f8e8c1d8000-7f8e8ef68000 rw-p 00000000 00:00 0 
7f8e8ef68000-7f8e8ef82000 r-xp 00000000 08:01 526168                     /usr/java/jdk1.7.0_72/jre/lib/amd64/libzip.so
7f8e8ef82000-7f8e8f182000 ---p 0001a000 08:01 526168                     /usr/java/jdk1.7.0_72/jre/lib/amd64/libzip.so
7f8e8f182000-7f8e8f183000 rw-p 0001a000 08:01 526168                     /usr/java/jdk1.7.0_72/jre/lib/amd64/libzip.so
7f8e8f183000-7f8e8f18e000 r-xp 00000000 08:01 7402                       /lib/x86_64-linux-gnu/libnss_files-2.19.so
7f8e8f18e000-7f8e8f38d000 ---p 0000b000 08:01 7402                       /lib/x86_64-linux-gnu/libnss_files-2.19.so
7f8e8f38d000-7f8e8f38e000 r--p 0000a000 08:01 7402                       /lib/x86_64-linux-gnu/libnss_files-2.19.so
7f8e8f38e000-7f8e8f38f000 rw-p 0000b000 08:01 7402                       /lib/x86_64-linux-gnu/libnss_files-2.19.so
7f8e8f38f000-7f8e8f39a000 r-xp 00000000 08:01 7399                       /lib/x86_64-linux-gnu/libnss_nis-2.19.so
7f8e8f39a000-7f8e8f599000 ---p 0000b000 08:01 7399                       /lib/x86_64-linux-gnu/libnss_nis-2.19.so
7f8e8f599000-7f8e8f59a000 r--p 0000a000 08:01 7399                       /lib/x86_64-linux-gnu/libnss_nis-2.19.so
7f8e8f59a000-7f8e8f59b000 rw-p 0000b000 08:01 7399                       /lib/x86_64-linux-gnu/libnss_nis-2.19.so
7f8e8f59b000-7f8e8f5b2000 r-xp 00000000 08:01 7393                       /lib/x86_64-linux-gnu/libnsl-2.19.so
7f8e8f5b2000-7f8e8f7b1000 ---p 00017000 08:01 7393                       /lib/x86_64-linux-gnu/libnsl-2.19.so
7f8e8f7b1000-7f8e8f7b2000 r--p 00016000 08:01 7393                       /lib/x86_64-linux-gnu/libnsl-2.19.so
7f8e8f7b2000-7f8e8f7b3000 rw-p 00017000 08:01 7393                       /lib/x86_64-linux-gnu/libnsl-2.19.so
7f8e8f7b3000-7f8e8f7b5000 rw-p 00000000 00:00 0 
7f8e8f7b5000-7f8e8f7be000 r-xp 00000000 08:01 7133                       /lib/x86_64-linux-gnu/libnss_compat-2.19.so
7f8e8f7be000-7f8e8f9bd000 ---p 00009000 08:01 7133                       /lib/x86_64-linux-gnu/libnss_compat-2.19.so
7f8e8f9bd000-7f8e8f9be000 r--p 00008000 08:01 7133                       /lib/x86_64-linux-gnu/libnss_compat-2.19.so
7f8e8f9be000-7f8e8f9bf000 rw-p 00009000 08:01 7133                       /lib/x86_64-linux-gnu/libnss_compat-2.19.so
7f8e8f9bf000-7f8e8f9e8000 r-xp 00000000 08:01 526151                     /usr/java/jdk1.7.0_72/jre/lib/amd64/libjava.so
7f8e8f9e8000-7f8e8fbe8000 ---p 00029000 08:01 526151                     /usr/java/jdk1.7.0_72/jre/lib/amd64/libjava.so
7f8e8fbe8000-7f8e8fbea000 rw-p 00029000 08:01 526151                     /usr/java/jdk1.7.0_72/jre/lib/amd64/libjava.so
7f8e8fbea000-7f8e8fbf7000 r-xp 00000000 08:01 526113                     /usr/java/jdk1.7.0_72/jre/lib/amd64/libverify.so
7f8e8fbf7000-7f8e8fdf6000 ---p 0000d000 08:01 526113                     /usr/java/jdk1.7.0_72/jre/lib/amd64/libverify.so
7f8e8fdf6000-7f8e8fdf8000 rw-p 0000c000 08:01 526113                     /usr/java/jdk1.7.0_72/jre/lib/amd64/libverify.so
7f8e8fdf8000-7f8e8fdff000 r-xp 00000000 08:01 6444                       /lib/x86_64-linux-gnu/librt-2.19.so
7f8e8fdff000-7f8e8fffe000 ---p 00007000 08:01 6444                       /lib/x86_64-linux-gnu/librt-2.19.so
7f8e8fffe000-7f8e8ffff000 r--p 00006000 08:01 6444                       /lib/x86_64-linux-gnu/librt-2.19.so
7f8e8ffff000-7f8e90000000 rw-p 00007000 08:01 6444                       /lib/x86_64-linux-gnu/librt-2.19.so
7f8e90000000-7f8e900b0000 rw-p 00000000 00:00 0 
7f8e900b0000-7f8e94000000 ---p 00000000 00:00 0 
7f8e94013000-7f8e9410a000 rw-p 00000000 00:00 0 
7f8e9410a000-7f8e9420f000 r-xp 00000000 08:01 7392                       /lib/x86_64-linux-gnu/libm-2.19.so
7f8e9420f000-7f8e9440e000 ---p 00105000 08:01 7392                       /lib/x86_64-linux-gnu/libm-2.19.so
7f8e9440e000-7f8e9440f000 r--p 00104000 08:01 7392                       /lib/x86_64-linux-gnu/libm-2.19.so
7f8e9440f000-7f8e94410000 rw-p 00105000 08:01 7392                       /lib/x86_64-linux-gnu/libm-2.19.so
7f8e94410000-7f8e94f83000 r-xp 00000000 08:01 526127                     /usr/java/jdk1.7.0_72/jre/lib/amd64/server/libjvm.so
7f8e94f83000-7f8e95182000 ---p 00b73000 08:01 526127                     /usr/java/jdk1.7.0_72/jre/lib/amd64/server/libjvm.so
7f8e95182000-7f8e95246000 rw-p 00b72000 08:01 526127                     /usr/java/jdk1.7.0_72/jre/lib/amd64/server/libjvm.so
7f8e95246000-7f8e95287000 rw-p 00000000 00:00 0 
7f8e95287000-7f8e95442000 r-xp 00000000 08:01 6272                       /lib/x86_64-linux-gnu/libc-2.19.so
7f8e95442000-7f8e95642000 ---p 001bb000 08:01 6272                       /lib/x86_64-linux-gnu/libc-2.19.so
7f8e95642000-7f8e95646000 r--p 001bb000 08:01 6272                       /lib/x86_64-linux-gnu/libc-2.19.so
7f8e95646000-7f8e95648000 rw-p 001bf000 08:01 6272                       /lib/x86_64-linux-gnu/libc-2.19.so
7f8e95648000-7f8e9564d000 rw-p 00000000 00:00 0 
7f8e9564d000-7f8e95650000 r-xp 00000000 08:01 6548                       /lib/x86_64-linux-gnu/libdl-2.19.so
7f8e95650000-7f8e9584f000 ---p 00003000 08:01 6548                       /lib/x86_64-linux-gnu/libdl-2.19.so
7f8e9584f000-7f8e95850000 r--p 00002000 08:01 6548                       /lib/x86_64-linux-gnu/libdl-2.19.so
7f8e95850000-7f8e95851000 rw-p 00003000 08:01 6548                       /lib/x86_64-linux-gnu/libdl-2.19.so
7f8e95851000-7f8e95867000 r-xp 00000000 08:01 524301                     /usr/java/jdk1.7.0_72/lib/amd64/jli/libjli.so
7f8e95867000-7f8e95a67000 ---p 00016000 08:01 524301                     /usr/java/jdk1.7.0_72/lib/amd64/jli/libjli.so
7f8e95a67000-7f8e95a68000 rw-p 00016000 08:01 524301                     /usr/java/jdk1.7.0_72/lib/amd64/jli/libjli.so
7f8e95a68000-7f8e95a81000 r-xp 00000000 08:01 7401                       /lib/x86_64-linux-gnu/libpthread-2.19.so
7f8e95a81000-7f8e95c80000 ---p 00019000 08:01 7401                       /lib/x86_64-linux-gnu/libpthread-2.19.so
7f8e95c80000-7f8e95c81000 r--p 00018000 08:01 7401                       /lib/x86_64-linux-gnu/libpthread-2.19.so
7f8e95c81000-7f8e95c82000 rw-p 00019000 08:01 7401                       /lib/x86_64-linux-gnu/libpthread-2.19.so
7f8e95c82000-7f8e95c86000 rw-p 00000000 00:00 0 
7f8e95c86000-7f8e95ca9000 r-xp 00000000 08:01 6028                       /lib/x86_64-linux-gnu/ld-2.19.so
7f8e95cb6000-7f8e95d8b000 rw-p 00000000 00:00 0 
7f8e95d8b000-7f8e95d8e000 ---p 00000000 00:00 0 
7f8e95d8e000-7f8e95e90000 rw-p 00000000 00:00 0                          [stack:5572]
7f8e95e9c000-7f8e95ea4000 rw-s 00000000 08:01 849                        /tmp/hsperfdata_andrei/5571
7f8e95ea4000-7f8e95ea5000 rw-p 00000000 00:00 0 
7f8e95ea5000-7f8e95ea6000 r--p 00000000 00:00 0 
7f8e95ea6000-7f8e95ea8000 rw-p 00000000 00:00 0 
7f8e95ea8000-7f8e95ea9000 r--p 00022000 08:01 6028                       /lib/x86_64-linux-gnu/ld-2.19.so
7f8e95ea9000-7f8e95eaa000 rw-p 00023000 08:01 6028                       /lib/x86_64-linux-gnu/ld-2.19.so
7f8e95eaa000-7f8e95eab000 rw-p 00000000 00:00 0 
7fffc4f49000-7fffc4f6a000 rw-p 00000000 00:00 0                          [stack]
7fffc4ffe000-7fffc5000000 r-xp 00000000 00:00 0                          [vdso]
ffffffffff600000-ffffffffff601000 r-xp 00000000 00:00 0                  [vsyscall]

VM Arguments:
java_command: demo6.NativeDistance
Launcher Type: SUN_STANDARD

Environment Variables:
CLASSPATH=/media/sf_crash/out/production/crash-dump-analysis
PATH=/usr/java/jdk1.7.0_72/bin:/usr/local/sbin:/usr/local/bin:/usr/sbin:/usr/bin:/sbin:/bin:/usr/games:/usr/local/games
LD_LIBRARY_PATH=/media/sf_crash/lib
SHELL=/bin/bash
DISPLAY=:0

Signal Handlers:
SIGSEGV: [libjvm.so+0x9a1a10], sa_mask[0]=0x7ffbfeff, sa_flags=0x10000004
SIGBUS: [libjvm.so+0x9a1a10], sa_mask[0]=0x7ffbfeff, sa_flags=0x10000004
SIGFPE: [libjvm.so+0x81bae0], sa_mask[0]=0x7ffbfeff, sa_flags=0x10000004
SIGPIPE: [libjvm.so+0x81bae0], sa_mask[0]=0x7ffbfeff, sa_flags=0x10000004
SIGXFSZ: [libjvm.so+0x81bae0], sa_mask[0]=0x7ffbfeff, sa_flags=0x10000004
SIGILL: [libjvm.so+0x81bae0], sa_mask[0]=0x7ffbfeff, sa_flags=0x10000004
SIGUSR1: SIG_DFL, sa_mask[0]=0x00000000, sa_flags=0x00000000
SIGUSR2: [libjvm.so+0x81d2e0], sa_mask[0]=0x00000000, sa_flags=0x10000004
SIGHUP: [libjvm.so+0x81e400], sa_mask[0]=0x7ffbfeff, sa_flags=0x10000004
SIGINT: [libjvm.so+0x81e400], sa_mask[0]=0x7ffbfeff, sa_flags=0x10000004
SIGTERM: [libjvm.so+0x81e400], sa_mask[0]=0x7ffbfeff, sa_flags=0x10000004
SIGQUIT: [libjvm.so+0x81e400], sa_mask[0]=0x7ffbfeff, sa_flags=0x10000004


---------------  S Y S T E M  ---------------

OS:jessie/sid

uname:Linux 3.13.0-44-generic #73-Ubuntu SMP Tue Dec 16 00:22:43 UTC 2014 x86_64
libc:glibc 2.19 NPTL 2.19 
rlimit: STACK 8192k, CORE 0k, NPROC 31458, NOFILE 4096, AS infinity
load average:0,19 1,17 3,71

/proc/meminfo:
MemTotal:        4048236 kB
MemFree:         2954160 kB
Buffers:           39360 kB
Cached:           609132 kB
SwapCached:            0 kB
Active:           474984 kB
Inactive:         504628 kB
Active(anon):     331884 kB
Inactive(anon):     6724 kB
Active(file):     143100 kB
Inactive(file):   497904 kB
Unevictable:           0 kB
Mlocked:               0 kB
SwapTotal:             0 kB
SwapFree:              0 kB
Dirty:                32 kB
Writeback:             0 kB
AnonPages:        331232 kB
Mapped:            97412 kB
Shmem:              7488 kB
Slab:              50868 kB
SReclaimable:      31124 kB
SUnreclaim:        19744 kB
KernelStack:        2640 kB
PageTables:        23360 kB
NFS_Unstable:          0 kB
Bounce:                0 kB
WritebackTmp:          0 kB
CommitLimit:     4048236 kB
Committed_AS:    3578048 kB
VmallocTotal:   34359738367 kB
VmallocUsed:       54796 kB
VmallocChunk:   34359637851 kB
HardwareCorrupted:     0 kB
AnonHugePages:    112640 kB
HugePages_Total:       0
HugePages_Free:        0
HugePages_Rsvd:        0
HugePages_Surp:        0
Hugepagesize:       2048 kB
DirectMap4k:       40896 kB
DirectMap2M:     4153344 kB


CPU:total 2 (2 cores per cpu, 1 threads per core) family 6 model 58 stepping 9, cmov, cx8, fxsr, mmx, sse, sse2, sse3, ssse3, tsc

/proc/cpuinfo:
processor	: 0
vendor_id	: GenuineIntel
cpu family	: 6
model		: 58
model name	: Intel(R) Core(TM) i7-3517U CPU @ 1.90GHz
stepping	: 9
microcode	: 0x19
cpu MHz		: 2369.573
cache size	: 6144 KB
physical id	: 0
siblings	: 2
core id		: 0
cpu cores	: 2
apicid		: 0
initial apicid	: 0
fpu		: yes
fpu_exception	: yes
cpuid level	: 5
wp		: yes
flags		: fpu vme de pse tsc msr pae mce cx8 apic sep mtrr pge mca cmov pat pse36 clflush mmx fxsr sse sse2 ht syscall nx rdtscp lm constant_tsc rep_good nopl pni ssse3 lahf_lm
bogomips	: 4739.14
clflush size	: 64
cache_alignment	: 64
address sizes	: 36 bits physical, 48 bits virtual
power management:

processor	: 1
vendor_id	: GenuineIntel
cpu family	: 6
model		: 58
model name	: Intel(R) Core(TM) i7-3517U CPU @ 1.90GHz
stepping	: 9
microcode	: 0x19
cpu MHz		: 2369.573
cache size	: 6144 KB
physical id	: 0
siblings	: 2
core id		: 1
cpu cores	: 2
apicid		: 1
initial apicid	: 1
fpu		: yes
fpu_exception	: yes
cpuid level	: 5
wp		: yes
flags		: fpu vme de pse tsc msr pae mce cx8 apic sep mtrr pge mca cmov pat pse36 clflush mmx fxsr sse sse2 ht syscall nx rdtscp lm constant_tsc rep_good nopl pni ssse3 lahf_lm
bogomips	: 4739.14
clflush size	: 64
cache_alignment	: 64
address sizes	: 36 bits physical, 48 bits virtual
power management:



Memory: 4k page, physical 4048236k(2954160k free), swap 0k(0k free)

vm_info: Java HotSpot(TM) 64-Bit Server VM (24.72-b04) for linux-amd64 JRE (1.7.0_72-b14), built on Sep 26 2014 18:20:41 by "java_re" with gcc 4.3.0 20080428 (Red Hat 4.3.0-8)

time: Tue Jan 20 18:51:30 2015
elapsed time: 0 seconds

