#
# A fatal error has been detected by the Java Runtime Environment:
#
#  SIGFPE (0x8) at pc=0x00007f8a57cfd585, pid=2657, tid=140232471848704
#
# JRE version: Java(TM) SE Runtime Environment (7.0_51-b13) (build 1.7.0_51-b13)
# Java VM: Java HotSpot(TM) 64-Bit Server VM (24.51-b03 mixed mode linux-amd64 compressed oops)
# Problematic frame:
# C  [libdiv.so+0x585]  Java_demo1_NativeDiv_div+0x5
#
# Failed to write core dump. Core dumps have been disabled. To enable core dumping, try "ulimit -c unlimited" before starting Java again
#
# If you would like to submit a bug report, please visit:
#   http://bugreport.sun.com/bugreport/crash.jsp
# The crash happened outside the Java Virtual Machine in native code.
# See problematic frame for where to report the bug.
#

---------------  T H R E A D  ---------------

Current thread (0x00007f8a64009800):  JavaThread "main" [_thread_in_native, id=2658, stack(0x00007f8a6a9ba000,0x00007f8a6aabb000)]

siginfo:si_signo=SIGFPE: si_errno=0, si_code=1 (FPE_INTDIV), si_addr=0x00007f8a57cfd585

Registers:
RAX=0x00000000c5448e8f, RBX=0x00000000bd251fc0, RCX=0x0000000000000000, RDX=0x00000000ffffffff
RSP=0x00007f8a6aab9798, RBP=0x00007f8a6aab97f0, RSI=0x00007f8a6aab9800, RDI=0x00007f8a640099e8
R8 =0x0000c5448e8f8389, R9 =0x00000850b3941760, R10=0x00007f8a60bea70c, R11=0x00007f8a698fad30
R12=0x0000000000000000, R13=0x00000000bd251fc0, R14=0x00007f8a6aab9818, R15=0x00007f8a64009800
RIP=0x00007f8a57cfd585, EFLAGS=0x0000000000010287, CSGSFS=0x0000000000000033, ERR=0x0000000000000000
  TRAPNO=0x0000000000000000

Top of Stack: (sp=0x00007f8a6aab9798)
0x00007f8a6aab9798:   00007f8a60bea738 00000000bd1a63b8
0x00007f8a6aab97a8:   0000000000000000 00007f8a6aab97b0
0x00007f8a6aab97b8:   0000000000000000 00007f8a6aab9818
0x00007f8a6aab97c8:   00000000bd252380 0000000000000000
0x00007f8a6aab97d8:   00000000bd251fc0 0000000000000000
0x00007f8a6aab97e8:   00007f8a6aab9810 00007f8a6aab9860
0x00007f8a6aab97f8:   00007f8a60bde1d4 00000000eb64af58
0x00007f8a6aab9808:   00007f8a60be6cd6 0000000000000000
0x00007f8a6aab9818:   00000000c5448e8f 00007f8a6aab9820
0x00007f8a6aab9828:   00000000bd252092 00007f8a6aab9878
0x00007f8a6aab9838:   00000000bd252380 0000000000000000
0x00007f8a6aab9848:   00000000bd2520b8 00007f8a6aab9810
0x00007f8a6aab9858:   00007f8a6aab9870 00007f8a6aab98c0
0x00007f8a6aab9868:   00007f8a60bde1d4 0000000000000000
0x00007f8a6aab9878:   00000000c5448e8f 00007f8a6aab9880
0x00007f8a6aab9888:   00000000bd253514 00007f8a6aab98e0
0x00007f8a6aab9898:   00000000bd253830 0000000000000000
0x00007f8a6aab98a8:   00000000bd253548 00007f8a6aab9870
0x00007f8a6aab98b8:   00007f8a6aab98e0 00007f8a6aab9928
0x00007f8a6aab98c8:   00007f8a60bde706 0000000000000000
0x00007f8a6aab98d8:   00000000c5448e8f 00000000eb64da78
0x00007f8a6aab98e8:   00007f8a6aab98e8 00000000bd251ec0
0x00007f8a6aab98f8:   00007f8a6aab9948 00000000bd252380
0x00007f8a6aab9908:   0000000000000000 00000000bd251f00
0x00007f8a6aab9918:   00007f8a6aab98e0 00007f8a6aab9940
0x00007f8a6aab9928:   00007f8a6aab9990 00007f8a60bde058
0x00007f8a6aab9938:   0000000000000022 00000000eb64da78
0x00007f8a6aab9948:   0000000005f5e100 00007f8a6aab9950
0x00007f8a6aab9958:   00000000bd251daa 00007f8a6aab99a8
0x00007f8a6aab9968:   00000000bd252380 0000000000000000
0x00007f8a6aab9978:   00000000bd251dd8 00007f8a6aab9940
0x00007f8a6aab9988:   00007f8a6aab99a8 00007f8a6aab9a10 

Instructions: (pc=0x00007f8a57cfd585)
0x00007f8a57cfd565:   48 85 c0 74 0e 5d 48 8d 3d c6 08 20 00 ff e0 0f
0x00007f8a57cfd575:   1f 40 00 5d c3 90 90 90 90 90 90 89 d0 c1 fa 1f
0x00007f8a57cfd585:   f7 f9 c3 90 90 90 90 90 90 90 90 55 48 89 e5 53
0x00007f8a57cfd595:   48 83 ec 08 48 8b 05 78 08 20 00 48 83 f8 ff 74 

Register to memory mapping:

RAX=0x00000000c5448e8f is an unallocated location in the heap
RBX=0x00000000bd251fc0 is an oop
{method} 
 - klass: {other class}
RCX=0x0000000000000000 is an unknown value
RDX=0x00000000ffffffff is an unallocated location in the heap
RSP=0x00007f8a6aab9798 is pointing into the stack for thread: 0x00007f8a64009800
RBP=0x00007f8a6aab97f0 is pointing into the stack for thread: 0x00007f8a64009800
RSI=0x00007f8a6aab9800 is pointing into the stack for thread: 0x00007f8a64009800
RDI=0x00007f8a640099e8 is an unknown value
R8 =0x0000c5448e8f8389 is an unknown value
R9 =0x00000850b3941760 is an unknown value
R10=0x00007f8a60bea70c is at code_begin+620 in an Interpreter codelet
method entry point (kind = native)  [0x00007f8a60bea4a0, 0x00007f8a60bead00]  2144 bytes
R11=0x00007f8a698fad30: <offset 0x8a7d30> in /usr/java/jdk1.7.0_51/jre/lib/amd64/server/libjvm.so at 0x00007f8a69053000
R12=0x0000000000000000 is an unknown value
R13=0x00000000bd251fc0 is an oop
{method} 
 - klass: {other class}
R14=0x00007f8a6aab9818 is pointing into the stack for thread: 0x00007f8a64009800
R15=0x00007f8a64009800 is a thread


Stack: [0x00007f8a6a9ba000,0x00007f8a6aabb000],  sp=0x00007f8a6aab9798,  free space=1021k
Native frames: (J=compiled Java code, j=interpreted, Vv=VM code, C=native code)
C  [libdiv.so+0x585]  Java_demo1_NativeDiv_div+0x5
j  demo1.NativeDiv.access$000(II)I+2
j  demo1.NativeDiv$1.run()V+20
j  demo1.NativeDiv.runLoop(ILjava/lang/Runnable;)V+8
j  demo1.NativeDiv.main([Ljava/lang/String;)V+26
v  ~StubRoutines::call_stub
V  [libjvm.so+0x5f8465]  JavaCalls::call_helper(JavaValue*, methodHandle*, JavaCallArguments*, Thread*)+0x365
V  [libjvm.so+0x5f6ec8]  JavaCalls::call(JavaValue*, methodHandle, JavaCallArguments*, Thread*)+0x28
V  [libjvm.so+0x6300b9]  jni_invoke_static(JNIEnv_*, JavaValue*, _jobject*, JNICallType, _jmethodID*, JNI_ArgumentPusher*, Thread*)+0x219
V  [libjvm.so+0x639142]  jni_CallStaticVoidMethod+0x162
C  [libjli.so+0x36d9]  JavaMain+0x7e9

Java frames: (J=compiled Java code, j=interpreted, Vv=VM code)
j  demo1.NativeDiv.div(II)I+0
j  demo1.NativeDiv.access$000(II)I+2
j  demo1.NativeDiv$1.run()V+20
j  demo1.NativeDiv.runLoop(ILjava/lang/Runnable;)V+8
j  demo1.NativeDiv.main([Ljava/lang/String;)V+26
v  ~StubRoutines::call_stub

---------------  P R O C E S S  ---------------

Java Threads: ( => current thread )
  0x00007f8a64096000 JavaThread "Service Thread" daemon [_thread_blocked, id=2669, stack(0x00007f8a5c0de000,0x00007f8a5c1df000)]
  0x00007f8a64093800 JavaThread "C2 CompilerThread1" daemon [_thread_blocked, id=2668, stack(0x00007f8a5c1df000,0x00007f8a5c2e0000)]
  0x00007f8a64090800 JavaThread "C2 CompilerThread0" daemon [_thread_blocked, id=2667, stack(0x00007f8a5c2e0000,0x00007f8a5c3e1000)]
  0x00007f8a64086800 JavaThread "Signal Dispatcher" daemon [_thread_blocked, id=2666, stack(0x00007f8a5c3e1000,0x00007f8a5c4e2000)]
  0x00007f8a6406f800 JavaThread "Finalizer" daemon [_thread_blocked, id=2665, stack(0x00007f8a5cbc5000,0x00007f8a5ccc6000)]
  0x00007f8a6406b800 JavaThread "Reference Handler" daemon [_thread_blocked, id=2664, stack(0x00007f8a5ccc6000,0x00007f8a5cdc7000)]
=>0x00007f8a64009800 JavaThread "main" [_thread_in_native, id=2658, stack(0x00007f8a6a9ba000,0x00007f8a6aabb000)]

Other Threads:
  0x00007f8a64069000 VMThread [stack: 0x00007f8a5cdc7000,0x00007f8a5cec8000] [id=2663]
  0x00007f8a640a0800 WatcherThread [stack: 0x00007f8a57eff000,0x00007f8a58000000] [id=2670]

VM state:not at safepoint (normal execution)

VM Mutex/Monitor currently owned by a thread: None

Heap
 PSYoungGen      total 18944K, used 327K [0x00000000eb600000, 0x00000000ecb00000, 0x0000000100000000)
  eden space 16384K, 2% used [0x00000000eb600000,0x00000000eb651f28,0x00000000ec600000)
  from space 2560K, 0% used [0x00000000ec880000,0x00000000ec880000,0x00000000ecb00000)
  to   space 2560K, 0% used [0x00000000ec600000,0x00000000ec600000,0x00000000ec880000)
 ParOldGen       total 41984K, used 0K [0x00000000c2200000, 0x00000000c4b00000, 0x00000000eb600000)
  object space 41984K, 0% used [0x00000000c2200000,0x00000000c2200000,0x00000000c4b00000)
 PSPermGen       total 21504K, used 2382K [0x00000000bd000000, 0x00000000be500000, 0x00000000c2200000)
  object space 21504K, 11% used [0x00000000bd000000,0x00000000bd2538f0,0x00000000be500000)

Card table byte_map: [0x00007f8a609bf000,0x00007f8a60bd8000] byte_map_base: 0x00007f8a603d7000

Polling page: 0x00007f8a6aacf000

Code Cache  [0x00007f8a60bd8000, 0x00007f8a60e48000, 0x00007f8a63bd8000)
 total_blobs=164 nmethods=0 adapters=134 free_code_cache=48775Kb largest_free_block=49945920

Compilation events (0 events):
No events

GC Heap History (0 events):
No events

Deoptimization events (0 events):
No events

Internal exceptions (3 events):
Event: 0.106 Thread 0x00007f8a64009800 Threw 0x00000000eb6102d8 at /HUDSON/workspace/7u-2-build-linux-amd64@2/jdk7u51/527/hotspot/src/share/vm/prims/jni.cpp:3991
Event: 0.155 Thread 0x00007f8a64009800 Threw 0x00000000eb645c50 at /HUDSON/workspace/7u-2-build-linux-amd64@2/jdk7u51/527/hotspot/src/share/vm/prims/jvm.cpp:1244
Event: 0.172 Thread 0x00007f8a64009800 Threw 0x00000000eb64c7a0 at /HUDSON/workspace/7u-2-build-linux-amd64@2/jdk7u51/527/hotspot/src/share/vm/prims/jvm.cpp:1244

Events (10 events):
Event: 0.167 loading class 0x00007f8a680907d0
Event: 0.167 loading class 0x00007f8a680907d0 done
Event: 0.167 loading class 0x00007f8a6805fb50
Event: 0.167 loading class 0x00007f8a6805fb50 done
Event: 0.168 loading class 0x00007f8a68047cf0
Event: 0.168 loading class 0x00007f8a68047cf0 done
Event: 0.168 loading class 0x00007f8a68047c90
Event: 0.168 loading class 0x00007f8a68047c90 done
Event: 0.172 loading class 0x00007f8a640a6c90
Event: 0.172 loading class 0x00007f8a640a6c90 done


Dynamic libraries:
00400000-00401000 r-xp 00000000 08:03 141022                             /usr/java/jdk1.7.0_51/bin/java
00600000-00601000 rw-p 00000000 08:03 141022                             /usr/java/jdk1.7.0_51/bin/java
01982000-019a3000 rw-p 00000000 00:00 0                                  [heap]
bd000000-be500000 rw-p 00000000 00:00 0 
be500000-c2200000 rw-p 00000000 00:00 0 
c2200000-c4b00000 rw-p 00000000 00:00 0 
c4b00000-eb600000 rw-p 00000000 00:00 0 
eb600000-ecb00000 rw-p 00000000 00:00 0 
ecb00000-100000000 rw-p 00000000 00:00 0 
7f8a20000000-7f8a20021000 rw-p 00000000 00:00 0 
7f8a20021000-7f8a24000000 ---p 00000000 00:00 0 
7f8a28000000-7f8a28021000 rw-p 00000000 00:00 0 
7f8a28021000-7f8a2c000000 ---p 00000000 00:00 0 
7f8a2c000000-7f8a2c021000 rw-p 00000000 00:00 0 
7f8a2c021000-7f8a30000000 ---p 00000000 00:00 0 
7f8a30000000-7f8a30021000 rw-p 00000000 00:00 0 
7f8a30021000-7f8a34000000 ---p 00000000 00:00 0 
7f8a34000000-7f8a34021000 rw-p 00000000 00:00 0 
7f8a34021000-7f8a38000000 ---p 00000000 00:00 0 
7f8a38000000-7f8a38021000 rw-p 00000000 00:00 0 
7f8a38021000-7f8a3c000000 ---p 00000000 00:00 0 
7f8a3c000000-7f8a3c021000 rw-p 00000000 00:00 0 
7f8a3c021000-7f8a40000000 ---p 00000000 00:00 0 
7f8a40000000-7f8a40021000 rw-p 00000000 00:00 0 
7f8a40021000-7f8a44000000 ---p 00000000 00:00 0 
7f8a44000000-7f8a44021000 rw-p 00000000 00:00 0 
7f8a44021000-7f8a48000000 ---p 00000000 00:00 0 
7f8a48000000-7f8a48021000 rw-p 00000000 00:00 0 
7f8a48021000-7f8a4c000000 ---p 00000000 00:00 0 
7f8a50000000-7f8a50021000 rw-p 00000000 00:00 0 
7f8a50021000-7f8a54000000 ---p 00000000 00:00 0 
7f8a57b92000-7f8a57cfd000 rw-p 00000000 00:00 0 
7f8a57cfd000-7f8a57cfe000 r-xp 00000000 00:14 11                         /media/crash/lib/libdiv.so
7f8a57cfe000-7f8a57efd000 ---p 00001000 00:14 11                         /media/crash/lib/libdiv.so
7f8a57efd000-7f8a57efe000 r--p 00000000 00:14 11                         /media/crash/lib/libdiv.so
7f8a57efe000-7f8a57eff000 rw-p 00001000 00:14 11                         /media/crash/lib/libdiv.so
7f8a57eff000-7f8a57f00000 ---p 00000000 00:00 0 
7f8a57f00000-7f8a58000000 rw-p 00000000 00:00 0                          [stack:2670]
7f8a58000000-7f8a58021000 rw-p 00000000 00:00 0 
7f8a58021000-7f8a5c000000 ---p 00000000 00:00 0 
7f8a5c004000-7f8a5c0de000 rw-p 00000000 00:00 0 
7f8a5c0de000-7f8a5c0e1000 ---p 00000000 00:00 0 
7f8a5c0e1000-7f8a5c1df000 rw-p 00000000 00:00 0                          [stack:2669]
7f8a5c1df000-7f8a5c1e2000 ---p 00000000 00:00 0 
7f8a5c1e2000-7f8a5c2e0000 rw-p 00000000 00:00 0                          [stack:2668]
7f8a5c2e0000-7f8a5c2e3000 ---p 00000000 00:00 0 
7f8a5c2e3000-7f8a5c3e1000 rw-p 00000000 00:00 0                          [stack:2667]
7f8a5c3e1000-7f8a5c3e4000 ---p 00000000 00:00 0 
7f8a5c3e4000-7f8a5c4e2000 rw-p 00000000 00:00 0                          [stack:2666]
7f8a5c4e2000-7f8a5cbc5000 r--p 00000000 08:03 138899                     /usr/lib/locale/locale-archive
7f8a5cbc5000-7f8a5cbc8000 ---p 00000000 00:00 0 
7f8a5cbc8000-7f8a5ccc6000 rw-p 00000000 00:00 0                          [stack:2665]
7f8a5ccc6000-7f8a5ccc9000 ---p 00000000 00:00 0 
7f8a5ccc9000-7f8a5cdc7000 rw-p 00000000 00:00 0                          [stack:2664]
7f8a5cdc7000-7f8a5cdc8000 ---p 00000000 00:00 0 
7f8a5cdc8000-7f8a5dea6000 rw-p 00000000 00:00 0                          [stack:2663]
7f8a5dea6000-7f8a5e063000 r--s 039bf000 08:03 156950                     /usr/java/jdk1.7.0_51/jre/lib/rt.jar
7f8a5e063000-7f8a60471000 rw-p 00000000 00:00 0 
7f8a60471000-7f8a60472000 ---p 00000000 00:00 0 
7f8a60472000-7f8a60572000 rw-p 00000000 00:00 0                          [stack:2662]
7f8a60572000-7f8a60573000 ---p 00000000 00:00 0 
7f8a60573000-7f8a60673000 rw-p 00000000 00:00 0                          [stack:2661]
7f8a60673000-7f8a60674000 ---p 00000000 00:00 0 
7f8a60674000-7f8a60774000 rw-p 00000000 00:00 0                          [stack:2660]
7f8a60774000-7f8a60775000 ---p 00000000 00:00 0 
7f8a60775000-7f8a6088a000 rw-p 00000000 00:00 0                          [stack:2659]
7f8a6088a000-7f8a609bf000 rw-p 00000000 00:00 0 
7f8a609bf000-7f8a609ca000 rw-p 00000000 00:00 0 
7f8a609ca000-7f8a609e8000 rw-p 00000000 00:00 0 
7f8a609e8000-7f8a609fd000 rw-p 00000000 00:00 0 
7f8a609fd000-7f8a60b32000 rw-p 00000000 00:00 0 
7f8a60b32000-7f8a60b3d000 rw-p 00000000 00:00 0 
7f8a60b3d000-7f8a60bd7000 rw-p 00000000 00:00 0 
7f8a60bd7000-7f8a60bd8000 rw-p 00000000 00:00 0 
7f8a60bd8000-7f8a60e48000 rwxp 00000000 00:00 0 
7f8a60e48000-7f8a63bd8000 rw-p 00000000 00:00 0 
7f8a63bd8000-7f8a63bf2000 r-xp 00000000 08:03 156938                     /usr/java/jdk1.7.0_51/jre/lib/amd64/libzip.so
7f8a63bf2000-7f8a63df2000 ---p 0001a000 08:03 156938                     /usr/java/jdk1.7.0_51/jre/lib/amd64/libzip.so
7f8a63df2000-7f8a63df3000 rw-p 0001a000 08:03 156938                     /usr/java/jdk1.7.0_51/jre/lib/amd64/libzip.so
7f8a63df3000-7f8a63dff000 r-xp 00000000 08:03 265805                     /lib/x86_64-linux-gnu/libnss_files-2.15.so
7f8a63dff000-7f8a63ffe000 ---p 0000c000 08:03 265805                     /lib/x86_64-linux-gnu/libnss_files-2.15.so
7f8a63ffe000-7f8a63fff000 r--p 0000b000 08:03 265805                     /lib/x86_64-linux-gnu/libnss_files-2.15.so
7f8a63fff000-7f8a64000000 rw-p 0000c000 08:03 265805                     /lib/x86_64-linux-gnu/libnss_files-2.15.so
7f8a64000000-7f8a640b1000 rw-p 00000000 00:00 0 
7f8a640b1000-7f8a68000000 ---p 00000000 00:00 0 
7f8a6801a000-7f8a680c9000 rw-p 00000000 00:00 0 
7f8a680c9000-7f8a680e7000 rw-p 00000000 00:00 0 
7f8a680e7000-7f8a680f1000 r-xp 00000000 08:03 265809                     /lib/x86_64-linux-gnu/libnss_nis-2.15.so
7f8a680f1000-7f8a682f1000 ---p 0000a000 08:03 265809                     /lib/x86_64-linux-gnu/libnss_nis-2.15.so
7f8a682f1000-7f8a682f2000 r--p 0000a000 08:03 265809                     /lib/x86_64-linux-gnu/libnss_nis-2.15.so
7f8a682f2000-7f8a682f3000 rw-p 0000b000 08:03 265809                     /lib/x86_64-linux-gnu/libnss_nis-2.15.so
7f8a682f3000-7f8a6830a000 r-xp 00000000 08:03 265799                     /lib/x86_64-linux-gnu/libnsl-2.15.so
7f8a6830a000-7f8a68509000 ---p 00017000 08:03 265799                     /lib/x86_64-linux-gnu/libnsl-2.15.so
7f8a68509000-7f8a6850a000 r--p 00016000 08:03 265799                     /lib/x86_64-linux-gnu/libnsl-2.15.so
7f8a6850a000-7f8a6850b000 rw-p 00017000 08:03 265799                     /lib/x86_64-linux-gnu/libnsl-2.15.so
7f8a6850b000-7f8a6850d000 rw-p 00000000 00:00 0 
7f8a6850d000-7f8a68515000 r-xp 00000000 08:03 265801                     /lib/x86_64-linux-gnu/libnss_compat-2.15.so
7f8a68515000-7f8a68714000 ---p 00008000 08:03 265801                     /lib/x86_64-linux-gnu/libnss_compat-2.15.so
7f8a68714000-7f8a68715000 r--p 00007000 08:03 265801                     /lib/x86_64-linux-gnu/libnss_compat-2.15.so
7f8a68715000-7f8a68716000 rw-p 00008000 08:03 265801                     /lib/x86_64-linux-gnu/libnss_compat-2.15.so
7f8a68716000-7f8a6873f000 r-xp 00000000 08:03 156922                     /usr/java/jdk1.7.0_51/jre/lib/amd64/libjava.so
7f8a6873f000-7f8a6893f000 ---p 00029000 08:03 156922                     /usr/java/jdk1.7.0_51/jre/lib/amd64/libjava.so
7f8a6893f000-7f8a68941000 rw-p 00029000 08:03 156922                     /usr/java/jdk1.7.0_51/jre/lib/amd64/libjava.so
7f8a68941000-7f8a6894e000 r-xp 00000000 08:03 156920                     /usr/java/jdk1.7.0_51/jre/lib/amd64/libverify.so
7f8a6894e000-7f8a68b4d000 ---p 0000d000 08:03 156920                     /usr/java/jdk1.7.0_51/jre/lib/amd64/libverify.so
7f8a68b4d000-7f8a68b4f000 rw-p 0000c000 08:03 156920                     /usr/java/jdk1.7.0_51/jre/lib/amd64/libverify.so
7f8a68b4f000-7f8a68b56000 r-xp 00000000 08:03 265840                     /lib/x86_64-linux-gnu/librt-2.15.so
7f8a68b56000-7f8a68d55000 ---p 00007000 08:03 265840                     /lib/x86_64-linux-gnu/librt-2.15.so
7f8a68d55000-7f8a68d56000 r--p 00006000 08:03 265840                     /lib/x86_64-linux-gnu/librt-2.15.so
7f8a68d56000-7f8a68d57000 rw-p 00007000 08:03 265840                     /lib/x86_64-linux-gnu/librt-2.15.so
7f8a68d57000-7f8a68e52000 r-xp 00000000 08:03 265786                     /lib/x86_64-linux-gnu/libm-2.15.so
7f8a68e52000-7f8a69051000 ---p 000fb000 08:03 265786                     /lib/x86_64-linux-gnu/libm-2.15.so
7f8a69051000-7f8a69052000 r--p 000fa000 08:03 265786                     /lib/x86_64-linux-gnu/libm-2.15.so
7f8a69052000-7f8a69053000 rw-p 000fb000 08:03 265786                     /lib/x86_64-linux-gnu/libm-2.15.so
7f8a69053000-7f8a69bb5000 r-xp 00000000 08:03 156928                     /usr/java/jdk1.7.0_51/jre/lib/amd64/server/libjvm.so
7f8a69bb5000-7f8a69db5000 ---p 00b62000 08:03 156928                     /usr/java/jdk1.7.0_51/jre/lib/amd64/server/libjvm.so
7f8a69db5000-7f8a69e78000 rw-p 00b62000 08:03 156928                     /usr/java/jdk1.7.0_51/jre/lib/amd64/server/libjvm.so
7f8a69e78000-7f8a69eb9000 rw-p 00000000 00:00 0 
7f8a69eb9000-7f8a6a06e000 r-xp 00000000 08:03 265754                     /lib/x86_64-linux-gnu/libc-2.15.so
7f8a6a06e000-7f8a6a26d000 ---p 001b5000 08:03 265754                     /lib/x86_64-linux-gnu/libc-2.15.so
7f8a6a26d000-7f8a6a271000 r--p 001b4000 08:03 265754                     /lib/x86_64-linux-gnu/libc-2.15.so
7f8a6a271000-7f8a6a273000 rw-p 001b8000 08:03 265754                     /lib/x86_64-linux-gnu/libc-2.15.so
7f8a6a273000-7f8a6a278000 rw-p 00000000 00:00 0 
7f8a6a278000-7f8a6a27a000 r-xp 00000000 08:03 265767                     /lib/x86_64-linux-gnu/libdl-2.15.so
7f8a6a27a000-7f8a6a47a000 ---p 00002000 08:03 265767                     /lib/x86_64-linux-gnu/libdl-2.15.so
7f8a6a47a000-7f8a6a47b000 r--p 00002000 08:03 265767                     /lib/x86_64-linux-gnu/libdl-2.15.so
7f8a6a47b000-7f8a6a47c000 rw-p 00003000 08:03 265767                     /lib/x86_64-linux-gnu/libdl-2.15.so
7f8a6a47c000-7f8a6a492000 r-xp 00000000 08:03 154519                     /usr/java/jdk1.7.0_51/lib/amd64/jli/libjli.so
7f8a6a492000-7f8a6a692000 ---p 00016000 08:03 154519                     /usr/java/jdk1.7.0_51/lib/amd64/jli/libjli.so
7f8a6a692000-7f8a6a693000 rw-p 00016000 08:03 154519                     /usr/java/jdk1.7.0_51/lib/amd64/jli/libjli.so
7f8a6a693000-7f8a6a6ab000 r-xp 00000000 08:03 265834                     /lib/x86_64-linux-gnu/libpthread-2.15.so
7f8a6a6ab000-7f8a6a8aa000 ---p 00018000 08:03 265834                     /lib/x86_64-linux-gnu/libpthread-2.15.so
7f8a6a8aa000-7f8a6a8ab000 r--p 00017000 08:03 265834                     /lib/x86_64-linux-gnu/libpthread-2.15.so
7f8a6a8ab000-7f8a6a8ac000 rw-p 00018000 08:03 265834                     /lib/x86_64-linux-gnu/libpthread-2.15.so
7f8a6a8ac000-7f8a6a8b0000 rw-p 00000000 00:00 0 
7f8a6a8b0000-7f8a6a8d2000 r-xp 00000000 08:03 265734                     /lib/x86_64-linux-gnu/ld-2.15.so
7f8a6a8e5000-7f8a6a904000 rw-p 00000000 00:00 0 
7f8a6a904000-7f8a6a9ba000 rw-p 00000000 00:00 0 
7f8a6a9ba000-7f8a6a9bd000 ---p 00000000 00:00 0 
7f8a6a9bd000-7f8a6aabf000 rw-p 00000000 00:00 0                          [stack:2658]
7f8a6aac4000-7f8a6aac6000 rw-p 00000000 00:00 0 
7f8a6aac6000-7f8a6aace000 rw-s 00000000 08:03 135339                     /tmp/hsperfdata_andrei/2657
7f8a6aace000-7f8a6aacf000 rw-p 00000000 00:00 0 
7f8a6aacf000-7f8a6aad0000 r--p 00000000 00:00 0 
7f8a6aad0000-7f8a6aad2000 rw-p 00000000 00:00 0 
7f8a6aad2000-7f8a6aad3000 r--p 00022000 08:03 265734                     /lib/x86_64-linux-gnu/ld-2.15.so
7f8a6aad3000-7f8a6aad5000 rw-p 00023000 08:03 265734                     /lib/x86_64-linux-gnu/ld-2.15.so
7fff667a7000-7fff667c8000 rw-p 00000000 00:00 0                          [stack]
7fff667fe000-7fff66800000 r-xp 00000000 00:00 0                          [vdso]
ffffffffff600000-ffffffffff601000 r-xp 00000000 00:00 0                  [vsyscall]

VM Arguments:
java_command: demo1.NativeDiv
Launcher Type: SUN_STANDARD

Environment Variables:
CLASSPATH=/media/crash/out/production/crash
PATH=/usr/lib/lightdm/lightdm:/usr/local/sbin:/usr/local/bin:/usr/sbin:/usr/bin:/sbin:/bin:/usr/games:/usr/java/jdk1.7.0_51/bin
LD_LIBRARY_PATH=/media/crash/lib
SHELL=/bin/bash
DISPLAY=:0

Signal Handlers:
SIGSEGV: [libjvm.so+0x993870], sa_mask[0]=0x7ffbfeff, sa_flags=0x10000004
SIGBUS: [libjvm.so+0x993870], sa_mask[0]=0x7ffbfeff, sa_flags=0x10000004
SIGFPE: [libjvm.so+0x8105b0], sa_mask[0]=0x7ffbfeff, sa_flags=0x10000004
SIGPIPE: [libjvm.so+0x8105b0], sa_mask[0]=0x7ffbfeff, sa_flags=0x10000004
SIGXFSZ: [libjvm.so+0x8105b0], sa_mask[0]=0x7ffbfeff, sa_flags=0x10000004
SIGILL: [libjvm.so+0x8105b0], sa_mask[0]=0x7ffbfeff, sa_flags=0x10000004
SIGUSR1: SIG_DFL, sa_mask[0]=0x00000000, sa_flags=0x00000000
SIGUSR2: [libjvm.so+0x811aa0], sa_mask[0]=0x00000000, sa_flags=0x10000004
SIGHUP: [libjvm.so+0x812a10], sa_mask[0]=0x7ffbfeff, sa_flags=0x10000004
SIGINT: [libjvm.so+0x812a10], sa_mask[0]=0x7ffbfeff, sa_flags=0x10000004
SIGTERM: [libjvm.so+0x812a10], sa_mask[0]=0x7ffbfeff, sa_flags=0x10000004
SIGQUIT: [libjvm.so+0x812a10], sa_mask[0]=0x7ffbfeff, sa_flags=0x10000004


---------------  S Y S T E M  ---------------

OS:wheezy/sid

uname:Linux 3.8.0-31-generic #46~precise1-Ubuntu SMP Wed Sep 11 18:21:16 UTC 2013 x86_64
libc:glibc 2.15 NPTL 2.15 
rlimit: STACK 8192k, CORE 0k, NPROC 31484, NOFILE 4096, AS infinity
load average:0.00 0.01 0.05

/proc/meminfo:
MemTotal:        4048960 kB
MemFree:         1214256 kB
Buffers:           78944 kB
Cached:          2346384 kB
SwapCached:            0 kB
Active:           387896 kB
Inactive:        2299052 kB
Active(anon):     262244 kB
Inactive(anon):  2027076 kB
Active(file):     125652 kB
Inactive(file):   271976 kB
Unevictable:           0 kB
Mlocked:               0 kB
SwapTotal:       1500156 kB
SwapFree:        1500156 kB
Dirty:                72 kB
Writeback:             0 kB
AnonPages:        261784 kB
Mapped:            85768 kB
Shmem:           2027692 kB
Slab:              77704 kB
SReclaimable:      57812 kB
SUnreclaim:        19892 kB
KernelStack:        2808 kB
PageTables:        22240 kB
NFS_Unstable:          0 kB
Bounce:                0 kB
WritebackTmp:          0 kB
CommitLimit:     3524636 kB
Committed_AS:    4072060 kB
VmallocTotal:   34359738367 kB
VmallocUsed:       53544 kB
VmallocChunk:   34359683795 kB
HardwareCorrupted:     0 kB
AnonHugePages:         0 kB
HugePages_Total:       0
HugePages_Free:        0
HugePages_Rsvd:        0
HugePages_Surp:        0
Hugepagesize:       2048 kB
DirectMap4k:       53184 kB
DirectMap2M:     4141056 kB


CPU:total 4 (4 cores per cpu, 1 threads per core) family 6 model 58 stepping 9, cmov, cx8, fxsr, mmx, sse, sse2, sse3, ssse3, tsc

/proc/cpuinfo:
processor	: 0
vendor_id	: GenuineIntel
cpu family	: 6
model		: 58
model name	: Intel(R) Core(TM) i7-3517U CPU @ 1.90GHz
stepping	: 9
cpu MHz		: 0.000
cache size	: 6144 KB
physical id	: 0
siblings	: 4
core id		: 0
cpu cores	: 4
apicid		: 0
initial apicid	: 0
fpu		: yes
fpu_exception	: yes
cpuid level	: 5
wp		: yes
flags		: fpu vme de pse tsc msr pae mce cx8 apic sep mtrr pge mca cmov pat pse36 clflush mmx fxsr sse sse2 ht syscall nx rdtscp lm constant_tsc rep_good nopl pni ssse3 lahf_lm
bogomips	: 2160.64
clflush size	: 64
cache_alignment	: 64
address sizes	: 36 bits physical, 48 bits virtual
power management:

processor	: 1
vendor_id	: GenuineIntel
cpu family	: 6
model		: 58
model name	: Intel(R) Core(TM) i7-3517U CPU @ 1.90GHz
stepping	: 9
cpu MHz		: 0.000
cache size	: 6144 KB
physical id	: 0
siblings	: 4
core id		: 1
cpu cores	: 4
apicid		: 1
initial apicid	: 1
fpu		: yes
fpu_exception	: yes
cpuid level	: 5
wp		: yes
flags		: fpu vme de pse tsc msr pae mce cx8 apic sep mtrr pge mca cmov pat pse36 clflush mmx fxsr sse sse2 ht syscall nx rdtscp lm constant_tsc rep_good nopl pni ssse3 lahf_lm
bogomips	: 2160.64
clflush size	: 64
cache_alignment	: 64
address sizes	: 36 bits physical, 48 bits virtual
power management:

processor	: 2
vendor_id	: GenuineIntel
cpu family	: 6
model		: 58
model name	: Intel(R) Core(TM) i7-3517U CPU @ 1.90GHz
stepping	: 9
cpu MHz		: 0.000
cache size	: 6144 KB
physical id	: 0
siblings	: 4
core id		: 2
cpu cores	: 4
apicid		: 2
initial apicid	: 2
fpu		: yes
fpu_exception	: yes
cpuid level	: 5
wp		: yes
flags		: fpu vme de pse tsc msr pae mce cx8 apic sep mtrr pge mca cmov pat pse36 clflush mmx fxsr sse sse2 ht syscall nx rdtscp lm constant_tsc rep_good nopl pni ssse3 lahf_lm
bogomips	: 2160.64
clflush size	: 64
cache_alignment	: 64
address sizes	: 36 bits physical, 48 bits virtual
power management:

processor	: 3
vendor_id	: GenuineIntel
cpu family	: 6
model		: 58
model name	: Intel(R) Core(TM) i7-3517U CPU @ 1.90GHz
stepping	: 9
cpu MHz		: 0.000
cache size	: 6144 KB
physical id	: 0
siblings	: 4
core id		: 3
cpu cores	: 4
apicid		: 3
initial apicid	: 3
fpu		: yes
fpu_exception	: yes
cpuid level	: 5
wp		: yes
flags		: fpu vme de pse tsc msr pae mce cx8 apic sep mtrr pge mca cmov pat pse36 clflush mmx fxsr sse sse2 ht syscall nx rdtscp lm constant_tsc rep_good nopl pni ssse3 lahf_lm
bogomips	: 2160.64
clflush size	: 64
cache_alignment	: 64
address sizes	: 36 bits physical, 48 bits virtual
power management:



Memory: 4k page, physical 4048960k(1214256k free), swap 1500156k(1500156k free)

vm_info: Java HotSpot(TM) 64-Bit Server VM (24.51-b03) for linux-amd64 JRE (1.7.0_51-b13), built on Dec 18 2013 18:48:01 by "java_re" with gcc 4.3.0 20080428 (Red Hat 4.3.0-8)

time: Fri Apr 18 01:48:35 2014
elapsed time: 0 seconds

