#
# A fatal error has been detected by the Java Runtime Environment:
#
#  SIGSEGV (0xb) at pc=0x00007f695d399590, pid=2671, tid=140091029894912
#
# JRE version: Java(TM) SE Runtime Environment (7.0_51-b13) (build 1.7.0_51-b13)
# Java VM: Java HotSpot(TM) 64-Bit Server VM (24.51-b03 mixed mode linux-amd64 compressed oops)
# Problematic frame:
# C  [libargs.so+0x590]  Java_demo2_NativeArgs_invoke6+0x0
#
# Failed to write core dump. Core dumps have been disabled. To enable core dumping, try "ulimit -c unlimited" before starting Java again
#
# If you would like to submit a bug report, please visit:
#   http://bugreport.sun.com/bugreport/crash.jsp
# The crash happened outside the Java Virtual Machine in native code.
# See problematic frame for where to report the bug.
#

---------------  T H R E A D  ---------------

Current thread (0x00007f6974009800):  JavaThread "main" [_thread_in_native, id=2672, stack(0x00007f697c02b000,0x00007f697c12c000)]

siginfo:si_signo=SIGSEGV: si_errno=0, si_code=1 (SEGV_MAPERR), si_addr=0x0000000000000000

Registers:
RAX=0x00007f695d399590, RBX=0x00000000bd251d68, RCX=0x0000000000000002, RDX=0x0000000000000001
RSP=0x00007f697c12a858, RBP=0x00007f697c12a8f0, RSI=0x00007f697c12a950, RDI=0x00007f69740099e8
R8 =0x0000000000000003, R9 =0x0000000000000004, R10=0x00007f697101270c, R11=0x00007f697af6bd30
R12=0x0000000000000000, R13=0x00000000bd251d68, R14=0x00007f697c12a950, R15=0x00007f6974009800
RIP=0x00007f695d399590, EFLAGS=0x0000000000010287, CSGSFS=0x0000000000000033, ERR=0x0000000000000006
  TRAPNO=0x000000000000000e

Top of Stack: (sp=0x00007f697c12a858)
0x00007f697c12a858:   00007f6971012738 0000000000000005
0x00007f697c12a868:   0000000000000006 00007f697c12a998
0x00007f697c12a878:   00007f697c12a910 00000000bd251c8e
0x00007f697c12a888:   00007f69000000b6 00007f697400a548
0x00007f697c12a898:   00007f6974009800 00007f6974009800
0x00007f697c12a8a8:   00000000bd001fe0 00007f697c12a8b0
0x00007f697c12a8b8:   00000000bd251d68 00007f697c12a950
0x00007f697c12a8c8:   00000000bd252028 0000000000000000
0x00007f697c12a8d8:   00000000bd251d68 0000000000000000
0x00007f697c12a8e8:   00007f697c12a910 00007f697c12a998
0x00007f697c12a8f8:   00007f6971006058 0000000000000000
0x00007f697c12a908:   00007f697100ecd8 0000000000000006
0x00007f697c12a918:   0000000000000000 0000000000000005
0x00007f697c12a928:   0000000000000000 0000000000000004
0x00007f697c12a938:   0000000000000003 0000000000000002
0x00007f697c12a948:   0000000000000001 00000000eb64b9c0
0x00007f697c12a958:   00007f697c12a958 00000000bd251c8e
0x00007f697c12a968:   00007f697c12a9a8 00000000bd252028
0x00007f697c12a978:   0000000000000000 00000000bd251ca8
0x00007f697c12a988:   00007f697c12a910 00007f697c12a9a8
0x00007f697c12a998:   00007f697c12aa10 00007f69710004e7
0x00007f697c12a9a8:   00000000eb64aea0 0000000000001fa0
0x00007f697c12a9b8:   00007f697c12ad00 00007f697c12aa90
0x00007f697c12a9c8:   00007f697c12ab70 00007f6974009800
0x00007f697c12a9d8:   00007f697400a540 00007f697c12aa50
0x00007f697c12a9e8:   00007f697c12ad08 00007f690000000a
0x00007f697c12a9f8:   00000000bd251ca8 00007f69710102a0
0x00007f697c12aa08:   00007f697c12ab78 00007f697c12ab00
0x00007f697c12aa18:   00007f697acbc465 00007f6900000001
0x00007f697c12aa28:   00007f6974009800 0000000000000003
0x00007f697c12aa38:   00007f697c12aa50 00007f69710102a0
0x00007f697c12aa48:   00007f690000000a 00007f6974009800 

Instructions: (pc=0x00007f695d399590)
0x00007f695d399570:   05 63 0a 20 00 48 85 c0 74 0e 5d 48 8d 3d b6 08
0x00007f695d399580:   20 00 ff e0 0f 1f 40 00 5d c3 90 90 90 90 90 90
0x00007f695d399590:   c7 04 25 00 00 00 00 01 00 00 00 c3 90 90 90 90
0x00007f695d3995a0:   55 48 89 e5 53 48 83 ec 08 48 8b 05 68 08 20 00 

Register to memory mapping:

RAX=0x00007f695d399590: Java_demo2_NativeArgs_invoke6+0 in /media/crash/lib/libargs.so at 0x00007f695d399000
RBX=0x00000000bd251d68 is an oop
{method} 
 - klass: {other class}
RCX=0x0000000000000002 is an unknown value
RDX=0x0000000000000001 is an unknown value
RSP=0x00007f697c12a858 is pointing into the stack for thread: 0x00007f6974009800
RBP=0x00007f697c12a8f0 is pointing into the stack for thread: 0x00007f6974009800
RSI=0x00007f697c12a950 is pointing into the stack for thread: 0x00007f6974009800
RDI=0x00007f69740099e8 is an unknown value
R8 =0x0000000000000003 is an unknown value
R9 =0x0000000000000004 is an unknown value
R10=0x00007f697101270c is at code_begin+620 in an Interpreter codelet
method entry point (kind = native)  [0x00007f69710124a0, 0x00007f6971012d00]  2144 bytes
R11=0x00007f697af6bd30: <offset 0x8a7d30> in /usr/java/jdk1.7.0_51/jre/lib/amd64/server/libjvm.so at 0x00007f697a6c4000
R12=0x0000000000000000 is an unknown value
R13=0x00000000bd251d68 is an oop
{method} 
 - klass: {other class}
R14=0x00007f697c12a950 is pointing into the stack for thread: 0x00007f6974009800
R15=0x00007f6974009800 is a thread


Stack: [0x00007f697c02b000,0x00007f697c12c000],  sp=0x00007f697c12a858,  free space=1022k
Native frames: (J=compiled Java code, j=interpreted, Vv=VM code, C=native code)
C  [libargs.so+0x590]  Java_demo2_NativeArgs_invoke6+0x0
j  demo2.NativeArgs.main([Ljava/lang/String;)V+22
v  ~StubRoutines::call_stub
V  [libjvm.so+0x5f8465]  JavaCalls::call_helper(JavaValue*, methodHandle*, JavaCallArguments*, Thread*)+0x365
V  [libjvm.so+0x5f6ec8]  JavaCalls::call(JavaValue*, methodHandle, JavaCallArguments*, Thread*)+0x28
V  [libjvm.so+0x6300b9]  jni_invoke_static(JNIEnv_*, JavaValue*, _jobject*, JNICallType, _jmethodID*, JNI_ArgumentPusher*, Thread*)+0x219
V  [libjvm.so+0x639142]  jni_CallStaticVoidMethod+0x162
C  [libjli.so+0x36d9]  JavaMain+0x7e9

Java frames: (J=compiled Java code, j=interpreted, Vv=VM code)
j  demo2.NativeArgs.invoke6(IISBJJ)V+0
j  demo2.NativeArgs.main([Ljava/lang/String;)V+22
v  ~StubRoutines::call_stub

---------------  P R O C E S S  ---------------

Java Threads: ( => current thread )
  0x00007f6974096000 JavaThread "Service Thread" daemon [_thread_blocked, id=2683, stack(0x00007f695d69c000,0x00007f695d79d000)]
  0x00007f6974093800 JavaThread "C2 CompilerThread1" daemon [_thread_blocked, id=2682, stack(0x00007f69700af000,0x00007f69701b0000)]
  0x00007f6974090800 JavaThread "C2 CompilerThread0" daemon [_thread_blocked, id=2681, stack(0x00007f69701b0000,0x00007f69702b1000)]
  0x00007f6974086800 JavaThread "Signal Dispatcher" daemon [_thread_blocked, id=2680, stack(0x00007f69702b1000,0x00007f69703b2000)]
  0x00007f697406f800 JavaThread "Finalizer" daemon [_thread_blocked, id=2679, stack(0x00007f69703b2000,0x00007f69704b3000)]
  0x00007f697406b800 JavaThread "Reference Handler" daemon [_thread_blocked, id=2678, stack(0x00007f69704b3000,0x00007f69705b4000)]
=>0x00007f6974009800 JavaThread "main" [_thread_in_native, id=2672, stack(0x00007f697c02b000,0x00007f697c12c000)]

Other Threads:
  0x00007f6974069000 VMThread [stack: 0x00007f69705b4000,0x00007f69706b5000] [id=2677]
  0x00007f69740a0800 WatcherThread [stack: 0x00007f695d59b000,0x00007f695d69c000] [id=2684]

VM state:not at safepoint (normal execution)

VM Mutex/Monitor currently owned by a thread: None

Heap
 PSYoungGen      total 18944K, used 327K [0x00000000eb600000, 0x00000000ecb00000, 0x0000000100000000)
  eden space 16384K, 2% used [0x00000000eb600000,0x00000000eb651f28,0x00000000ec600000)
  from space 2560K, 0% used [0x00000000ec880000,0x00000000ec880000,0x00000000ecb00000)
  to   space 2560K, 0% used [0x00000000ec600000,0x00000000ec600000,0x00000000ec880000)
 ParOldGen       total 41984K, used 0K [0x00000000c2200000, 0x00000000c4b00000, 0x00000000eb600000)
  object space 41984K, 0% used [0x00000000c2200000,0x00000000c2200000,0x00000000c4b00000)
 PSPermGen       total 21504K, used 2379K [0x00000000bd000000, 0x00000000be500000, 0x00000000c2200000)
  object space 21504K, 11% used [0x00000000bd000000,0x00000000bd252dd8,0x00000000be500000)

Card table byte_map: [0x00007f6979117000,0x00007f6979330000] byte_map_base: 0x00007f6978b2f000

Polling page: 0x00007f697c140000

Code Cache  [0x00007f6971000000, 0x00007f6971270000, 0x00007f6974000000)
 total_blobs=165 nmethods=0 adapters=135 free_code_cache=48774Kb largest_free_block=49945408

Compilation events (0 events):
No events

GC Heap History (0 events):
No events

Deoptimization events (0 events):
No events

Internal exceptions (2 events):
Event: 0.052 Thread 0x00007f6974009800 Threw 0x00000000eb6102d8 at /HUDSON/workspace/7u-2-build-linux-amd64@2/jdk7u51/527/hotspot/src/share/vm/prims/jni.cpp:3991
Event: 0.101 Thread 0x00007f6974009800 Threw 0x00000000eb645c50 at /HUDSON/workspace/7u-2-build-linux-amd64@2/jdk7u51/527/hotspot/src/share/vm/prims/jvm.cpp:1244

Events (10 events):
Event: 0.113 loading class 0x00007f697895a740
Event: 0.113 loading class 0x00007f697895a740 done
Event: 0.113 loading class 0x00007f697895a7d0
Event: 0.113 loading class 0x00007f697895a7d0 done
Event: 0.113 loading class 0x00007f6978929b50
Event: 0.113 loading class 0x00007f6978929b50 done
Event: 0.114 loading class 0x00007f6978911cf0
Event: 0.114 loading class 0x00007f6978911cf0 done
Event: 0.114 loading class 0x00007f6978911c90
Event: 0.114 loading class 0x00007f6978911c90 done


Dynamic libraries:
00400000-00401000 r-xp 00000000 08:03 141022                             /usr/java/jdk1.7.0_51/bin/java
00600000-00601000 rw-p 00000000 08:03 141022                             /usr/java/jdk1.7.0_51/bin/java
0246f000-02490000 rw-p 00000000 00:00 0                                  [heap]
bd000000-be500000 rw-p 00000000 00:00 0 
be500000-c2200000 rw-p 00000000 00:00 0 
c2200000-c4b00000 rw-p 00000000 00:00 0 
c4b00000-eb600000 rw-p 00000000 00:00 0 
eb600000-ecb00000 rw-p 00000000 00:00 0 
ecb00000-100000000 rw-p 00000000 00:00 0 
7f6938000000-7f6938021000 rw-p 00000000 00:00 0 
7f6938021000-7f693c000000 ---p 00000000 00:00 0 
7f6940000000-7f6940021000 rw-p 00000000 00:00 0 
7f6940021000-7f6944000000 ---p 00000000 00:00 0 
7f6944000000-7f6944021000 rw-p 00000000 00:00 0 
7f6944021000-7f6948000000 ---p 00000000 00:00 0 
7f6948000000-7f6948021000 rw-p 00000000 00:00 0 
7f6948021000-7f694c000000 ---p 00000000 00:00 0 
7f694c000000-7f694c021000 rw-p 00000000 00:00 0 
7f694c021000-7f6950000000 ---p 00000000 00:00 0 
7f6950000000-7f6950021000 rw-p 00000000 00:00 0 
7f6950021000-7f6954000000 ---p 00000000 00:00 0 
7f6954000000-7f6954021000 rw-p 00000000 00:00 0 
7f6954021000-7f6958000000 ---p 00000000 00:00 0 
7f6958000000-7f6958021000 rw-p 00000000 00:00 0 
7f6958021000-7f695c000000 ---p 00000000 00:00 0 
7f695d154000-7f695d399000 rw-p 00000000 00:00 0 
7f695d399000-7f695d39a000 r-xp 00000000 00:14 20                         /media/crash/lib/libargs.so
7f695d39a000-7f695d599000 ---p 00001000 00:14 20                         /media/crash/lib/libargs.so
7f695d599000-7f695d59a000 r--p 00000000 00:14 20                         /media/crash/lib/libargs.so
7f695d59a000-7f695d59b000 rw-p 00001000 00:14 20                         /media/crash/lib/libargs.so
7f695d59b000-7f695d59c000 ---p 00000000 00:00 0 
7f695d59c000-7f695d69c000 rw-p 00000000 00:00 0                          [stack:2684]
7f695d69c000-7f695d69f000 ---p 00000000 00:00 0 
7f695d69f000-7f695d79d000 rw-p 00000000 00:00 0                          [stack:2683]
7f695d79d000-7f695de80000 r--p 00000000 08:03 138899                     /usr/lib/locale/locale-archive
7f695de80000-7f6960000000 rw-p 00000000 00:00 0 
7f6960000000-7f6960021000 rw-p 00000000 00:00 0 
7f6960021000-7f6964000000 ---p 00000000 00:00 0 
7f6964000000-7f6964021000 rw-p 00000000 00:00 0 
7f6964021000-7f6968000000 ---p 00000000 00:00 0 
7f6968000000-7f6968021000 rw-p 00000000 00:00 0 
7f6968021000-7f696c000000 ---p 00000000 00:00 0 
7f696c000000-7f696c021000 rw-p 00000000 00:00 0 
7f696c021000-7f6970000000 ---p 00000000 00:00 0 
7f69700af000-7f69700b2000 ---p 00000000 00:00 0 
7f69700b2000-7f69701b0000 rw-p 00000000 00:00 0                          [stack:2682]
7f69701b0000-7f69701b3000 ---p 00000000 00:00 0 
7f69701b3000-7f69702b1000 rw-p 00000000 00:00 0                          [stack:2681]
7f69702b1000-7f69702b4000 ---p 00000000 00:00 0 
7f69702b4000-7f69703b2000 rw-p 00000000 00:00 0                          [stack:2680]
7f69703b2000-7f69703b5000 ---p 00000000 00:00 0 
7f69703b5000-7f69704b3000 rw-p 00000000 00:00 0                          [stack:2679]
7f69704b3000-7f69704b6000 ---p 00000000 00:00 0 
7f69704b6000-7f69705b4000 rw-p 00000000 00:00 0                          [stack:2678]
7f69705b4000-7f69705b5000 ---p 00000000 00:00 0 
7f69705b5000-7f6971000000 rw-p 00000000 00:00 0                          [stack:2677]
7f6971000000-7f6971270000 rwxp 00000000 00:00 0 
7f6971270000-7f69740b1000 rw-p 00000000 00:00 0 
7f69740b1000-7f6978000000 ---p 00000000 00:00 0 
7f697801e000-7f69786d2000 rw-p 00000000 00:00 0 
7f69786d2000-7f697888f000 r--s 039bf000 08:03 156950                     /usr/java/jdk1.7.0_51/jre/lib/rt.jar
7f697888f000-7f6978ba0000 rw-p 00000000 00:00 0 
7f6978ba0000-7f6978ba1000 ---p 00000000 00:00 0 
7f6978ba1000-7f6978ca1000 rw-p 00000000 00:00 0                          [stack:2676]
7f6978ca1000-7f6978ca2000 ---p 00000000 00:00 0 
7f6978ca2000-7f6978da2000 rw-p 00000000 00:00 0                          [stack:2675]
7f6978da2000-7f6978da3000 ---p 00000000 00:00 0 
7f6978da3000-7f6978ea3000 rw-p 00000000 00:00 0                          [stack:2674]
7f6978ea3000-7f6978ea4000 ---p 00000000 00:00 0 
7f6978ea4000-7f6978faf000 rw-p 00000000 00:00 0                          [stack:2673]
7f6978faf000-7f6978fcd000 rw-p 00000000 00:00 0 
7f6978fcd000-7f6978fe2000 rw-p 00000000 00:00 0 
7f6978fe2000-7f6979117000 rw-p 00000000 00:00 0 
7f6979117000-7f6979122000 rw-p 00000000 00:00 0 
7f6979122000-7f6979140000 rw-p 00000000 00:00 0 
7f6979140000-7f6979155000 rw-p 00000000 00:00 0 
7f6979155000-7f697928a000 rw-p 00000000 00:00 0 
7f697928a000-7f6979295000 rw-p 00000000 00:00 0 
7f6979295000-7f697932f000 rw-p 00000000 00:00 0 
7f697932f000-7f6979330000 rw-p 00000000 00:00 0 
7f6979330000-7f697934a000 r-xp 00000000 08:03 156938                     /usr/java/jdk1.7.0_51/jre/lib/amd64/libzip.so
7f697934a000-7f697954a000 ---p 0001a000 08:03 156938                     /usr/java/jdk1.7.0_51/jre/lib/amd64/libzip.so
7f697954a000-7f697954b000 rw-p 0001a000 08:03 156938                     /usr/java/jdk1.7.0_51/jre/lib/amd64/libzip.so
7f697954b000-7f6979557000 r-xp 00000000 08:03 265805                     /lib/x86_64-linux-gnu/libnss_files-2.15.so
7f6979557000-7f6979756000 ---p 0000c000 08:03 265805                     /lib/x86_64-linux-gnu/libnss_files-2.15.so
7f6979756000-7f6979757000 r--p 0000b000 08:03 265805                     /lib/x86_64-linux-gnu/libnss_files-2.15.so
7f6979757000-7f6979758000 rw-p 0000c000 08:03 265805                     /lib/x86_64-linux-gnu/libnss_files-2.15.so
7f6979758000-7f6979762000 r-xp 00000000 08:03 265809                     /lib/x86_64-linux-gnu/libnss_nis-2.15.so
7f6979762000-7f6979962000 ---p 0000a000 08:03 265809                     /lib/x86_64-linux-gnu/libnss_nis-2.15.so
7f6979962000-7f6979963000 r--p 0000a000 08:03 265809                     /lib/x86_64-linux-gnu/libnss_nis-2.15.so
7f6979963000-7f6979964000 rw-p 0000b000 08:03 265809                     /lib/x86_64-linux-gnu/libnss_nis-2.15.so
7f6979964000-7f697997b000 r-xp 00000000 08:03 265799                     /lib/x86_64-linux-gnu/libnsl-2.15.so
7f697997b000-7f6979b7a000 ---p 00017000 08:03 265799                     /lib/x86_64-linux-gnu/libnsl-2.15.so
7f6979b7a000-7f6979b7b000 r--p 00016000 08:03 265799                     /lib/x86_64-linux-gnu/libnsl-2.15.so
7f6979b7b000-7f6979b7c000 rw-p 00017000 08:03 265799                     /lib/x86_64-linux-gnu/libnsl-2.15.so
7f6979b7c000-7f6979b7e000 rw-p 00000000 00:00 0 
7f6979b7e000-7f6979b86000 r-xp 00000000 08:03 265801                     /lib/x86_64-linux-gnu/libnss_compat-2.15.so
7f6979b86000-7f6979d85000 ---p 00008000 08:03 265801                     /lib/x86_64-linux-gnu/libnss_compat-2.15.so
7f6979d85000-7f6979d86000 r--p 00007000 08:03 265801                     /lib/x86_64-linux-gnu/libnss_compat-2.15.so
7f6979d86000-7f6979d87000 rw-p 00008000 08:03 265801                     /lib/x86_64-linux-gnu/libnss_compat-2.15.so
7f6979d87000-7f6979db0000 r-xp 00000000 08:03 156922                     /usr/java/jdk1.7.0_51/jre/lib/amd64/libjava.so
7f6979db0000-7f6979fb0000 ---p 00029000 08:03 156922                     /usr/java/jdk1.7.0_51/jre/lib/amd64/libjava.so
7f6979fb0000-7f6979fb2000 rw-p 00029000 08:03 156922                     /usr/java/jdk1.7.0_51/jre/lib/amd64/libjava.so
7f6979fb2000-7f6979fbf000 r-xp 00000000 08:03 156920                     /usr/java/jdk1.7.0_51/jre/lib/amd64/libverify.so
7f6979fbf000-7f697a1be000 ---p 0000d000 08:03 156920                     /usr/java/jdk1.7.0_51/jre/lib/amd64/libverify.so
7f697a1be000-7f697a1c0000 rw-p 0000c000 08:03 156920                     /usr/java/jdk1.7.0_51/jre/lib/amd64/libverify.so
7f697a1c0000-7f697a1c7000 r-xp 00000000 08:03 265840                     /lib/x86_64-linux-gnu/librt-2.15.so
7f697a1c7000-7f697a3c6000 ---p 00007000 08:03 265840                     /lib/x86_64-linux-gnu/librt-2.15.so
7f697a3c6000-7f697a3c7000 r--p 00006000 08:03 265840                     /lib/x86_64-linux-gnu/librt-2.15.so
7f697a3c7000-7f697a3c8000 rw-p 00007000 08:03 265840                     /lib/x86_64-linux-gnu/librt-2.15.so
7f697a3c8000-7f697a4c3000 r-xp 00000000 08:03 265786                     /lib/x86_64-linux-gnu/libm-2.15.so
7f697a4c3000-7f697a6c2000 ---p 000fb000 08:03 265786                     /lib/x86_64-linux-gnu/libm-2.15.so
7f697a6c2000-7f697a6c3000 r--p 000fa000 08:03 265786                     /lib/x86_64-linux-gnu/libm-2.15.so
7f697a6c3000-7f697a6c4000 rw-p 000fb000 08:03 265786                     /lib/x86_64-linux-gnu/libm-2.15.so
7f697a6c4000-7f697b226000 r-xp 00000000 08:03 156928                     /usr/java/jdk1.7.0_51/jre/lib/amd64/server/libjvm.so
7f697b226000-7f697b426000 ---p 00b62000 08:03 156928                     /usr/java/jdk1.7.0_51/jre/lib/amd64/server/libjvm.so
7f697b426000-7f697b4e9000 rw-p 00b62000 08:03 156928                     /usr/java/jdk1.7.0_51/jre/lib/amd64/server/libjvm.so
7f697b4e9000-7f697b52a000 rw-p 00000000 00:00 0 
7f697b52a000-7f697b6df000 r-xp 00000000 08:03 265754                     /lib/x86_64-linux-gnu/libc-2.15.so
7f697b6df000-7f697b8de000 ---p 001b5000 08:03 265754                     /lib/x86_64-linux-gnu/libc-2.15.so
7f697b8de000-7f697b8e2000 r--p 001b4000 08:03 265754                     /lib/x86_64-linux-gnu/libc-2.15.so
7f697b8e2000-7f697b8e4000 rw-p 001b8000 08:03 265754                     /lib/x86_64-linux-gnu/libc-2.15.so
7f697b8e4000-7f697b8e9000 rw-p 00000000 00:00 0 
7f697b8e9000-7f697b8eb000 r-xp 00000000 08:03 265767                     /lib/x86_64-linux-gnu/libdl-2.15.so
7f697b8eb000-7f697baeb000 ---p 00002000 08:03 265767                     /lib/x86_64-linux-gnu/libdl-2.15.so
7f697baeb000-7f697baec000 r--p 00002000 08:03 265767                     /lib/x86_64-linux-gnu/libdl-2.15.so
7f697baec000-7f697baed000 rw-p 00003000 08:03 265767                     /lib/x86_64-linux-gnu/libdl-2.15.so
7f697baed000-7f697bb03000 r-xp 00000000 08:03 154519                     /usr/java/jdk1.7.0_51/lib/amd64/jli/libjli.so
7f697bb03000-7f697bd03000 ---p 00016000 08:03 154519                     /usr/java/jdk1.7.0_51/lib/amd64/jli/libjli.so
7f697bd03000-7f697bd04000 rw-p 00016000 08:03 154519                     /usr/java/jdk1.7.0_51/lib/amd64/jli/libjli.so
7f697bd04000-7f697bd1c000 r-xp 00000000 08:03 265834                     /lib/x86_64-linux-gnu/libpthread-2.15.so
7f697bd1c000-7f697bf1b000 ---p 00018000 08:03 265834                     /lib/x86_64-linux-gnu/libpthread-2.15.so
7f697bf1b000-7f697bf1c000 r--p 00017000 08:03 265834                     /lib/x86_64-linux-gnu/libpthread-2.15.so
7f697bf1c000-7f697bf1d000 rw-p 00018000 08:03 265834                     /lib/x86_64-linux-gnu/libpthread-2.15.so
7f697bf1d000-7f697bf21000 rw-p 00000000 00:00 0 
7f697bf21000-7f697bf43000 r-xp 00000000 08:03 265734                     /lib/x86_64-linux-gnu/ld-2.15.so
7f697bf56000-7f697bf75000 rw-p 00000000 00:00 0 
7f697bf75000-7f697c02b000 rw-p 00000000 00:00 0 
7f697c02b000-7f697c02e000 ---p 00000000 00:00 0 
7f697c02e000-7f697c130000 rw-p 00000000 00:00 0                          [stack:2672]
7f697c135000-7f697c137000 rw-p 00000000 00:00 0 
7f697c137000-7f697c13f000 rw-s 00000000 08:03 135339                     /tmp/hsperfdata_andrei/2671
7f697c13f000-7f697c140000 rw-p 00000000 00:00 0 
7f697c140000-7f697c141000 r--p 00000000 00:00 0 
7f697c141000-7f697c143000 rw-p 00000000 00:00 0 
7f697c143000-7f697c144000 r--p 00022000 08:03 265734                     /lib/x86_64-linux-gnu/ld-2.15.so
7f697c144000-7f697c146000 rw-p 00023000 08:03 265734                     /lib/x86_64-linux-gnu/ld-2.15.so
7fffe122e000-7fffe124f000 rw-p 00000000 00:00 0                          [stack]
7fffe1255000-7fffe1257000 r-xp 00000000 00:00 0                          [vdso]
ffffffffff600000-ffffffffff601000 r-xp 00000000 00:00 0                  [vsyscall]

VM Arguments:
java_command: demo2.NativeArgs
Launcher Type: SUN_STANDARD

Environment Variables:
CLASSPATH=/media/crash/out/production/crash
PATH=/usr/lib/lightdm/lightdm:/usr/local/sbin:/usr/local/bin:/usr/sbin:/usr/bin:/sbin:/bin:/usr/games:/usr/java/jdk1.7.0_51/bin
LD_LIBRARY_PATH=/media/crash/lib
SHELL=/bin/bash
DISPLAY=:0

Signal Handlers:
SIGSEGV: [libjvm.so+0x993870], sa_mask[0]=0x7ffbfeff, sa_flags=0x10000004
SIGBUS: [libjvm.so+0x993870], sa_mask[0]=0x7ffbfeff, sa_flags=0x10000004
SIGFPE: [libjvm.so+0x8105b0], sa_mask[0]=0x7ffbfeff, sa_flags=0x10000004
SIGPIPE: [libjvm.so+0x8105b0], sa_mask[0]=0x7ffbfeff, sa_flags=0x10000004
SIGXFSZ: [libjvm.so+0x8105b0], sa_mask[0]=0x7ffbfeff, sa_flags=0x10000004
SIGILL: [libjvm.so+0x8105b0], sa_mask[0]=0x7ffbfeff, sa_flags=0x10000004
SIGUSR1: SIG_DFL, sa_mask[0]=0x00000000, sa_flags=0x00000000
SIGUSR2: [libjvm.so+0x811aa0], sa_mask[0]=0x00000000, sa_flags=0x10000004
SIGHUP: [libjvm.so+0x812a10], sa_mask[0]=0x7ffbfeff, sa_flags=0x10000004
SIGINT: [libjvm.so+0x812a10], sa_mask[0]=0x7ffbfeff, sa_flags=0x10000004
SIGTERM: [libjvm.so+0x812a10], sa_mask[0]=0x7ffbfeff, sa_flags=0x10000004
SIGQUIT: [libjvm.so+0x812a10], sa_mask[0]=0x7ffbfeff, sa_flags=0x10000004


---------------  S Y S T E M  ---------------

OS:wheezy/sid

uname:Linux 3.8.0-31-generic #46~precise1-Ubuntu SMP Wed Sep 11 18:21:16 UTC 2013 x86_64
libc:glibc 2.15 NPTL 2.15 
rlimit: STACK 8192k, CORE 0k, NPROC 31484, NOFILE 4096, AS infinity
load average:0.00 0.01 0.05

/proc/meminfo:
MemTotal:        4048960 kB
MemFree:         1213172 kB
Buffers:           78952 kB
Cached:          2346376 kB
SwapCached:            0 kB
Active:           388108 kB
Inactive:        2299064 kB
Active(anon):     262456 kB
Inactive(anon):  2027076 kB
Active(file):     125652 kB
Inactive(file):   271988 kB
Unevictable:           0 kB
Mlocked:               0 kB
SwapTotal:       1500156 kB
SwapFree:        1500156 kB
Dirty:                72 kB
Writeback:             0 kB
AnonPages:        262088 kB
Mapped:            85988 kB
Shmem:           2027692 kB
Slab:              77700 kB
SReclaimable:      57808 kB
SUnreclaim:        19892 kB
KernelStack:        2816 kB
PageTables:        22500 kB
NFS_Unstable:          0 kB
Bounce:                0 kB
WritebackTmp:          0 kB
CommitLimit:     3524636 kB
Committed_AS:    4071996 kB
VmallocTotal:   34359738367 kB
VmallocUsed:       53544 kB
VmallocChunk:   34359683795 kB
HardwareCorrupted:     0 kB
AnonHugePages:         0 kB
HugePages_Total:       0
HugePages_Free:        0
HugePages_Rsvd:        0
HugePages_Surp:        0
Hugepagesize:       2048 kB
DirectMap4k:       53184 kB
DirectMap2M:     4141056 kB


CPU:total 4 (4 cores per cpu, 1 threads per core) family 6 model 58 stepping 9, cmov, cx8, fxsr, mmx, sse, sse2, sse3, ssse3, tsc

/proc/cpuinfo:
processor	: 0
vendor_id	: GenuineIntel
cpu family	: 6
model		: 58
model name	: Intel(R) Core(TM) i7-3517U CPU @ 1.90GHz
stepping	: 9
cpu MHz		: 0.000
cache size	: 6144 KB
physical id	: 0
siblings	: 4
core id		: 0
cpu cores	: 4
apicid		: 0
initial apicid	: 0
fpu		: yes
fpu_exception	: yes
cpuid level	: 5
wp		: yes
flags		: fpu vme de pse tsc msr pae mce cx8 apic sep mtrr pge mca cmov pat pse36 clflush mmx fxsr sse sse2 ht syscall nx rdtscp lm constant_tsc rep_good nopl pni ssse3 lahf_lm
bogomips	: 2160.64
clflush size	: 64
cache_alignment	: 64
address sizes	: 36 bits physical, 48 bits virtual
power management:

processor	: 1
vendor_id	: GenuineIntel
cpu family	: 6
model		: 58
model name	: Intel(R) Core(TM) i7-3517U CPU @ 1.90GHz
stepping	: 9
cpu MHz		: 0.000
cache size	: 6144 KB
physical id	: 0
siblings	: 4
core id		: 1
cpu cores	: 4
apicid		: 1
initial apicid	: 1
fpu		: yes
fpu_exception	: yes
cpuid level	: 5
wp		: yes
flags		: fpu vme de pse tsc msr pae mce cx8 apic sep mtrr pge mca cmov pat pse36 clflush mmx fxsr sse sse2 ht syscall nx rdtscp lm constant_tsc rep_good nopl pni ssse3 lahf_lm
bogomips	: 2160.64
clflush size	: 64
cache_alignment	: 64
address sizes	: 36 bits physical, 48 bits virtual
power management:

processor	: 2
vendor_id	: GenuineIntel
cpu family	: 6
model		: 58
model name	: Intel(R) Core(TM) i7-3517U CPU @ 1.90GHz
stepping	: 9
cpu MHz		: 0.000
cache size	: 6144 KB
physical id	: 0
siblings	: 4
core id		: 2
cpu cores	: 4
apicid		: 2
initial apicid	: 2
fpu		: yes
fpu_exception	: yes
cpuid level	: 5
wp		: yes
flags		: fpu vme de pse tsc msr pae mce cx8 apic sep mtrr pge mca cmov pat pse36 clflush mmx fxsr sse sse2 ht syscall nx rdtscp lm constant_tsc rep_good nopl pni ssse3 lahf_lm
bogomips	: 2160.64
clflush size	: 64
cache_alignment	: 64
address sizes	: 36 bits physical, 48 bits virtual
power management:

processor	: 3
vendor_id	: GenuineIntel
cpu family	: 6
model		: 58
model name	: Intel(R) Core(TM) i7-3517U CPU @ 1.90GHz
stepping	: 9
cpu MHz		: 0.000
cache size	: 6144 KB
physical id	: 0
siblings	: 4
core id		: 3
cpu cores	: 4
apicid		: 3
initial apicid	: 3
fpu		: yes
fpu_exception	: yes
cpuid level	: 5
wp		: yes
flags		: fpu vme de pse tsc msr pae mce cx8 apic sep mtrr pge mca cmov pat pse36 clflush mmx fxsr sse sse2 ht syscall nx rdtscp lm constant_tsc rep_good nopl pni ssse3 lahf_lm
bogomips	: 2160.64
clflush size	: 64
cache_alignment	: 64
address sizes	: 36 bits physical, 48 bits virtual
power management:



Memory: 4k page, physical 4048960k(1213172k free), swap 1500156k(1500156k free)

vm_info: Java HotSpot(TM) 64-Bit Server VM (24.51-b03) for linux-amd64 JRE (1.7.0_51-b13), built on Dec 18 2013 18:48:01 by "java_re" with gcc 4.3.0 20080428 (Red Hat 4.3.0-8)

time: Fri Apr 18 01:48:41 2014
elapsed time: 0 seconds

