#
# A fatal error has been detected by the Java Runtime Environment:
#
#  SIGSEGV (0xb) at pc=0x00007fc9810621a8, pid=3621, tid=140503608899328
#
# JRE version: Java(TM) SE Runtime Environment (7.0_51-b13) (build 1.7.0_51-b13)
# Java VM: Java HotSpot(TM) 64-Bit Server VM (24.51-b03 mixed mode linux-amd64 compressed oops)
# Problematic frame:
# J  extra2.LongMask.put()V
#
# Failed to write core dump. Core dumps have been disabled. To enable core dumping, try "ulimit -c unlimited" before starting Java again
#
# If you would like to submit a bug report, please visit:
#   http://bugreport.sun.com/bugreport/crash.jsp
#

---------------  T H R E A D  ---------------

Current thread (0x00007fc984009800):  JavaThread "main" [_thread_in_Java, id=3622, stack(0x00007fc98ba2b000,0x00007fc98bb2c000)]

siginfo:si_signo=SIGSEGV: si_errno=0, si_code=1 (SEGV_MAPERR), si_addr=0x00007fca70e9fdd0

Registers:
RAX=0x00000000bd252058, RBX=0x00000000bd252058, RCX=0x00000000eb64d508, RDX=0x00000000bd2522d8
RSP=0x00007fc98bb2a910, RBP=0x00007fc98bb2a988, RSI=0x00000000eb64d508, RDI=0x00007fc98bb2a820
R8 =0x00007fc98aefba60, R9 =0x00007fc98aa9742a, R10=0x00000000fff0bdc0, R11=0x00007fc970f94010
R12=0x0000000000000000, R13=0x00007fc98bb2a940, R14=0x00000000bd257e38, R15=0x00007fc984009800
RIP=0x00007fc9810621a8, EFLAGS=0x0000000000010286, CSGSFS=0x0000000000000033, ERR=0x0000000000000006
  TRAPNO=0x000000000000000e

Top of Stack: (sp=0x00007fc98bb2a910)
0x00007fc98bb2a910:   0000000000000000 00007fc98bb2a940
0x00007fc98bb2a920:   00007fc98bb2a988 00007fc981006058
0x00007fc98bb2a930:   fffffffffff0bdc0 00007fc981006058
0x00007fc98bb2a940:   00000000eb64d508 00007fc98bb2a948
0x00007fc98bb2a950:   00000000bd252149 00007fc98bb2a9a8
0x00007fc98bb2a960:   00000000bd2533b8 00000000bd257e38
0x00007fc98bb2a970:   00000000bd252188 00007fc98bb2a940
0x00007fc98bb2a980:   00007fc98bb2a9a8 00007fc98bb2aa10
0x00007fc98bb2a990:   00007fc9810004e7 0000000000008f98
0x00007fc98bb2a9a0:   00000000eb64d508 00000000eb64d4f8
0x00007fc98bb2a9b0:   00007fc900001fa0 00007fc98bb2ad00
0x00007fc98bb2a9c0:   00007fc98bb2aa90 00007fc98bb2ab70
0x00007fc98bb2a9d0:   00007fc984009800 00007fc98400a540
0x00007fc98bb2a9e0:   00007fc98bb2aa50 00007fc98bb2ad08
0x00007fc98bb2a9f0:   00007fc90000000a 00000000bd252188
0x00007fc98bb2aa00:   00007fc9810102a0 00007fc98bb2ab78
0x00007fc98bb2aa10:   00007fc98bb2ab00 00007fc98a6bc465
0x00007fc98bb2aa20:   00007fc900000001 00007fc984009800
0x00007fc98bb2aa30:   00007fc9810102a0 00007fc98bb2aa50
0x00007fc98bb2aa40:   00007fc9810102a0 00007fc90000000a
0x00007fc98bb2aa50:   00007fc984009800 00007fc98400b040
0x00007fc98bb2aa60:   00000000bd252188 0000000000000000
0x00007fc98bb2aa70:   0000000000000000 0000000000000000
0x00007fc98bb2aa80:   0000000000000000 00007fc98bb2ad00
0x00007fc98bb2aa90:   00007fc984009800 00007fc984006f70
0x00007fc98bb2aaa0:   00007fc98400a530 00007fc98400a548
0x00007fc98bb2aab0:   00007fc98400a918 00000000000003d8
0x00007fc98bb2aac0:   00007fc984006fb0 00000000bd251b78
0x00007fc98bb2aad0:   00007fc98bb2ab20 00007fc98bb2abf0
0x00007fc98bb2aae0:   00000000bd251b78 00007fc984006f40
0x00007fc98bb2aaf0:   00007fc98400a540 00007fc98bb2ab70
0x00007fc98bb2ab00:   00007fc98bb2ab20 00007fc98a6baec8 

Instructions: (pc=0x00007fc9810621a8)
0x00007fc981062188:   85 d3 57 fd ff 66 66 90 48 81 ec 18 00 00 00 48
0x00007fc981062198:   89 6c 24 10 44 8b 56 0c 41 83 e2 fc 4c 8b 5e 18
0x00007fc9810621a8:   43 c7 04 13 01 00 00 00 48 83 c4 10 5d 85 05 45
0x00007fc9810621b8:   de ad 0a c3 f4 f4 f4 f4 e9 5b ce ff ff e8 00 00 

Register to memory mapping:

RAX=0x00000000bd252058 is an oop
{method} 
 - klass: {other class}
RBX=0x00000000bd252058 is an oop
{method} 
 - klass: {other class}
RCX=0x00000000eb64d508 is an oop
extra2.LongMask 
 - klass: 'extra2/LongMask'
RDX=0x00000000bd2522d8 is an oop
{instance class} 
 - klass: {other class}
RSP=0x00007fc98bb2a910 is pointing into the stack for thread: 0x00007fc984009800
RBP=0x00007fc98bb2a988 is pointing into the stack for thread: 0x00007fc984009800
RSI=0x00000000eb64d508 is an oop
extra2.LongMask 
 - klass: 'extra2/LongMask'
RDI=0x00007fc98bb2a820 is pointing into the stack for thread: 0x00007fc984009800
R8 =0x00007fc98aefba60: <offset 0xe37a60> in /usr/java/jdk1.7.0_51/jre/lib/amd64/server/libjvm.so at 0x00007fc98a0c4000
R9 =0x00007fc98aa9742a: <offset 0x9d342a> in /usr/java/jdk1.7.0_51/jre/lib/amd64/server/libjvm.so at 0x00007fc98a0c4000
R10=0x00000000fff0bdc0 is an unallocated location in the heap
R11=0x00007fc970f94010 is an unknown value
R12=0x0000000000000000 is an unknown value
R13=0x00007fc98bb2a940 is pointing into the stack for thread: 0x00007fc984009800
R14=0x00000000bd257e38 is pointing into object: 0x00000000bd257d50
{method data} 
 - klass: {other class}
R15=0x00007fc984009800 is a thread


Stack: [0x00007fc98ba2b000,0x00007fc98bb2c000],  sp=0x00007fc98bb2a910,  free space=1022k
Native frames: (J=compiled Java code, j=interpreted, Vv=VM code, C=native code)
J  extra2.LongMask.put()V
v  ~StubRoutines::call_stub
V  [libjvm.so+0x5f8465]  JavaCalls::call_helper(JavaValue*, methodHandle*, JavaCallArguments*, Thread*)+0x365
V  [libjvm.so+0x5f6ec8]  JavaCalls::call(JavaValue*, methodHandle, JavaCallArguments*, Thread*)+0x28
V  [libjvm.so+0x6300b9]  jni_invoke_static(JNIEnv_*, JavaValue*, _jobject*, JNICallType, _jmethodID*, JNI_ArgumentPusher*, Thread*)+0x219
V  [libjvm.so+0x639142]  jni_CallStaticVoidMethod+0x162
C  [libjli.so+0x36d9]  JavaMain+0x7e9


---------------  P R O C E S S  ---------------

Java Threads: ( => current thread )
  0x00007fc984096000 JavaThread "Service Thread" daemon [_thread_blocked, id=3633, stack(0x00007fc971096000,0x00007fc971197000)]
  0x00007fc984093800 JavaThread "C2 CompilerThread1" daemon [_thread_blocked, id=3632, stack(0x00007fc971197000,0x00007fc971298000)]
  0x00007fc984090800 JavaThread "C2 CompilerThread0" daemon [_thread_blocked, id=3631, stack(0x00007fc971298000,0x00007fc971399000)]
  0x00007fc984086800 JavaThread "Signal Dispatcher" daemon [_thread_blocked, id=3630, stack(0x00007fc971399000,0x00007fc97149a000)]
  0x00007fc98406f800 JavaThread "Finalizer" daemon [_thread_blocked, id=3629, stack(0x00007fc971b7d000,0x00007fc971c7e000)]
  0x00007fc98406b800 JavaThread "Reference Handler" daemon [_thread_blocked, id=3628, stack(0x00007fc971c7e000,0x00007fc971d7f000)]
=>0x00007fc984009800 JavaThread "main" [_thread_in_Java, id=3622, stack(0x00007fc98ba2b000,0x00007fc98bb2c000)]

Other Threads:
  0x00007fc984069000 VMThread [stack: 0x00007fc971d7f000,0x00007fc971e80000] [id=3627]
  0x00007fc9840a0800 WatcherThread [stack: 0x00007fc970f95000,0x00007fc971096000] [id=3634]

VM state:not at safepoint (normal execution)

VM Mutex/Monitor currently owned by a thread: None

Heap
 PSYoungGen      total 18944K, used 327K [0x00000000eb600000, 0x00000000ecb00000, 0x0000000100000000)
  eden space 16384K, 2% used [0x00000000eb600000,0x00000000eb651f28,0x00000000ec600000)
  from space 2560K, 0% used [0x00000000ec880000,0x00000000ec880000,0x00000000ecb00000)
  to   space 2560K, 0% used [0x00000000ec600000,0x00000000ec600000,0x00000000ec880000)
 ParOldGen       total 41984K, used 0K [0x00000000c2200000, 0x00000000c4b00000, 0x00000000eb600000)
  object space 41984K, 0% used [0x00000000c2200000,0x00000000c2200000,0x00000000c4b00000)
 PSPermGen       total 21504K, used 2399K [0x00000000bd000000, 0x00000000be500000, 0x00000000c2200000)
  object space 21504K, 11% used [0x00000000bd000000,0x00000000bd257f48,0x00000000be500000)

Card table byte_map: [0x00007fc988b17000,0x00007fc988d30000] byte_map_base: 0x00007fc98852f000

Polling page: 0x00007fc98bb40000

Code Cache  [0x00007fc981000000, 0x00007fc981270000, 0x00007fc984000000)
 total_blobs=182 nmethods=3 adapters=134 free_code_cache=48769Kb largest_free_block=49923456

Compilation events (3 events):
Event: 0.173 Thread 0x00007fc984090800    1             extra2.LongMask::put (23 bytes)
Event: 0.174 Thread 0x00007fc984093800    3 %           extra2.LongMask::main @ 10 (27 bytes)
Event: 0.178 Thread 0x00007fc984090800 nmethod 1 0x00007fc981062050 code [0x00007fc981062180, 0x00007fc9810621d8]

GC Heap History (0 events):
No events

Deoptimization events (0 events):
No events

Internal exceptions (2 events):
Event: 0.108 Thread 0x00007fc984009800 Threw 0x00000000eb6102d8 at /HUDSON/workspace/7u-2-build-linux-amd64@2/jdk7u51/527/hotspot/src/share/vm/prims/jni.cpp:3991
Event: 0.157 Thread 0x00007fc984009800 Threw 0x00000000eb645c50 at /HUDSON/workspace/7u-2-build-linux-amd64@2/jdk7u51/527/hotspot/src/share/vm/prims/jvm.cpp:1244

Events (10 events):
Event: 0.170 loading class 0x00007fc988314e70
Event: 0.170 loading class 0x00007fc988314e70 done
Event: 0.170 loading class 0x00007fc988311cf0
Event: 0.170 loading class 0x00007fc988311cf0 done
Event: 0.171 loading class 0x00007fc98832ba80
Event: 0.171 loading class 0x00007fc98832ba80 done
Event: 0.171 loading class 0x00007fc98835d8d0
Event: 0.171 loading class 0x00007fc98835dc20
Event: 0.171 loading class 0x00007fc98835dc20 done
Event: 0.171 loading class 0x00007fc98835d8d0 done


Dynamic libraries:
00400000-00401000 r-xp 00000000 08:03 141022                             /usr/java/jdk1.7.0_51/bin/java
00600000-00601000 rw-p 00000000 08:03 141022                             /usr/java/jdk1.7.0_51/bin/java
01ccc000-01ced000 rw-p 00000000 00:00 0                                  [heap]
bd000000-100000000 rw-p 00000000 00:00 0 
7fc94c000000-7fc94c021000 rw-p 00000000 00:00 0 
7fc94c021000-7fc950000000 ---p 00000000 00:00 0 
7fc950000000-7fc950021000 rw-p 00000000 00:00 0 
7fc950021000-7fc954000000 ---p 00000000 00:00 0 
7fc954000000-7fc95405e000 rw-p 00000000 00:00 0 
7fc95405e000-7fc958000000 ---p 00000000 00:00 0 
7fc958000000-7fc958021000 rw-p 00000000 00:00 0 
7fc958021000-7fc95c000000 ---p 00000000 00:00 0 
7fc95c000000-7fc95c021000 rw-p 00000000 00:00 0 
7fc95c021000-7fc960000000 ---p 00000000 00:00 0 
7fc960000000-7fc960021000 rw-p 00000000 00:00 0 
7fc960021000-7fc964000000 ---p 00000000 00:00 0 
7fc964000000-7fc964021000 rw-p 00000000 00:00 0 
7fc964021000-7fc968000000 ---p 00000000 00:00 0 
7fc968000000-7fc968021000 rw-p 00000000 00:00 0 
7fc968021000-7fc96c000000 ---p 00000000 00:00 0 
7fc96c000000-7fc96c021000 rw-p 00000000 00:00 0 
7fc96c021000-7fc970000000 ---p 00000000 00:00 0 
7fc97094f000-7fc970f95000 rw-p 00000000 00:00 0 
7fc970f95000-7fc970f96000 ---p 00000000 00:00 0 
7fc970f96000-7fc971096000 rw-p 00000000 00:00 0                          [stack:3634]
7fc971096000-7fc971099000 ---p 00000000 00:00 0 
7fc971099000-7fc971197000 rw-p 00000000 00:00 0                          [stack:3633]
7fc971197000-7fc97119a000 ---p 00000000 00:00 0 
7fc97119a000-7fc971298000 rw-p 00000000 00:00 0                          [stack:3632]
7fc971298000-7fc97129b000 ---p 00000000 00:00 0 
7fc97129b000-7fc971399000 rw-p 00000000 00:00 0                          [stack:3631]
7fc971399000-7fc97139c000 ---p 00000000 00:00 0 
7fc97139c000-7fc97149a000 rw-p 00000000 00:00 0                          [stack:3630]
7fc97149a000-7fc971b7d000 r--p 00000000 08:03 138899                     /usr/lib/locale/locale-archive
7fc971b7d000-7fc971b80000 ---p 00000000 00:00 0 
7fc971b80000-7fc971c7e000 rw-p 00000000 00:00 0                          [stack:3629]
7fc971c7e000-7fc971c81000 ---p 00000000 00:00 0 
7fc971c81000-7fc971d7f000 rw-p 00000000 00:00 0                          [stack:3628]
7fc971d7f000-7fc971d80000 ---p 00000000 00:00 0 
7fc971d80000-7fc974021000 rw-p 00000000 00:00 0                          [stack:3627]
7fc974021000-7fc978000000 ---p 00000000 00:00 0 
7fc978000000-7fc978021000 rw-p 00000000 00:00 0 
7fc978021000-7fc97c000000 ---p 00000000 00:00 0 
7fc97c000000-7fc97c021000 rw-p 00000000 00:00 0 
7fc97c021000-7fc980000000 ---p 00000000 00:00 0 
7fc9800d0000-7fc981000000 rw-p 00000000 00:00 0 
7fc981000000-7fc981270000 rwxp 00000000 00:00 0 
7fc981270000-7fc9840b1000 rw-p 00000000 00:00 0 
7fc9840b1000-7fc988000000 ---p 00000000 00:00 0 
7fc988003000-7fc9880d2000 rw-p 00000000 00:00 0 
7fc9880d2000-7fc98828f000 r--s 039bf000 08:03 156950                     /usr/java/jdk1.7.0_51/jre/lib/rt.jar
7fc98828f000-7fc9885a0000 rw-p 00000000 00:00 0 
7fc9885a0000-7fc9885a1000 ---p 00000000 00:00 0 
7fc9885a1000-7fc9886a1000 rw-p 00000000 00:00 0                          [stack:3626]
7fc9886a1000-7fc9886a2000 ---p 00000000 00:00 0 
7fc9886a2000-7fc9887a2000 rw-p 00000000 00:00 0                          [stack:3625]
7fc9887a2000-7fc9887a3000 ---p 00000000 00:00 0 
7fc9887a3000-7fc9888a3000 rw-p 00000000 00:00 0                          [stack:3624]
7fc9888a3000-7fc9888a4000 ---p 00000000 00:00 0 
7fc9888a4000-7fc988d30000 rw-p 00000000 00:00 0                          [stack:3623]
7fc988d30000-7fc988d4a000 r-xp 00000000 08:03 156938                     /usr/java/jdk1.7.0_51/jre/lib/amd64/libzip.so
7fc988d4a000-7fc988f4a000 ---p 0001a000 08:03 156938                     /usr/java/jdk1.7.0_51/jre/lib/amd64/libzip.so
7fc988f4a000-7fc988f4b000 rw-p 0001a000 08:03 156938                     /usr/java/jdk1.7.0_51/jre/lib/amd64/libzip.so
7fc988f4b000-7fc988f57000 r-xp 00000000 08:03 265805                     /lib/x86_64-linux-gnu/libnss_files-2.15.so
7fc988f57000-7fc989156000 ---p 0000c000 08:03 265805                     /lib/x86_64-linux-gnu/libnss_files-2.15.so
7fc989156000-7fc989157000 r--p 0000b000 08:03 265805                     /lib/x86_64-linux-gnu/libnss_files-2.15.so
7fc989157000-7fc989158000 rw-p 0000c000 08:03 265805                     /lib/x86_64-linux-gnu/libnss_files-2.15.so
7fc989158000-7fc989162000 r-xp 00000000 08:03 265809                     /lib/x86_64-linux-gnu/libnss_nis-2.15.so
7fc989162000-7fc989362000 ---p 0000a000 08:03 265809                     /lib/x86_64-linux-gnu/libnss_nis-2.15.so
7fc989362000-7fc989363000 r--p 0000a000 08:03 265809                     /lib/x86_64-linux-gnu/libnss_nis-2.15.so
7fc989363000-7fc989364000 rw-p 0000b000 08:03 265809                     /lib/x86_64-linux-gnu/libnss_nis-2.15.so
7fc989364000-7fc98937b000 r-xp 00000000 08:03 265799                     /lib/x86_64-linux-gnu/libnsl-2.15.so
7fc98937b000-7fc98957a000 ---p 00017000 08:03 265799                     /lib/x86_64-linux-gnu/libnsl-2.15.so
7fc98957a000-7fc98957b000 r--p 00016000 08:03 265799                     /lib/x86_64-linux-gnu/libnsl-2.15.so
7fc98957b000-7fc98957c000 rw-p 00017000 08:03 265799                     /lib/x86_64-linux-gnu/libnsl-2.15.so
7fc98957c000-7fc98957e000 rw-p 00000000 00:00 0 
7fc98957e000-7fc989586000 r-xp 00000000 08:03 265801                     /lib/x86_64-linux-gnu/libnss_compat-2.15.so
7fc989586000-7fc989785000 ---p 00008000 08:03 265801                     /lib/x86_64-linux-gnu/libnss_compat-2.15.so
7fc989785000-7fc989786000 r--p 00007000 08:03 265801                     /lib/x86_64-linux-gnu/libnss_compat-2.15.so
7fc989786000-7fc989787000 rw-p 00008000 08:03 265801                     /lib/x86_64-linux-gnu/libnss_compat-2.15.so
7fc989787000-7fc9897b0000 r-xp 00000000 08:03 156922                     /usr/java/jdk1.7.0_51/jre/lib/amd64/libjava.so
7fc9897b0000-7fc9899b0000 ---p 00029000 08:03 156922                     /usr/java/jdk1.7.0_51/jre/lib/amd64/libjava.so
7fc9899b0000-7fc9899b2000 rw-p 00029000 08:03 156922                     /usr/java/jdk1.7.0_51/jre/lib/amd64/libjava.so
7fc9899b2000-7fc9899bf000 r-xp 00000000 08:03 156920                     /usr/java/jdk1.7.0_51/jre/lib/amd64/libverify.so
7fc9899bf000-7fc989bbe000 ---p 0000d000 08:03 156920                     /usr/java/jdk1.7.0_51/jre/lib/amd64/libverify.so
7fc989bbe000-7fc989bc0000 rw-p 0000c000 08:03 156920                     /usr/java/jdk1.7.0_51/jre/lib/amd64/libverify.so
7fc989bc0000-7fc989bc7000 r-xp 00000000 08:03 265840                     /lib/x86_64-linux-gnu/librt-2.15.so
7fc989bc7000-7fc989dc6000 ---p 00007000 08:03 265840                     /lib/x86_64-linux-gnu/librt-2.15.so
7fc989dc6000-7fc989dc7000 r--p 00006000 08:03 265840                     /lib/x86_64-linux-gnu/librt-2.15.so
7fc989dc7000-7fc989dc8000 rw-p 00007000 08:03 265840                     /lib/x86_64-linux-gnu/librt-2.15.so
7fc989dc8000-7fc989ec3000 r-xp 00000000 08:03 265786                     /lib/x86_64-linux-gnu/libm-2.15.so
7fc989ec3000-7fc98a0c2000 ---p 000fb000 08:03 265786                     /lib/x86_64-linux-gnu/libm-2.15.so
7fc98a0c2000-7fc98a0c3000 r--p 000fa000 08:03 265786                     /lib/x86_64-linux-gnu/libm-2.15.so
7fc98a0c3000-7fc98a0c4000 rw-p 000fb000 08:03 265786                     /lib/x86_64-linux-gnu/libm-2.15.so
7fc98a0c4000-7fc98ac26000 r-xp 00000000 08:03 156928                     /usr/java/jdk1.7.0_51/jre/lib/amd64/server/libjvm.so
7fc98ac26000-7fc98ae26000 ---p 00b62000 08:03 156928                     /usr/java/jdk1.7.0_51/jre/lib/amd64/server/libjvm.so
7fc98ae26000-7fc98aee9000 rw-p 00b62000 08:03 156928                     /usr/java/jdk1.7.0_51/jre/lib/amd64/server/libjvm.so
7fc98aee9000-7fc98af2a000 rw-p 00000000 00:00 0 
7fc98af2a000-7fc98b0df000 r-xp 00000000 08:03 265754                     /lib/x86_64-linux-gnu/libc-2.15.so
7fc98b0df000-7fc98b2de000 ---p 001b5000 08:03 265754                     /lib/x86_64-linux-gnu/libc-2.15.so
7fc98b2de000-7fc98b2e2000 r--p 001b4000 08:03 265754                     /lib/x86_64-linux-gnu/libc-2.15.so
7fc98b2e2000-7fc98b2e4000 rw-p 001b8000 08:03 265754                     /lib/x86_64-linux-gnu/libc-2.15.so
7fc98b2e4000-7fc98b2e9000 rw-p 00000000 00:00 0 
7fc98b2e9000-7fc98b2eb000 r-xp 00000000 08:03 265767                     /lib/x86_64-linux-gnu/libdl-2.15.so
7fc98b2eb000-7fc98b4eb000 ---p 00002000 08:03 265767                     /lib/x86_64-linux-gnu/libdl-2.15.so
7fc98b4eb000-7fc98b4ec000 r--p 00002000 08:03 265767                     /lib/x86_64-linux-gnu/libdl-2.15.so
7fc98b4ec000-7fc98b4ed000 rw-p 00003000 08:03 265767                     /lib/x86_64-linux-gnu/libdl-2.15.so
7fc98b4ed000-7fc98b503000 r-xp 00000000 08:03 154519                     /usr/java/jdk1.7.0_51/lib/amd64/jli/libjli.so
7fc98b503000-7fc98b703000 ---p 00016000 08:03 154519                     /usr/java/jdk1.7.0_51/lib/amd64/jli/libjli.so
7fc98b703000-7fc98b704000 rw-p 00016000 08:03 154519                     /usr/java/jdk1.7.0_51/lib/amd64/jli/libjli.so
7fc98b704000-7fc98b71c000 r-xp 00000000 08:03 265834                     /lib/x86_64-linux-gnu/libpthread-2.15.so
7fc98b71c000-7fc98b91b000 ---p 00018000 08:03 265834                     /lib/x86_64-linux-gnu/libpthread-2.15.so
7fc98b91b000-7fc98b91c000 r--p 00017000 08:03 265834                     /lib/x86_64-linux-gnu/libpthread-2.15.so
7fc98b91c000-7fc98b91d000 rw-p 00018000 08:03 265834                     /lib/x86_64-linux-gnu/libpthread-2.15.so
7fc98b91d000-7fc98b921000 rw-p 00000000 00:00 0 
7fc98b921000-7fc98b943000 r-xp 00000000 08:03 265734                     /lib/x86_64-linux-gnu/ld-2.15.so
7fc98b956000-7fc98ba2b000 rw-p 00000000 00:00 0 
7fc98ba2b000-7fc98ba2e000 ---p 00000000 00:00 0 
7fc98ba2e000-7fc98bb30000 rw-p 00000000 00:00 0                          [stack:3622]
7fc98bb35000-7fc98bb37000 rw-p 00000000 00:00 0 
7fc98bb37000-7fc98bb3f000 rw-s 00000000 08:03 158055                     /tmp/hsperfdata_andrei/3621
7fc98bb3f000-7fc98bb40000 rw-p 00000000 00:00 0 
7fc98bb40000-7fc98bb41000 r--p 00000000 00:00 0 
7fc98bb41000-7fc98bb43000 rw-p 00000000 00:00 0 
7fc98bb43000-7fc98bb44000 r--p 00022000 08:03 265734                     /lib/x86_64-linux-gnu/ld-2.15.so
7fc98bb44000-7fc98bb46000 rw-p 00023000 08:03 265734                     /lib/x86_64-linux-gnu/ld-2.15.so
7fff01457000-7fff01478000 rw-p 00000000 00:00 0                          [stack]
7fff015fe000-7fff01600000 r-xp 00000000 00:00 0                          [vdso]
ffffffffff600000-ffffffffff601000 r-xp 00000000 00:00 0                  [vsyscall]

VM Arguments:
java_command: extra2.LongMask
Launcher Type: SUN_STANDARD

Environment Variables:
CLASSPATH=/media/crash/out/production/crash
PATH=/usr/lib/lightdm/lightdm:/usr/local/sbin:/usr/local/bin:/usr/sbin:/usr/bin:/sbin:/bin:/usr/games:/usr/java/jdk1.7.0_51/bin
LD_LIBRARY_PATH=/media/crash/lib
SHELL=/bin/bash
DISPLAY=:0

Signal Handlers:
SIGSEGV: [libjvm.so+0x993870], sa_mask[0]=0x7ffbfeff, sa_flags=0x10000004
SIGBUS: [libjvm.so+0x993870], sa_mask[0]=0x7ffbfeff, sa_flags=0x10000004
SIGFPE: [libjvm.so+0x8105b0], sa_mask[0]=0x7ffbfeff, sa_flags=0x10000004
SIGPIPE: [libjvm.so+0x8105b0], sa_mask[0]=0x7ffbfeff, sa_flags=0x10000004
SIGXFSZ: [libjvm.so+0x8105b0], sa_mask[0]=0x7ffbfeff, sa_flags=0x10000004
SIGILL: [libjvm.so+0x8105b0], sa_mask[0]=0x7ffbfeff, sa_flags=0x10000004
SIGUSR1: SIG_DFL, sa_mask[0]=0x00000000, sa_flags=0x00000000
SIGUSR2: [libjvm.so+0x811aa0], sa_mask[0]=0x00000000, sa_flags=0x10000004
SIGHUP: [libjvm.so+0x812a10], sa_mask[0]=0x7ffbfeff, sa_flags=0x10000004
SIGINT: [libjvm.so+0x812a10], sa_mask[0]=0x7ffbfeff, sa_flags=0x10000004
SIGTERM: [libjvm.so+0x812a10], sa_mask[0]=0x7ffbfeff, sa_flags=0x10000004
SIGQUIT: [libjvm.so+0x812a10], sa_mask[0]=0x7ffbfeff, sa_flags=0x10000004


---------------  S Y S T E M  ---------------

OS:wheezy/sid

uname:Linux 3.8.0-31-generic #46~precise1-Ubuntu SMP Wed Sep 11 18:21:16 UTC 2013 x86_64
libc:glibc 2.15 NPTL 2.15 
rlimit: STACK 8192k, CORE 0k, NPROC 31484, NOFILE 4096, AS infinity
load average:0.09 0.06 0.07

/proc/meminfo:
MemTotal:        4048960 kB
MemFree:         3442924 kB
Buffers:           39012 kB
Cached:           165256 kB
SwapCached:            0 kB
Active:           155892 kB
Inactive:         310892 kB
Active(anon):     114724 kB
Inactive(anon):   151080 kB
Active(file):      41168 kB
Inactive(file):   159812 kB
Unevictable:           0 kB
Mlocked:               0 kB
SwapTotal:             0 kB
SwapFree:              0 kB
Dirty:                40 kB
Writeback:             0 kB
AnonPages:        262684 kB
Mapped:            33700 kB
Shmem:              3288 kB
Slab:              69400 kB
SReclaimable:      49368 kB
SUnreclaim:        20032 kB
KernelStack:        2808 kB
PageTables:        22424 kB
NFS_Unstable:          0 kB
Bounce:                0 kB
WritebackTmp:          0 kB
CommitLimit:     4048960 kB
Committed_AS:    3117440 kB
VmallocTotal:   34359738367 kB
VmallocUsed:       53172 kB
VmallocChunk:   34359683795 kB
HardwareCorrupted:     0 kB
AnonHugePages:         0 kB
HugePages_Total:       0
HugePages_Free:        0
HugePages_Rsvd:        0
HugePages_Surp:        0
Hugepagesize:       2048 kB
DirectMap4k:       53184 kB
DirectMap2M:     4141056 kB


CPU:total 4 (4 cores per cpu, 1 threads per core) family 6 model 58 stepping 9, cmov, cx8, fxsr, mmx, sse, sse2, sse3, ssse3, tsc

/proc/cpuinfo:
processor	: 0
vendor_id	: GenuineIntel
cpu family	: 6
model		: 58
model name	: Intel(R) Core(TM) i7-3517U CPU @ 1.90GHz
stepping	: 9
cpu MHz		: 0.000
cache size	: 6144 KB
physical id	: 0
siblings	: 4
core id		: 0
cpu cores	: 4
apicid		: 0
initial apicid	: 0
fpu		: yes
fpu_exception	: yes
cpuid level	: 5
wp		: yes
flags		: fpu vme de pse tsc msr pae mce cx8 apic sep mtrr pge mca cmov pat pse36 clflush mmx fxsr sse sse2 ht syscall nx rdtscp lm constant_tsc rep_good nopl pni ssse3 lahf_lm
bogomips	: 2160.64
clflush size	: 64
cache_alignment	: 64
address sizes	: 36 bits physical, 48 bits virtual
power management:

processor	: 1
vendor_id	: GenuineIntel
cpu family	: 6
model		: 58
model name	: Intel(R) Core(TM) i7-3517U CPU @ 1.90GHz
stepping	: 9
cpu MHz		: 0.000
cache size	: 6144 KB
physical id	: 0
siblings	: 4
core id		: 1
cpu cores	: 4
apicid		: 1
initial apicid	: 1
fpu		: yes
fpu_exception	: yes
cpuid level	: 5
wp		: yes
flags		: fpu vme de pse tsc msr pae mce cx8 apic sep mtrr pge mca cmov pat pse36 clflush mmx fxsr sse sse2 ht syscall nx rdtscp lm constant_tsc rep_good nopl pni ssse3 lahf_lm
bogomips	: 2160.64
clflush size	: 64
cache_alignment	: 64
address sizes	: 36 bits physical, 48 bits virtual
power management:

processor	: 2
vendor_id	: GenuineIntel
cpu family	: 6
model		: 58
model name	: Intel(R) Core(TM) i7-3517U CPU @ 1.90GHz
stepping	: 9
cpu MHz		: 0.000
cache size	: 6144 KB
physical id	: 0
siblings	: 4
core id		: 2
cpu cores	: 4
apicid		: 2
initial apicid	: 2
fpu		: yes
fpu_exception	: yes
cpuid level	: 5
wp		: yes
flags		: fpu vme de pse tsc msr pae mce cx8 apic sep mtrr pge mca cmov pat pse36 clflush mmx fxsr sse sse2 ht syscall nx rdtscp lm constant_tsc rep_good nopl pni ssse3 lahf_lm
bogomips	: 2160.64
clflush size	: 64
cache_alignment	: 64
address sizes	: 36 bits physical, 48 bits virtual
power management:

processor	: 3
vendor_id	: GenuineIntel
cpu family	: 6
model		: 58
model name	: Intel(R) Core(TM) i7-3517U CPU @ 1.90GHz
stepping	: 9
cpu MHz		: 0.000
cache size	: 6144 KB
physical id	: 0
siblings	: 4
core id		: 3
cpu cores	: 4
apicid		: 3
initial apicid	: 3
fpu		: yes
fpu_exception	: yes
cpuid level	: 5
wp		: yes
flags		: fpu vme de pse tsc msr pae mce cx8 apic sep mtrr pge mca cmov pat pse36 clflush mmx fxsr sse sse2 ht syscall nx rdtscp lm constant_tsc rep_good nopl pni ssse3 lahf_lm
bogomips	: 2160.64
clflush size	: 64
cache_alignment	: 64
address sizes	: 36 bits physical, 48 bits virtual
power management:



Memory: 4k page, physical 4048960k(3442924k free), swap 0k(0k free)

vm_info: Java HotSpot(TM) 64-Bit Server VM (24.51-b03) for linux-amd64 JRE (1.7.0_51-b13), built on Dec 18 2013 18:48:01 by "java_re" with gcc 4.3.0 20080428 (Red Hat 4.3.0-8)

time: Fri Apr 18 02:00:03 2014
elapsed time: 0 seconds

