#
# A fatal error has been detected by the Java Runtime Environment:
#
#  SIGSEGV (0xb) at pc=0x00007f91f5062dd3, pid=2368, tid=140265040062208
#
# JRE version: Java(TM) SE Runtime Environment (7.0_72-b14) (build 1.7.0_72-b14)
# Java VM: Java HotSpot(TM) 64-Bit Server VM (24.72-b04 mixed mode linux-amd64 compressed oops)
# Problematic frame:
# J 5% C2 demo4.TextSearch.main([Ljava/lang/String;)V (92 bytes) @ 0x00007f91f5062dd3 [0x00007f91f5062b60+0x273]
#
# Failed to write core dump. Core dumps have been disabled. To enable core dumping, try "ulimit -c unlimited" before starting Java again
#
# If you would like to submit a bug report, please visit:
#   http://bugreport.sun.com/bugreport/crash.jsp
#

---------------  T H R E A D  ---------------

Current thread (0x00007f91f8009800):  JavaThread "main" [_thread_in_Java, id=2369, stack(0x00007f91ffd32000,0x00007f91ffe33000)]

siginfo:si_signo=SIGSEGV: si_errno=0, si_code=1 (SEGV_MAPERR), si_addr=0x00000002eb65060e

Registers:
RAX=0x0000000000000000, RBX=0x0000000000000002, RCX=0x00000000ffffffff, RDX=0x0000000000000001
RSP=0x00007f91ffe31960, RBP=0x0000000000000000, RSI=0x00000000eb650600, RDI=0x0000000000000061
R8 =0x0000000000000000, R9 =0x00000000ffffffff, R10=0x00000000eb6505e8, R11=0x00000000ffffffff
R12=0x0000000000000000, R13=0x00000000eb9bb2f0, R14=0x0000000000000000, R15=0x00007f91f8009800
RIP=0x00007f91f5062dd3, EFLAGS=0x0000000000010246, CSGSFS=0x0000000000000033, ERR=0x0000000000000004
  TRAPNO=0x000000000000000e

Top of Stack: (sp=0x00007f91ffe31960)
0x00007f91ffe31960:   00000000eb650ac0 0000014b09b349b4
0x00007f91ffe31970:   0000000000013ce3 00000000eb6500a8
0x00007f91ffe31980:   00000000ffffffff 00000000eb6500c4
0x00007f91ffe31990:   00000000eb6500b8 00000000eb6500c8
0x00007f91ffe319a0:   00000000eb6500c0 00000000eb6500bc
0x00007f91ffe319b0:   0000000000013ce3 0000000000000000
0x00007f91ffe319c0:   00007f91ffe31a40 00007f91f50004e7
0x00007f91ffe319d0:   00000000eb6500a8 00000000eb64bb38
0x00007f91ffe319e0:   0000000000001fa0 00007f91ffe31d30
0x00007f91ffe319f0:   00007f91ffe31ac0 00007f91ffe31ba0
0x00007f91ffe31a00:   00007f91f8009800 00007f91f800a620
0x00007f91ffe31a10:   00007f91ffe31a80 00007f91ffe31d38
0x00007f91ffe31a20:   00007f910000000a 00000000bd260af8
0x00007f91ffe31a30:   00007f91f5010360 00007f91ffe31ba8
0x00007f91ffe31a40:   00007f91ffe31b30 00007f91fe9b70f5
0x00007f91ffe31a50:   00007f9100000001 00007f91f8009800
0x00007f91ffe31a60:   0000000000000003 00007f91ffe31a80
0x00007f91ffe31a70:   00007f91f5010360 00007f910000000a
0x00007f91ffe31a80:   00007f91f8009800 00007f91f800b1a0
0x00007f91ffe31a90:   00000000bd260af8 0000000000000000
0x00007f91ffe31aa0:   0000000000000000 0000000000000000
0x00007f91ffe31ab0:   0000000000000000 00007f91ffe31d30
0x00007f91ffe31ac0:   00007f91f8009800 00007f91f8007050
0x00007f91ffe31ad0:   00007f91f800a610 00007f91f800a628
0x00007f91ffe31ae0:   00007f91f800a9f8 00000000000003d8
0x00007f91ffe31af0:   00007f91f8007090 00000000bd2606c8
0x00007f91ffe31b00:   00007f91ffe31b50 00007f91ffe31c20
0x00007f91ffe31b10:   00000000bd2606c8 00007f91f8007020
0x00007f91ffe31b20:   00007f91f800a620 00007f91ffe31ba0
0x00007f91ffe31b30:   00007f91ffe31b50 00007f91fe9b5b58
0x00007f91ffe31b40:   00000000bd2606c8 00007f91f800a620
0x00007f91ffe31b50:   00007f91ffe31c90 00007f91fe9efb09 

Instructions: (pc=0x00007f91f5062dd3)
0x00007f91f5062db3:   0f 4f ca 3b 4c 24 20 44 8b 5c 24 20 41 0f 4c cb
0x00007f91f5062dc3:   44 3b c9 7e 0b 41 8b e9 41 bb ff ff ff ff eb b6
0x00007f91f5062dd3:   46 0f b7 44 4e 10 83 c5 fe 41 83 f9 ff 0f 8e cf
0x00007f91f5062de3:   01 00 00 44 3b c7 0f 84 3e fe ff ff 47 0f b7 5c 

Register to memory mapping:

RAX=0x0000000000000000 is an unknown value
RBX=0x0000000000000002 is an unknown value
RCX=0x00000000ffffffff is an unallocated location in the heap
RDX=0x0000000000000001 is an unknown value
RSP=0x00007f91ffe31960 is pointing into the stack for thread: 0x00007f91f8009800
RBP=0x0000000000000000 is an unknown value
RSI=0x00000000eb650600 is an oop
[C 
 - klass: {type array char}
 - length: 2
RDI=0x0000000000000061 is an unknown value
R8 =0x0000000000000000 is an unknown value
R9 =0x00000000ffffffff is an unallocated location in the heap
R10=0x00000000eb6505e8 is an oop
[C 
 - klass: {type array char}
 - length: 2
R11=0x00000000ffffffff is an unallocated location in the heap
R12=0x0000000000000000 is an unknown value
R13=0x00000000eb9bb2f0 is an oop
[C 
 - klass: {type array char}
 - length: 11
R14=0x0000000000000000 is an unknown value
R15=0x00007f91f8009800 is a thread


Stack: [0x00007f91ffd32000,0x00007f91ffe33000],  sp=0x00007f91ffe31960,  free space=1022k
Native frames: (J=compiled Java code, j=interpreted, Vv=VM code, C=native code)
J 5% C2 demo4.TextSearch.main([Ljava/lang/String;)V (92 bytes) @ 0x00007f91f5062dd3 [0x00007f91f5062b60+0x273]
v  ~StubRoutines::call_stub
V  [libjvm.so+0x6000f5]  JavaCalls::call_helper(JavaValue*, methodHandle*, JavaCallArguments*, Thread*)+0x365
V  [libjvm.so+0x5feb58]  JavaCalls::call(JavaValue*, methodHandle, JavaCallArguments*, Thread*)+0x28
V  [libjvm.so+0x638b09]  jni_invoke_static(JNIEnv_*, JavaValue*, _jobject*, JNICallType, _jmethodID*, JNI_ArgumentPusher*, Thread*)+0x219
V  [libjvm.so+0x641722]  jni_CallStaticVoidMethod+0x162
C  [libjli.so+0x36d9]  JavaMain+0x7e9


---------------  P R O C E S S  ---------------

Java Threads: ( => current thread )
  0x00007f91f8094800 JavaThread "Service Thread" daemon [_thread_blocked, id=2378, stack(0x00007f91f1b62000,0x00007f91f1c63000)]
  0x00007f91f8092800 JavaThread "C2 CompilerThread1" daemon [_thread_blocked, id=2377, stack(0x00007f91f1c63000,0x00007f91f1d64000)]
  0x00007f91f808f800 JavaThread "C2 CompilerThread0" daemon [_thread_blocked, id=2376, stack(0x00007f91f1d64000,0x00007f91f1e65000)]
  0x00007f91f808d000 JavaThread "Signal Dispatcher" daemon [_thread_blocked, id=2375, stack(0x00007f91f1e65000,0x00007f91f1f66000)]
  0x00007f91f806b000 JavaThread "Finalizer" daemon [_thread_blocked, id=2374, stack(0x00007f91f2779000,0x00007f91f287a000)]
  0x00007f91f8069000 JavaThread "Reference Handler" daemon [_thread_blocked, id=2373, stack(0x00007f91f287a000,0x00007f91f297b000)]
=>0x00007f91f8009800 JavaThread "main" [_thread_in_Java, id=2369, stack(0x00007f91ffd32000,0x00007f91ffe33000)]

Other Threads:
  0x00007f91f8065000 VMThread [stack: 0x00007f91f297b000,0x00007f91f2a7c000] [id=2372]
  0x00007f91f809f800 WatcherThread [stack: 0x00007f91f1a61000,0x00007f91f1b62000] [id=2379]

VM state:not at safepoint (normal execution)

VM Mutex/Monitor currently owned by a thread: None

Heap
 PSYoungGen      total 18944K, used 3932K [0x00000000eb600000, 0x00000000ecb00000, 0x0000000100000000)
  eden space 16384K, 24% used [0x00000000eb600000,0x00000000eb9d7328,0x00000000ec600000)
  from space 2560K, 0% used [0x00000000ec880000,0x00000000ec880000,0x00000000ecb00000)
  to   space 2560K, 0% used [0x00000000ec600000,0x00000000ec600000,0x00000000ec880000)
 ParOldGen       total 41984K, used 0K [0x00000000c2200000, 0x00000000c4b00000, 0x00000000eb600000)
  object space 41984K, 0% used [0x00000000c2200000,0x00000000c2200000,0x00000000c4b00000)
 PSPermGen       total 21504K, used 2447K [0x00000000bd000000, 0x00000000be500000, 0x00000000c2200000)
  object space 21504K, 11% used [0x00000000bd000000,0x00000000bd263ea8,0x00000000be500000)

Card table byte_map: [0x00007f91fce00000,0x00007f91fd019000] byte_map_base: 0x00007f91fc818000

Polling page: 0x00007f91ffe4c000

Code Cache  [0x00007f91f5000000, 0x00007f91f5270000, 0x00007f91f8000000)
 total_blobs=184 nmethods=5 adapters=134 free_code_cache=48762Kb largest_free_block=49916672

Compilation events (7 events):
Event: 0,127 Thread 0x00007f91f808f800    1             demo4.BoyerMooreTextSearchStrategy::indexOf (133 bytes)
Event: 0,139 Thread 0x00007f91f808f800 nmethod 1 0x00007f91f505fe10 code [0x00007f91f505ff60, 0x00007f91f50602b8]
Event: 0,140 Thread 0x00007f91f8092800    3             java.lang.String::toCharArray (25 bytes)
Event: 0,142 Thread 0x00007f91f8092800 nmethod 3 0x00007f91f505f710 code [0x00007f91f505f860, 0x00007f91f505f998]
Event: 0,142 Thread 0x00007f91f8092800    4             demo4.BoyerMooreTextSearchStrategy::indexOf (9 bytes)
Event: 0,149 Thread 0x00007f91f808f800    5 %           demo4.TextSearch::main @ 24 (92 bytes)
Event: 0,156 Thread 0x00007f91f808f800 nmethod 5% 0x00007f91f50629d0 code [0x00007f91f5062b60, 0x00007f91f5063238]

GC Heap History (0 events):
No events

Deoptimization events (0 events):
No events

Internal exceptions (4 events):
Event: 0,058 Thread 0x00007f91f8009800 Threw 0x00000000eb60f120 at /HUDSON/workspace/7u-2-build-linux-amd64/jdk7u72/1606/hotspot/src/share/vm/prims/jni.cpp:3991
Event: 0,105 Thread 0x00007f91f8009800 Threw 0x00000000eb645f40 at /HUDSON/workspace/7u-2-build-linux-amd64/jdk7u72/1606/hotspot/src/share/vm/prims/jvm.cpp:1281
Event: 0,118 Thread 0x00007f91f8009800 Threw 0x00000000eb64bf90 at /HUDSON/workspace/7u-2-build-linux-amd64/jdk7u72/1606/hotspot/src/share/vm/prims/jvm.cpp:1281
Event: 0,121 Thread 0x00007f91f8009800 Threw 0x00000000eb64e408 at /HUDSON/workspace/7u-2-build-linux-amd64/jdk7u72/1606/hotspot/src/share/vm/prims/jvm.cpp:1281

Events (10 events):
Event: 0,117 loading class 0x00007f91fc816460
Event: 0,117 loading class 0x00007f91fc816460 done
Event: 0,118 loading class 0x00007f91fc7fd320
Event: 0,118 loading class 0x00007f91fc7fd320 done
Event: 0,118 loading class 0x00007f91f80a3100
Event: 0,118 loading class 0x00007f91f80a3100 done
Event: 0,121 loading class 0x00007f91f80ada60
Event: 0,121 loading class 0x00007f91f80ada60 done
Event: 0,125 loading class 0x00007f91fc7f0f20
Event: 0,125 loading class 0x00007f91fc7f0f20 done


Dynamic libraries:
00400000-00401000 r-xp 00000000 08:01 525464                             /usr/java/jdk1.7.0_72/bin/java
00600000-00601000 rw-p 00000000 08:01 525464                             /usr/java/jdk1.7.0_72/bin/java
02007000-02028000 rw-p 00000000 00:00 0                                  [heap]
bd000000-be500000 rw-p 00000000 00:00 0 
be500000-c2200000 rw-p 00000000 00:00 0 
c2200000-c4b00000 rw-p 00000000 00:00 0 
c4b00000-eb600000 rw-p 00000000 00:00 0 
eb600000-ecb00000 rw-p 00000000 00:00 0 
ecb00000-100000000 rw-p 00000000 00:00 0 
7f91c4000000-7f91c4021000 rw-p 00000000 00:00 0 
7f91c4021000-7f91c8000000 ---p 00000000 00:00 0 
7f91cc000000-7f91cc028000 rw-p 00000000 00:00 0 
7f91cc028000-7f91d0000000 ---p 00000000 00:00 0 
7f91d0000000-7f91d0021000 rw-p 00000000 00:00 0 
7f91d0021000-7f91d4000000 ---p 00000000 00:00 0 
7f91d4000000-7f91d4021000 rw-p 00000000 00:00 0 
7f91d4021000-7f91d8000000 ---p 00000000 00:00 0 
7f91d8000000-7f91d8168000 rw-p 00000000 00:00 0 
7f91d8168000-7f91dc000000 ---p 00000000 00:00 0 
7f91dc000000-7f91dc021000 rw-p 00000000 00:00 0 
7f91dc021000-7f91e0000000 ---p 00000000 00:00 0 
7f91e0000000-7f91e0021000 rw-p 00000000 00:00 0 
7f91e0021000-7f91e4000000 ---p 00000000 00:00 0 
7f91e4000000-7f91e4021000 rw-p 00000000 00:00 0 
7f91e4021000-7f91e8000000 ---p 00000000 00:00 0 
7f91e8000000-7f91e8021000 rw-p 00000000 00:00 0 
7f91e8021000-7f91ec000000 ---p 00000000 00:00 0 
7f91ec000000-7f91ec021000 rw-p 00000000 00:00 0 
7f91ec021000-7f91f0000000 ---p 00000000 00:00 0 
7f91f181a000-7f91f1a61000 rw-p 00000000 00:00 0 
7f91f1a61000-7f91f1a62000 ---p 00000000 00:00 0 
7f91f1a62000-7f91f1b62000 rw-p 00000000 00:00 0                          [stack:2379]
7f91f1b62000-7f91f1b65000 ---p 00000000 00:00 0 
7f91f1b65000-7f91f1c63000 rw-p 00000000 00:00 0                          [stack:2378]
7f91f1c63000-7f91f1c66000 ---p 00000000 00:00 0 
7f91f1c66000-7f91f1d64000 rw-p 00000000 00:00 0                          [stack:2377]
7f91f1d64000-7f91f1d67000 ---p 00000000 00:00 0 
7f91f1d67000-7f91f1e65000 rw-p 00000000 00:00 0                          [stack:2376]
7f91f1e65000-7f91f1e68000 ---p 00000000 00:00 0 
7f91f1e68000-7f91f1f66000 rw-p 00000000 00:00 0                          [stack:2375]
7f91f1f66000-7f91f2779000 r--p 00000000 08:01 138193                     /usr/lib/locale/locale-archive
7f91f2779000-7f91f277c000 ---p 00000000 00:00 0 
7f91f277c000-7f91f287a000 rw-p 00000000 00:00 0                          [stack:2374]
7f91f287a000-7f91f287d000 ---p 00000000 00:00 0 
7f91f287d000-7f91f297b000 rw-p 00000000 00:00 0                          [stack:2373]
7f91f297b000-7f91f297c000 ---p 00000000 00:00 0 
7f91f297c000-7f91f5000000 rw-p 00000000 00:00 0                          [stack:2372]
7f91f5000000-7f91f5270000 rwxp 00000000 00:00 0 
7f91f5270000-7f91f80b8000 rw-p 00000000 00:00 0 
7f91f80b8000-7f91fc000000 ---p 00000000 00:00 0 
7f91fc007000-7f91fc5ba000 rw-p 00000000 00:00 0 
7f91fc5ba000-7f91fc77a000 r--s 039ea000 08:01 526284                     /usr/java/jdk1.7.0_72/jre/lib/rt.jar
7f91fc77a000-7f91fca8b000 rw-p 00000000 00:00 0 
7f91fca8b000-7f91fca8c000 ---p 00000000 00:00 0 
7f91fca8c000-7f91fcb8c000 rw-p 00000000 00:00 0                          [stack:2371]
7f91fcb8c000-7f91fcb8d000 ---p 00000000 00:00 0 
7f91fcb8d000-7f91fcc98000 rw-p 00000000 00:00 0                          [stack:2370]
7f91fcc98000-7f91fccb6000 rw-p 00000000 00:00 0 
7f91fccb6000-7f91fcccb000 rw-p 00000000 00:00 0 
7f91fcccb000-7f91fce00000 rw-p 00000000 00:00 0 
7f91fce00000-7f91fce0b000 rw-p 00000000 00:00 0 
7f91fce0b000-7f91fce29000 rw-p 00000000 00:00 0 
7f91fce29000-7f91fce3e000 rw-p 00000000 00:00 0 
7f91fce3e000-7f91fcf73000 rw-p 00000000 00:00 0 
7f91fcf73000-7f91fcf7e000 rw-p 00000000 00:00 0 
7f91fcf7e000-7f91fd018000 rw-p 00000000 00:00 0 
7f91fd018000-7f91fd019000 rw-p 00000000 00:00 0 
7f91fd019000-7f91fd033000 r-xp 00000000 08:01 526168                     /usr/java/jdk1.7.0_72/jre/lib/amd64/libzip.so
7f91fd033000-7f91fd233000 ---p 0001a000 08:01 526168                     /usr/java/jdk1.7.0_72/jre/lib/amd64/libzip.so
7f91fd233000-7f91fd234000 rw-p 0001a000 08:01 526168                     /usr/java/jdk1.7.0_72/jre/lib/amd64/libzip.so
7f91fd234000-7f91fd23f000 r-xp 00000000 08:01 7402                       /lib/x86_64-linux-gnu/libnss_files-2.19.so
7f91fd23f000-7f91fd43e000 ---p 0000b000 08:01 7402                       /lib/x86_64-linux-gnu/libnss_files-2.19.so
7f91fd43e000-7f91fd43f000 r--p 0000a000 08:01 7402                       /lib/x86_64-linux-gnu/libnss_files-2.19.so
7f91fd43f000-7f91fd440000 rw-p 0000b000 08:01 7402                       /lib/x86_64-linux-gnu/libnss_files-2.19.so
7f91fd440000-7f91fd44b000 r-xp 00000000 08:01 7399                       /lib/x86_64-linux-gnu/libnss_nis-2.19.so
7f91fd44b000-7f91fd64a000 ---p 0000b000 08:01 7399                       /lib/x86_64-linux-gnu/libnss_nis-2.19.so
7f91fd64a000-7f91fd64b000 r--p 0000a000 08:01 7399                       /lib/x86_64-linux-gnu/libnss_nis-2.19.so
7f91fd64b000-7f91fd64c000 rw-p 0000b000 08:01 7399                       /lib/x86_64-linux-gnu/libnss_nis-2.19.so
7f91fd64c000-7f91fd663000 r-xp 00000000 08:01 7393                       /lib/x86_64-linux-gnu/libnsl-2.19.so
7f91fd663000-7f91fd862000 ---p 00017000 08:01 7393                       /lib/x86_64-linux-gnu/libnsl-2.19.so
7f91fd862000-7f91fd863000 r--p 00016000 08:01 7393                       /lib/x86_64-linux-gnu/libnsl-2.19.so
7f91fd863000-7f91fd864000 rw-p 00017000 08:01 7393                       /lib/x86_64-linux-gnu/libnsl-2.19.so
7f91fd864000-7f91fd866000 rw-p 00000000 00:00 0 
7f91fd866000-7f91fd86f000 r-xp 00000000 08:01 7133                       /lib/x86_64-linux-gnu/libnss_compat-2.19.so
7f91fd86f000-7f91fda6e000 ---p 00009000 08:01 7133                       /lib/x86_64-linux-gnu/libnss_compat-2.19.so
7f91fda6e000-7f91fda6f000 r--p 00008000 08:01 7133                       /lib/x86_64-linux-gnu/libnss_compat-2.19.so
7f91fda6f000-7f91fda70000 rw-p 00009000 08:01 7133                       /lib/x86_64-linux-gnu/libnss_compat-2.19.so
7f91fda70000-7f91fda99000 r-xp 00000000 08:01 526151                     /usr/java/jdk1.7.0_72/jre/lib/amd64/libjava.so
7f91fda99000-7f91fdc99000 ---p 00029000 08:01 526151                     /usr/java/jdk1.7.0_72/jre/lib/amd64/libjava.so
7f91fdc99000-7f91fdc9b000 rw-p 00029000 08:01 526151                     /usr/java/jdk1.7.0_72/jre/lib/amd64/libjava.so
7f91fdc9b000-7f91fdca8000 r-xp 00000000 08:01 526113                     /usr/java/jdk1.7.0_72/jre/lib/amd64/libverify.so
7f91fdca8000-7f91fdea7000 ---p 0000d000 08:01 526113                     /usr/java/jdk1.7.0_72/jre/lib/amd64/libverify.so
7f91fdea7000-7f91fdea9000 rw-p 0000c000 08:01 526113                     /usr/java/jdk1.7.0_72/jre/lib/amd64/libverify.so
7f91fdea9000-7f91fdeb0000 r-xp 00000000 08:01 6444                       /lib/x86_64-linux-gnu/librt-2.19.so
7f91fdeb0000-7f91fe0af000 ---p 00007000 08:01 6444                       /lib/x86_64-linux-gnu/librt-2.19.so
7f91fe0af000-7f91fe0b0000 r--p 00006000 08:01 6444                       /lib/x86_64-linux-gnu/librt-2.19.so
7f91fe0b0000-7f91fe0b1000 rw-p 00007000 08:01 6444                       /lib/x86_64-linux-gnu/librt-2.19.so
7f91fe0b1000-7f91fe1b6000 r-xp 00000000 08:01 7392                       /lib/x86_64-linux-gnu/libm-2.19.so
7f91fe1b6000-7f91fe3b5000 ---p 00105000 08:01 7392                       /lib/x86_64-linux-gnu/libm-2.19.so
7f91fe3b5000-7f91fe3b6000 r--p 00104000 08:01 7392                       /lib/x86_64-linux-gnu/libm-2.19.so
7f91fe3b6000-7f91fe3b7000 rw-p 00105000 08:01 7392                       /lib/x86_64-linux-gnu/libm-2.19.so
7f91fe3b7000-7f91fef2a000 r-xp 00000000 08:01 526127                     /usr/java/jdk1.7.0_72/jre/lib/amd64/server/libjvm.so
7f91fef2a000-7f91ff129000 ---p 00b73000 08:01 526127                     /usr/java/jdk1.7.0_72/jre/lib/amd64/server/libjvm.so
7f91ff129000-7f91ff1ed000 rw-p 00b72000 08:01 526127                     /usr/java/jdk1.7.0_72/jre/lib/amd64/server/libjvm.so
7f91ff1ed000-7f91ff22e000 rw-p 00000000 00:00 0 
7f91ff22e000-7f91ff3e9000 r-xp 00000000 08:01 6272                       /lib/x86_64-linux-gnu/libc-2.19.so
7f91ff3e9000-7f91ff5e9000 ---p 001bb000 08:01 6272                       /lib/x86_64-linux-gnu/libc-2.19.so
7f91ff5e9000-7f91ff5ed000 r--p 001bb000 08:01 6272                       /lib/x86_64-linux-gnu/libc-2.19.so
7f91ff5ed000-7f91ff5ef000 rw-p 001bf000 08:01 6272                       /lib/x86_64-linux-gnu/libc-2.19.so
7f91ff5ef000-7f91ff5f4000 rw-p 00000000 00:00 0 
7f91ff5f4000-7f91ff5f7000 r-xp 00000000 08:01 6548                       /lib/x86_64-linux-gnu/libdl-2.19.so
7f91ff5f7000-7f91ff7f6000 ---p 00003000 08:01 6548                       /lib/x86_64-linux-gnu/libdl-2.19.so
7f91ff7f6000-7f91ff7f7000 r--p 00002000 08:01 6548                       /lib/x86_64-linux-gnu/libdl-2.19.so
7f91ff7f7000-7f91ff7f8000 rw-p 00003000 08:01 6548                       /lib/x86_64-linux-gnu/libdl-2.19.so
7f91ff7f8000-7f91ff80e000 r-xp 00000000 08:01 524301                     /usr/java/jdk1.7.0_72/lib/amd64/jli/libjli.so
7f91ff80e000-7f91ffa0e000 ---p 00016000 08:01 524301                     /usr/java/jdk1.7.0_72/lib/amd64/jli/libjli.so
7f91ffa0e000-7f91ffa0f000 rw-p 00016000 08:01 524301                     /usr/java/jdk1.7.0_72/lib/amd64/jli/libjli.so
7f91ffa0f000-7f91ffa28000 r-xp 00000000 08:01 7401                       /lib/x86_64-linux-gnu/libpthread-2.19.so
7f91ffa28000-7f91ffc27000 ---p 00019000 08:01 7401                       /lib/x86_64-linux-gnu/libpthread-2.19.so
7f91ffc27000-7f91ffc28000 r--p 00018000 08:01 7401                       /lib/x86_64-linux-gnu/libpthread-2.19.so
7f91ffc28000-7f91ffc29000 rw-p 00019000 08:01 7401                       /lib/x86_64-linux-gnu/libpthread-2.19.so
7f91ffc29000-7f91ffc2d000 rw-p 00000000 00:00 0 
7f91ffc2d000-7f91ffc50000 r-xp 00000000 08:01 6028                       /lib/x86_64-linux-gnu/ld-2.19.so
7f91ffc5d000-7f91ffc7c000 rw-p 00000000 00:00 0 
7f91ffc7c000-7f91ffd32000 rw-p 00000000 00:00 0 
7f91ffd32000-7f91ffd35000 ---p 00000000 00:00 0 
7f91ffd35000-7f91ffe37000 rw-p 00000000 00:00 0                          [stack:2369]
7f91ffe41000-7f91ffe43000 rw-p 00000000 00:00 0 
7f91ffe43000-7f91ffe4b000 rw-s 00000000 08:01 812                        /tmp/hsperfdata_andrei/2368
7f91ffe4b000-7f91ffe4c000 rw-p 00000000 00:00 0 
7f91ffe4c000-7f91ffe4d000 r--p 00000000 00:00 0 
7f91ffe4d000-7f91ffe4f000 rw-p 00000000 00:00 0 
7f91ffe4f000-7f91ffe50000 r--p 00022000 08:01 6028                       /lib/x86_64-linux-gnu/ld-2.19.so
7f91ffe50000-7f91ffe51000 rw-p 00023000 08:01 6028                       /lib/x86_64-linux-gnu/ld-2.19.so
7f91ffe51000-7f91ffe52000 rw-p 00000000 00:00 0 
7fff83c0e000-7fff83c2f000 rw-p 00000000 00:00 0                          [stack]
7fff83c6c000-7fff83c6e000 r-xp 00000000 00:00 0                          [vdso]
ffffffffff600000-ffffffffff601000 r-xp 00000000 00:00 0                  [vsyscall]

VM Arguments:
java_command: demo4.TextSearch
Launcher Type: SUN_STANDARD

Environment Variables:
CLASSPATH=/media/sf_crash/out/production/crash-dump-analysis
PATH=/usr/java/jdk1.7.0_72/bin:/usr/local/sbin:/usr/local/bin:/usr/sbin:/usr/bin:/sbin:/bin:/usr/games:/usr/local/games
LD_LIBRARY_PATH=/media/sf_crash/lib
SHELL=/bin/bash
DISPLAY=:0

Signal Handlers:
SIGSEGV: [libjvm.so+0x9a1a10], sa_mask[0]=0x7ffbfeff, sa_flags=0x10000004
SIGBUS: [libjvm.so+0x9a1a10], sa_mask[0]=0x7ffbfeff, sa_flags=0x10000004
SIGFPE: [libjvm.so+0x81bae0], sa_mask[0]=0x7ffbfeff, sa_flags=0x10000004
SIGPIPE: [libjvm.so+0x81bae0], sa_mask[0]=0x7ffbfeff, sa_flags=0x10000004
SIGXFSZ: [libjvm.so+0x81bae0], sa_mask[0]=0x7ffbfeff, sa_flags=0x10000004
SIGILL: [libjvm.so+0x81bae0], sa_mask[0]=0x7ffbfeff, sa_flags=0x10000004
SIGUSR1: SIG_DFL, sa_mask[0]=0x00000000, sa_flags=0x00000000
SIGUSR2: [libjvm.so+0x81d2e0], sa_mask[0]=0x00000000, sa_flags=0x10000004
SIGHUP: [libjvm.so+0x81e400], sa_mask[0]=0x7ffbfeff, sa_flags=0x10000004
SIGINT: [libjvm.so+0x81e400], sa_mask[0]=0x7ffbfeff, sa_flags=0x10000004
SIGTERM: [libjvm.so+0x81e400], sa_mask[0]=0x7ffbfeff, sa_flags=0x10000004
SIGQUIT: [libjvm.so+0x81e400], sa_mask[0]=0x7ffbfeff, sa_flags=0x10000004


---------------  S Y S T E M  ---------------

OS:jessie/sid

uname:Linux 3.13.0-44-generic #73-Ubuntu SMP Tue Dec 16 00:22:43 UTC 2014 x86_64
libc:glibc 2.19 NPTL 2.19 
rlimit: STACK 8192k, CORE 0k, NPROC 31458, NOFILE 4096, AS infinity
load average:0,03 0,07 0,05

/proc/meminfo:
MemTotal:        4048236 kB
MemFree:         2973856 kB
Buffers:          111396 kB
Cached:           508004 kB
SwapCached:            0 kB
Active:           475456 kB
Inactive:         467720 kB
Active(anon):     324536 kB
Inactive(anon):     6608 kB
Active(file):     150920 kB
Inactive(file):   461112 kB
Unevictable:           0 kB
Mlocked:               0 kB
SwapTotal:             0 kB
SwapFree:              0 kB
Dirty:                64 kB
Writeback:             0 kB
AnonPages:        323776 kB
Mapped:            92536 kB
Shmem:              7372 kB
Slab:              71364 kB
SReclaimable:      53036 kB
SUnreclaim:        18328 kB
KernelStack:        2568 kB
PageTables:        22208 kB
NFS_Unstable:          0 kB
Bounce:                0 kB
WritebackTmp:          0 kB
CommitLimit:     2024116 kB
Committed_AS:    2390900 kB
VmallocTotal:   34359738367 kB
VmallocUsed:       54764 kB
VmallocChunk:   34359636971 kB
HardwareCorrupted:     0 kB
AnonHugePages:    131072 kB
HugePages_Total:       0
HugePages_Free:        0
HugePages_Rsvd:        0
HugePages_Surp:        0
Hugepagesize:       2048 kB
DirectMap4k:       42944 kB
DirectMap2M:     4151296 kB


CPU:total 2 (2 cores per cpu, 1 threads per core) family 6 model 58 stepping 9, cmov, cx8, fxsr, mmx, sse, sse2, sse3, ssse3, tsc

/proc/cpuinfo:
processor	: 0
vendor_id	: GenuineIntel
cpu family	: 6
model		: 58
model name	: Intel(R) Core(TM) i7-3517U CPU @ 1.90GHz
stepping	: 9
microcode	: 0x19
cpu MHz		: 2338.663
cache size	: 6144 KB
physical id	: 0
siblings	: 2
core id		: 0
cpu cores	: 2
apicid		: 0
initial apicid	: 0
fpu		: yes
fpu_exception	: yes
cpuid level	: 5
wp		: yes
flags		: fpu vme de pse tsc msr pae mce cx8 apic sep mtrr pge mca cmov pat pse36 clflush mmx fxsr sse sse2 ht syscall nx rdtscp lm constant_tsc rep_good nopl pni ssse3 lahf_lm
bogomips	: 4677.32
clflush size	: 64
cache_alignment	: 64
address sizes	: 36 bits physical, 48 bits virtual
power management:

processor	: 1
vendor_id	: GenuineIntel
cpu family	: 6
model		: 58
model name	: Intel(R) Core(TM) i7-3517U CPU @ 1.90GHz
stepping	: 9
microcode	: 0x19
cpu MHz		: 2338.663
cache size	: 6144 KB
physical id	: 0
siblings	: 2
core id		: 1
cpu cores	: 2
apicid		: 1
initial apicid	: 1
fpu		: yes
fpu_exception	: yes
cpuid level	: 5
wp		: yes
flags		: fpu vme de pse tsc msr pae mce cx8 apic sep mtrr pge mca cmov pat pse36 clflush mmx fxsr sse sse2 ht syscall nx rdtscp lm constant_tsc rep_good nopl pni ssse3 lahf_lm
bogomips	: 4677.32
clflush size	: 64
cache_alignment	: 64
address sizes	: 36 bits physical, 48 bits virtual
power management:



Memory: 4k page, physical 4048236k(2973856k free), swap 0k(0k free)

vm_info: Java HotSpot(TM) 64-Bit Server VM (24.72-b04) for linux-amd64 JRE (1.7.0_72-b14), built on Sep 26 2014 18:20:41 by "java_re" with gcc 4.3.0 20080428 (Red Hat 4.3.0-8)

time: Wed Jan 21 02:35:19 2015
elapsed time: 0 seconds

