#
# A fatal error has been detected by the Java Runtime Environment:
#
#  SIGSEGV (0xb) at pc=0x00007f9285063fdc, pid=3535, tid=140267463632640
#
# JRE version: Java(TM) SE Runtime Environment (7.0_51-b13) (build 1.7.0_51-b13)
# Java VM: Java HotSpot(TM) 64-Bit Server VM (24.51-b03 mixed mode linux-amd64 compressed oops)
# Problematic frame:
# J  extra1.Malloc.free(J)V
#
# Failed to write core dump. Core dumps have been disabled. To enable core dumping, try "ulimit -c unlimited" before starting Java again
#
# If you would like to submit a bug report, please visit:
#   http://bugreport.sun.com/bugreport/crash.jsp
#

---------------  T H R E A D  ---------------

Current thread (0x00007f9288009800):  JavaThread "main" [_thread_in_Java, id=3536, stack(0x00007f929047e000,0x00007f929057f000)]

siginfo:si_signo=SIGSEGV: si_errno=0, si_code=2 (SEGV_ACCERR), si_addr=0x00007f9248031ef4

Registers:
RAX=0x0000000000000001, RBX=0x00007f9224017f38, RCX=0x00007f9223fff010, RDX=0x00007f9224017c20
RSP=0x00007f929057d8d0, RBP=0x00007f929057d970, RSI=0x00000000eb64e8b0, RDI=0x00007f9224017f48
R8 =0x0000000024019fb8, R9 =0x00007f9224017f38, R10=0x0000000024019fb8, R11=0x00007f9223fff010
R12=0x0000000000000000, R13=0x00007f929057d918, R14=0x00000000bd258020, R15=0x00007f9288009800
RIP=0x00007f9285063fdc, EFLAGS=0x0000000000010206, CSGSFS=0x0000000000000033, ERR=0x0000000000000006
  TRAPNO=0x000000000000000e

Top of Stack: (sp=0x00007f929057d8d0)
0x00007f929057d8d0:   00007f929057d928 00000000bd252f80
0x00007f929057d8e0:   00000000eb650a98 00000000bd252490
0x00007f929057d8f0:   0000000000000001 00007f929057d918
0x00007f929057d900:   00007f929057d970 00007f9285006058
0x00007f929057d910:   00007f9285006058 00007f9224017f40
0x00007f929057d920:   00000000eb64e8c8 00000000eb64e8b0
0x00007f929057d930:   00007f929057d930 00000000bd252b66
0x00007f929057d940:   00007f929057d9a8 00000000bd252f80
0x00007f929057d950:   00000000bd258020 00000000bd252be0
0x00007f929057d960:   00007f929057d918 00007f929057d9a8
0x00007f929057d970:   00007f929057da10 00007f92850004e7
0x00007f929057d980:   000000000000031e 00000000000287ab
0x00007f929057d990:   00000000eb650a98 00000000eb64e8c8
0x00007f929057d9a0:   00000000eb64e8b0 00000000eb64e8a0
0x00007f929057d9b0:   00007f9200001fa0 00007f929057dd00
0x00007f929057d9c0:   00007f929057da90 00007f929057db70
0x00007f929057d9d0:   00007f9288009800 00007f928800a540
0x00007f929057d9e0:   00007f929057da50 00007f929057dd08
0x00007f929057d9f0:   00007f920000000a 00000000bd252be0
0x00007f929057da00:   00007f92850102a0 00007f929057db78
0x00007f929057da10:   00007f929057db00 00007f928f10f465
0x00007f929057da20:   00007f9200000001 00007f9288009800
0x00007f929057da30:   00007f92850102a0 00007f929057da50
0x00007f929057da40:   00007f92850102a0 00007f920000000a
0x00007f929057da50:   00007f9288009800 00007f928800b040
0x00007f929057da60:   00000000bd252be0 0000000000000000
0x00007f929057da70:   0000000000000000 0000000000000000
0x00007f929057da80:   0000000000000000 00007f929057dd00
0x00007f929057da90:   00007f9288009800 00007f9288006f70
0x00007f929057daa0:   00007f928800a530 00007f928800a548
0x00007f929057dab0:   00007f928800a918 00000000000003d8
0x00007f929057dac0:   00007f9288006fb0 00000000bd251cf8 

Instructions: (pc=0x00007f9285063fdc)
0x00007f9285063fbc:   4c 89 53 08 4d 85 d2 74 04 49 89 4a 10 45 03 c3
0x00007f9285063fcc:   4c 8b 5e 10 4d 63 d0 49 8b cb 49 8b d9 44 89 03
0x00007f9285063fdc:   46 89 44 13 04 4c 8b 51 08 4c 89 53 08 4c 89 5b
0x00007f9285063fec:   10 4c 89 49 08 4d 85 d2 74 04 4d 89 4a 10 41 ba 

Register to memory mapping:

RAX=0x0000000000000001 is an unknown value
RBX=0x00007f9224017f38 is an unknown value
RCX=0x00007f9223fff010 is an unknown value
RDX=0x00007f9224017c20 is an unknown value
RSP=0x00007f929057d8d0 is pointing into the stack for thread: 0x00007f9288009800
RBP=0x00007f929057d970 is pointing into the stack for thread: 0x00007f9288009800
RSI=0x00000000eb64e8b0 is an oop
extra1.Malloc 
 - klass: 'extra1/Malloc'
RDI=0x00007f9224017f48 is an unknown value
R8 =0x0000000024019fb8 is an unknown value
R9 =0x00007f9224017f38 is an unknown value
R10=0x0000000024019fb8 is an unknown value
R11=0x00007f9223fff010 is an unknown value
R12=0x0000000000000000 is an unknown value
R13=0x00007f929057d918 is pointing into the stack for thread: 0x00007f9288009800
R14=0x00000000bd258020 is pointing into object: 0x00000000bd257e90
{method data} 
 - klass: {other class}
R15=0x00007f9288009800 is a thread


Stack: [0x00007f929047e000,0x00007f929057f000],  sp=0x00007f929057d8d0,  free space=1022k
Native frames: (J=compiled Java code, j=interpreted, Vv=VM code, C=native code)
J  extra1.Malloc.free(J)V
v  ~StubRoutines::call_stub
V  [libjvm.so+0x5f8465]  JavaCalls::call_helper(JavaValue*, methodHandle*, JavaCallArguments*, Thread*)+0x365
V  [libjvm.so+0x5f6ec8]  JavaCalls::call(JavaValue*, methodHandle, JavaCallArguments*, Thread*)+0x28
V  [libjvm.so+0x6300b9]  jni_invoke_static(JNIEnv_*, JavaValue*, _jobject*, JNICallType, _jmethodID*, JNI_ArgumentPusher*, Thread*)+0x219
V  [libjvm.so+0x639142]  jni_CallStaticVoidMethod+0x162
C  [libjli.so+0x36d9]  JavaMain+0x7e9


---------------  P R O C E S S  ---------------

Java Threads: ( => current thread )
  0x00007f9288096000 JavaThread "Service Thread" daemon [_thread_blocked, id=3547, stack(0x00007f9281b91000,0x00007f9281c92000)]
  0x00007f9288093800 JavaThread "C2 CompilerThread1" daemon [_thread_blocked, id=3546, stack(0x00007f9281c92000,0x00007f9281d93000)]
  0x00007f9288090800 JavaThread "C2 CompilerThread0" daemon [_thread_blocked, id=3545, stack(0x00007f9281d93000,0x00007f9281e94000)]
  0x00007f9288086800 JavaThread "Signal Dispatcher" daemon [_thread_blocked, id=3544, stack(0x00007f9281e94000,0x00007f9281f95000)]
  0x00007f928806f800 JavaThread "Finalizer" daemon [_thread_blocked, id=3543, stack(0x00007f9282678000,0x00007f9282779000)]
  0x00007f928806b800 JavaThread "Reference Handler" daemon [_thread_blocked, id=3542, stack(0x00007f9282779000,0x00007f928287a000)]
=>0x00007f9288009800 JavaThread "main" [_thread_in_Java, id=3536, stack(0x00007f929047e000,0x00007f929057f000)]

Other Threads:
  0x00007f9288069000 VMThread [stack: 0x00007f928287a000,0x00007f928297b000] [id=3541]
  0x00007f92880a0800 WatcherThread [stack: 0x00007f9281a90000,0x00007f9281b91000] [id=3548]

VM state:not at safepoint (normal execution)

VM Mutex/Monitor currently owned by a thread: None

Heap
 PSYoungGen      total 18944K, used 327K [0x00000000eb600000, 0x00000000ecb00000, 0x0000000100000000)
  eden space 16384K, 2% used [0x00000000eb600000,0x00000000eb651f28,0x00000000ec600000)
  from space 2560K, 0% used [0x00000000ec880000,0x00000000ec880000,0x00000000ecb00000)
  to   space 2560K, 0% used [0x00000000ec600000,0x00000000ec600000,0x00000000ec880000)
 ParOldGen       total 41984K, used 0K [0x00000000c2200000, 0x00000000c4b00000, 0x00000000eb600000)
  object space 41984K, 0% used [0x00000000c2200000,0x00000000c2200000,0x00000000c4b00000)
 PSPermGen       total 21504K, used 2402K [0x00000000bd000000, 0x00000000be500000, 0x00000000c2200000)
  object space 21504K, 11% used [0x00000000bd000000,0x00000000bd258ab0,0x00000000be500000)

Card table byte_map: [0x00007f928d56a000,0x00007f928d783000] byte_map_base: 0x00007f928cf82000

Polling page: 0x00007f9290593000

Code Cache  [0x00007f9285000000, 0x00007f9285270000, 0x00007f9288000000)
 total_blobs=194 nmethods=15 adapters=134 free_code_cache=48757Kb largest_free_block=49906880

Compilation events (10 events):
Event: 0.315 Thread 0x00007f9288093800 nmethod 9 0x00007f9285060310 code [0x00007f9285060460, 0x00007f9285060658]
Event: 0.315 Thread 0x00007f9288093800   10             java.util.Random::next (47 bytes)
Event: 0.317 Thread 0x00007f9288093800 nmethod 10 0x00007f9285060050 code [0x00007f9285060180, 0x00007f9285060258]
Event: 0.317 Thread 0x00007f9288093800   11             extra1.Malloc::addFreeChunk (105 bytes)
Event: 0.317 Thread 0x00007f9288093800 nmethod 11 0x00007f928505fe50 code [0x00007f928505ff80, 0x00007f928505fff8]
Event: 0.317 Thread 0x00007f9288093800   12             extra1.Malloc::removeFreeChunk (58 bytes)
Event: 0.318 Thread 0x00007f9288093800 nmethod 12 0x00007f928505fc50 code [0x00007f928505fd80, 0x00007f928505fdf8]
Event: 0.318 Thread 0x00007f9288093800   13 %           extra1.Malloc::main @ 28 (93 bytes)
Event: 0.372 Thread 0x00007f9288090800   14             extra1.Malloc::free (25 bytes)
Event: 0.377 Thread 0x00007f9288090800 nmethod 14 0x00007f9285063dd0 code [0x00007f9285063f00, 0x00007f92850641d8]

GC Heap History (0 events):
No events

Deoptimization events (0 events):
No events

Internal exceptions (2 events):
Event: 0.047 Thread 0x00007f9288009800 Threw 0x00000000eb6102d8 at /HUDSON/workspace/7u-2-build-linux-amd64@2/jdk7u51/527/hotspot/src/share/vm/prims/jni.cpp:3991
Event: 0.097 Thread 0x00007f9288009800 Threw 0x00000000eb645c48 at /HUDSON/workspace/7u-2-build-linux-amd64@2/jdk7u51/527/hotspot/src/share/vm/prims/jvm.cpp:1244

Events (10 events):
Event: 0.109 loading class 0x00007f928cd7cb50
Event: 0.109 loading class 0x00007f928cd7cb50 done
Event: 0.110 loading class 0x00007f928cd64cf0
Event: 0.110 loading class 0x00007f928cd64cf0 done
Event: 0.110 loading class 0x00007f928cd7ea80
Event: 0.113 loading class 0x00007f928cd7ea80 done
Event: 0.113 loading class 0x00007f928cdb08b0
Event: 0.113 loading class 0x00007f928cdb0c00
Event: 0.114 loading class 0x00007f928cdb0c00 done
Event: 0.114 loading class 0x00007f928cdb08b0 done


Dynamic libraries:
00400000-00401000 r-xp 00000000 08:03 141022                             /usr/java/jdk1.7.0_51/bin/java
00600000-00601000 rw-p 00000000 08:03 141022                             /usr/java/jdk1.7.0_51/bin/java
01f1b000-01f3c000 rw-p 00000000 00:00 0                                  [heap]
bd000000-100000000 rw-p 00000000 00:00 0 
7f9223fff000-7f9244021000 rw-p 00000000 00:00 0 
7f9244021000-7f9248000000 ---p 00000000 00:00 0 
7f9248000000-7f9248021000 rw-p 00000000 00:00 0 
7f9248021000-7f924c000000 ---p 00000000 00:00 0 
7f924c000000-7f924c0ca000 rw-p 00000000 00:00 0 
7f924c0ca000-7f9250000000 ---p 00000000 00:00 0 
7f9250000000-7f92500ce000 rw-p 00000000 00:00 0 
7f92500ce000-7f9254000000 ---p 00000000 00:00 0 
7f9254000000-7f9254021000 rw-p 00000000 00:00 0 
7f9254021000-7f9258000000 ---p 00000000 00:00 0 
7f9258000000-7f9258021000 rw-p 00000000 00:00 0 
7f9258021000-7f925c000000 ---p 00000000 00:00 0 
7f925c000000-7f925c021000 rw-p 00000000 00:00 0 
7f925c021000-7f9260000000 ---p 00000000 00:00 0 
7f9260000000-7f9260021000 rw-p 00000000 00:00 0 
7f9260021000-7f9264000000 ---p 00000000 00:00 0 
7f9264000000-7f9264021000 rw-p 00000000 00:00 0 
7f9264021000-7f9268000000 ---p 00000000 00:00 0 
7f926c000000-7f926c021000 rw-p 00000000 00:00 0 
7f926c021000-7f9270000000 ---p 00000000 00:00 0 
7f9274000000-7f9274021000 rw-p 00000000 00:00 0 
7f9274021000-7f9278000000 ---p 00000000 00:00 0 
7f927c000000-7f927c021000 rw-p 00000000 00:00 0 
7f927c021000-7f9280000000 ---p 00000000 00:00 0 
7f928184b000-7f9281a90000 rw-p 00000000 00:00 0 
7f9281a90000-7f9281a91000 ---p 00000000 00:00 0 
7f9281a91000-7f9281b91000 rw-p 00000000 00:00 0                          [stack:3548]
7f9281b91000-7f9281b94000 ---p 00000000 00:00 0 
7f9281b94000-7f9281c92000 rw-p 00000000 00:00 0                          [stack:3547]
7f9281c92000-7f9281c95000 ---p 00000000 00:00 0 
7f9281c95000-7f9281d93000 rw-p 00000000 00:00 0                          [stack:3546]
7f9281d93000-7f9281d96000 ---p 00000000 00:00 0 
7f9281d96000-7f9281e94000 rw-p 00000000 00:00 0                          [stack:3545]
7f9281e94000-7f9281e97000 ---p 00000000 00:00 0 
7f9281e97000-7f9281f95000 rw-p 00000000 00:00 0                          [stack:3544]
7f9281f95000-7f9282678000 r--p 00000000 08:03 138899                     /usr/lib/locale/locale-archive
7f9282678000-7f928267b000 ---p 00000000 00:00 0 
7f928267b000-7f9282779000 rw-p 00000000 00:00 0                          [stack:3543]
7f9282779000-7f928277c000 ---p 00000000 00:00 0 
7f928277c000-7f928287a000 rw-p 00000000 00:00 0                          [stack:3542]
7f928287a000-7f928287b000 ---p 00000000 00:00 0 
7f928287b000-7f9285000000 rw-p 00000000 00:00 0                          [stack:3541]
7f9285000000-7f9285270000 rwxp 00000000 00:00 0 
7f9285270000-7f92880b1000 rw-p 00000000 00:00 0 
7f92880b1000-7f928c000000 ---p 00000000 00:00 0 
7f928c02b000-7f928cb25000 rw-p 00000000 00:00 0 
7f928cb25000-7f928cce2000 r--s 039bf000 08:03 156950                     /usr/java/jdk1.7.0_51/jre/lib/rt.jar
7f928cce2000-7f928cff3000 rw-p 00000000 00:00 0 
7f928cff3000-7f928cff4000 ---p 00000000 00:00 0 
7f928cff4000-7f928d0f4000 rw-p 00000000 00:00 0                          [stack:3540]
7f928d0f4000-7f928d0f5000 ---p 00000000 00:00 0 
7f928d0f5000-7f928d1f5000 rw-p 00000000 00:00 0                          [stack:3539]
7f928d1f5000-7f928d1f6000 ---p 00000000 00:00 0 
7f928d1f6000-7f928d2f6000 rw-p 00000000 00:00 0                          [stack:3538]
7f928d2f6000-7f928d2f7000 ---p 00000000 00:00 0 
7f928d2f7000-7f928d783000 rw-p 00000000 00:00 0                          [stack:3537]
7f928d783000-7f928d79d000 r-xp 00000000 08:03 156938                     /usr/java/jdk1.7.0_51/jre/lib/amd64/libzip.so
7f928d79d000-7f928d99d000 ---p 0001a000 08:03 156938                     /usr/java/jdk1.7.0_51/jre/lib/amd64/libzip.so
7f928d99d000-7f928d99e000 rw-p 0001a000 08:03 156938                     /usr/java/jdk1.7.0_51/jre/lib/amd64/libzip.so
7f928d99e000-7f928d9aa000 r-xp 00000000 08:03 265805                     /lib/x86_64-linux-gnu/libnss_files-2.15.so
7f928d9aa000-7f928dba9000 ---p 0000c000 08:03 265805                     /lib/x86_64-linux-gnu/libnss_files-2.15.so
7f928dba9000-7f928dbaa000 r--p 0000b000 08:03 265805                     /lib/x86_64-linux-gnu/libnss_files-2.15.so
7f928dbaa000-7f928dbab000 rw-p 0000c000 08:03 265805                     /lib/x86_64-linux-gnu/libnss_files-2.15.so
7f928dbab000-7f928dbb5000 r-xp 00000000 08:03 265809                     /lib/x86_64-linux-gnu/libnss_nis-2.15.so
7f928dbb5000-7f928ddb5000 ---p 0000a000 08:03 265809                     /lib/x86_64-linux-gnu/libnss_nis-2.15.so
7f928ddb5000-7f928ddb6000 r--p 0000a000 08:03 265809                     /lib/x86_64-linux-gnu/libnss_nis-2.15.so
7f928ddb6000-7f928ddb7000 rw-p 0000b000 08:03 265809                     /lib/x86_64-linux-gnu/libnss_nis-2.15.so
7f928ddb7000-7f928ddce000 r-xp 00000000 08:03 265799                     /lib/x86_64-linux-gnu/libnsl-2.15.so
7f928ddce000-7f928dfcd000 ---p 00017000 08:03 265799                     /lib/x86_64-linux-gnu/libnsl-2.15.so
7f928dfcd000-7f928dfce000 r--p 00016000 08:03 265799                     /lib/x86_64-linux-gnu/libnsl-2.15.so
7f928dfce000-7f928dfcf000 rw-p 00017000 08:03 265799                     /lib/x86_64-linux-gnu/libnsl-2.15.so
7f928dfcf000-7f928dfd1000 rw-p 00000000 00:00 0 
7f928dfd1000-7f928dfd9000 r-xp 00000000 08:03 265801                     /lib/x86_64-linux-gnu/libnss_compat-2.15.so
7f928dfd9000-7f928e1d8000 ---p 00008000 08:03 265801                     /lib/x86_64-linux-gnu/libnss_compat-2.15.so
7f928e1d8000-7f928e1d9000 r--p 00007000 08:03 265801                     /lib/x86_64-linux-gnu/libnss_compat-2.15.so
7f928e1d9000-7f928e1da000 rw-p 00008000 08:03 265801                     /lib/x86_64-linux-gnu/libnss_compat-2.15.so
7f928e1da000-7f928e203000 r-xp 00000000 08:03 156922                     /usr/java/jdk1.7.0_51/jre/lib/amd64/libjava.so
7f928e203000-7f928e403000 ---p 00029000 08:03 156922                     /usr/java/jdk1.7.0_51/jre/lib/amd64/libjava.so
7f928e403000-7f928e405000 rw-p 00029000 08:03 156922                     /usr/java/jdk1.7.0_51/jre/lib/amd64/libjava.so
7f928e405000-7f928e412000 r-xp 00000000 08:03 156920                     /usr/java/jdk1.7.0_51/jre/lib/amd64/libverify.so
7f928e412000-7f928e611000 ---p 0000d000 08:03 156920                     /usr/java/jdk1.7.0_51/jre/lib/amd64/libverify.so
7f928e611000-7f928e613000 rw-p 0000c000 08:03 156920                     /usr/java/jdk1.7.0_51/jre/lib/amd64/libverify.so
7f928e613000-7f928e61a000 r-xp 00000000 08:03 265840                     /lib/x86_64-linux-gnu/librt-2.15.so
7f928e61a000-7f928e819000 ---p 00007000 08:03 265840                     /lib/x86_64-linux-gnu/librt-2.15.so
7f928e819000-7f928e81a000 r--p 00006000 08:03 265840                     /lib/x86_64-linux-gnu/librt-2.15.so
7f928e81a000-7f928e81b000 rw-p 00007000 08:03 265840                     /lib/x86_64-linux-gnu/librt-2.15.so
7f928e81b000-7f928e916000 r-xp 00000000 08:03 265786                     /lib/x86_64-linux-gnu/libm-2.15.so
7f928e916000-7f928eb15000 ---p 000fb000 08:03 265786                     /lib/x86_64-linux-gnu/libm-2.15.so
7f928eb15000-7f928eb16000 r--p 000fa000 08:03 265786                     /lib/x86_64-linux-gnu/libm-2.15.so
7f928eb16000-7f928eb17000 rw-p 000fb000 08:03 265786                     /lib/x86_64-linux-gnu/libm-2.15.so
7f928eb17000-7f928f679000 r-xp 00000000 08:03 156928                     /usr/java/jdk1.7.0_51/jre/lib/amd64/server/libjvm.so
7f928f679000-7f928f879000 ---p 00b62000 08:03 156928                     /usr/java/jdk1.7.0_51/jre/lib/amd64/server/libjvm.so
7f928f879000-7f928f93c000 rw-p 00b62000 08:03 156928                     /usr/java/jdk1.7.0_51/jre/lib/amd64/server/libjvm.so
7f928f93c000-7f928f97d000 rw-p 00000000 00:00 0 
7f928f97d000-7f928fb32000 r-xp 00000000 08:03 265754                     /lib/x86_64-linux-gnu/libc-2.15.so
7f928fb32000-7f928fd31000 ---p 001b5000 08:03 265754                     /lib/x86_64-linux-gnu/libc-2.15.so
7f928fd31000-7f928fd35000 r--p 001b4000 08:03 265754                     /lib/x86_64-linux-gnu/libc-2.15.so
7f928fd35000-7f928fd37000 rw-p 001b8000 08:03 265754                     /lib/x86_64-linux-gnu/libc-2.15.so
7f928fd37000-7f928fd3c000 rw-p 00000000 00:00 0 
7f928fd3c000-7f928fd3e000 r-xp 00000000 08:03 265767                     /lib/x86_64-linux-gnu/libdl-2.15.so
7f928fd3e000-7f928ff3e000 ---p 00002000 08:03 265767                     /lib/x86_64-linux-gnu/libdl-2.15.so
7f928ff3e000-7f928ff3f000 r--p 00002000 08:03 265767                     /lib/x86_64-linux-gnu/libdl-2.15.so
7f928ff3f000-7f928ff40000 rw-p 00003000 08:03 265767                     /lib/x86_64-linux-gnu/libdl-2.15.so
7f928ff40000-7f928ff56000 r-xp 00000000 08:03 154519                     /usr/java/jdk1.7.0_51/lib/amd64/jli/libjli.so
7f928ff56000-7f9290156000 ---p 00016000 08:03 154519                     /usr/java/jdk1.7.0_51/lib/amd64/jli/libjli.so
7f9290156000-7f9290157000 rw-p 00016000 08:03 154519                     /usr/java/jdk1.7.0_51/lib/amd64/jli/libjli.so
7f9290157000-7f929016f000 r-xp 00000000 08:03 265834                     /lib/x86_64-linux-gnu/libpthread-2.15.so
7f929016f000-7f929036e000 ---p 00018000 08:03 265834                     /lib/x86_64-linux-gnu/libpthread-2.15.so
7f929036e000-7f929036f000 r--p 00017000 08:03 265834                     /lib/x86_64-linux-gnu/libpthread-2.15.so
7f929036f000-7f9290370000 rw-p 00018000 08:03 265834                     /lib/x86_64-linux-gnu/libpthread-2.15.so
7f9290370000-7f9290374000 rw-p 00000000 00:00 0 
7f9290374000-7f9290396000 r-xp 00000000 08:03 265734                     /lib/x86_64-linux-gnu/ld-2.15.so
7f92903a9000-7f929047e000 rw-p 00000000 00:00 0 
7f929047e000-7f9290481000 ---p 00000000 00:00 0 
7f9290481000-7f9290583000 rw-p 00000000 00:00 0                          [stack:3536]
7f9290588000-7f929058a000 rw-p 00000000 00:00 0 
7f929058a000-7f9290592000 rw-s 00000000 08:03 158055                     /tmp/hsperfdata_andrei/3535
7f9290592000-7f9290593000 rw-p 00000000 00:00 0 
7f9290593000-7f9290594000 r--p 00000000 00:00 0 
7f9290594000-7f9290596000 rw-p 00000000 00:00 0 
7f9290596000-7f9290597000 r--p 00022000 08:03 265734                     /lib/x86_64-linux-gnu/ld-2.15.so
7f9290597000-7f9290599000 rw-p 00023000 08:03 265734                     /lib/x86_64-linux-gnu/ld-2.15.so
7fff3f274000-7fff3f295000 rw-p 00000000 00:00 0                          [stack]
7fff3f3fe000-7fff3f400000 r-xp 00000000 00:00 0                          [vdso]
ffffffffff600000-ffffffffff601000 r-xp 00000000 00:00 0                  [vsyscall]

VM Arguments:
java_command: extra1.Malloc
Launcher Type: SUN_STANDARD

Environment Variables:
CLASSPATH=/media/crash/out/production/crash
PATH=/usr/lib/lightdm/lightdm:/usr/local/sbin:/usr/local/bin:/usr/sbin:/usr/bin:/sbin:/bin:/usr/games:/usr/java/jdk1.7.0_51/bin
LD_LIBRARY_PATH=/media/crash/lib
SHELL=/bin/bash
DISPLAY=:0

Signal Handlers:
SIGSEGV: [libjvm.so+0x993870], sa_mask[0]=0x7ffbfeff, sa_flags=0x10000004
SIGBUS: [libjvm.so+0x993870], sa_mask[0]=0x7ffbfeff, sa_flags=0x10000004
SIGFPE: [libjvm.so+0x8105b0], sa_mask[0]=0x7ffbfeff, sa_flags=0x10000004
SIGPIPE: [libjvm.so+0x8105b0], sa_mask[0]=0x7ffbfeff, sa_flags=0x10000004
SIGXFSZ: [libjvm.so+0x8105b0], sa_mask[0]=0x7ffbfeff, sa_flags=0x10000004
SIGILL: [libjvm.so+0x8105b0], sa_mask[0]=0x7ffbfeff, sa_flags=0x10000004
SIGUSR1: SIG_DFL, sa_mask[0]=0x00000000, sa_flags=0x00000000
SIGUSR2: [libjvm.so+0x811aa0], sa_mask[0]=0x00000000, sa_flags=0x10000004
SIGHUP: [libjvm.so+0x812a10], sa_mask[0]=0x7ffbfeff, sa_flags=0x10000004
SIGINT: [libjvm.so+0x812a10], sa_mask[0]=0x7ffbfeff, sa_flags=0x10000004
SIGTERM: [libjvm.so+0x812a10], sa_mask[0]=0x7ffbfeff, sa_flags=0x10000004
SIGQUIT: [libjvm.so+0x812a10], sa_mask[0]=0x7ffbfeff, sa_flags=0x10000004


---------------  S Y S T E M  ---------------

OS:wheezy/sid

uname:Linux 3.8.0-31-generic #46~precise1-Ubuntu SMP Wed Sep 11 18:21:16 UTC 2013 x86_64
libc:glibc 2.15 NPTL 2.15 
rlimit: STACK 8192k, CORE 0k, NPROC 31484, NOFILE 4096, AS infinity
load average:0.06 0.06 0.07

/proc/meminfo:
MemTotal:        4048960 kB
MemFree:         2917628 kB
Buffers:           38972 kB
Cached:           164816 kB
SwapCached:            0 kB
Active:           679124 kB
Inactive:         312272 kB
Active(anon):     639828 kB
Inactive(anon):   151080 kB
Active(file):      39296 kB
Inactive(file):   161192 kB
Unevictable:           0 kB
Mlocked:               0 kB
SwapTotal:             0 kB
SwapFree:              0 kB
Dirty:                68 kB
Writeback:             0 kB
AnonPages:        787920 kB
Mapped:            33980 kB
Shmem:              3288 kB
Slab:              69484 kB
SReclaimable:      49368 kB
SUnreclaim:        20116 kB
KernelStack:        2808 kB
PageTables:        23324 kB
NFS_Unstable:          0 kB
Bounce:                0 kB
WritebackTmp:          0 kB
CommitLimit:     4048960 kB
Committed_AS:    3638716 kB
VmallocTotal:   34359738367 kB
VmallocUsed:       53172 kB
VmallocChunk:   34359683795 kB
HardwareCorrupted:     0 kB
AnonHugePages:         0 kB
HugePages_Total:       0
HugePages_Free:        0
HugePages_Rsvd:        0
HugePages_Surp:        0
Hugepagesize:       2048 kB
DirectMap4k:       53184 kB
DirectMap2M:     4141056 kB


CPU:total 4 (4 cores per cpu, 1 threads per core) family 6 model 58 stepping 9, cmov, cx8, fxsr, mmx, sse, sse2, sse3, ssse3, tsc

/proc/cpuinfo:
processor	: 0
vendor_id	: GenuineIntel
cpu family	: 6
model		: 58
model name	: Intel(R) Core(TM) i7-3517U CPU @ 1.90GHz
stepping	: 9
cpu MHz		: 0.000
cache size	: 6144 KB
physical id	: 0
siblings	: 4
core id		: 0
cpu cores	: 4
apicid		: 0
initial apicid	: 0
fpu		: yes
fpu_exception	: yes
cpuid level	: 5
wp		: yes
flags		: fpu vme de pse tsc msr pae mce cx8 apic sep mtrr pge mca cmov pat pse36 clflush mmx fxsr sse sse2 ht syscall nx rdtscp lm constant_tsc rep_good nopl pni ssse3 lahf_lm
bogomips	: 2160.64
clflush size	: 64
cache_alignment	: 64
address sizes	: 36 bits physical, 48 bits virtual
power management:

processor	: 1
vendor_id	: GenuineIntel
cpu family	: 6
model		: 58
model name	: Intel(R) Core(TM) i7-3517U CPU @ 1.90GHz
stepping	: 9
cpu MHz		: 0.000
cache size	: 6144 KB
physical id	: 0
siblings	: 4
core id		: 1
cpu cores	: 4
apicid		: 1
initial apicid	: 1
fpu		: yes
fpu_exception	: yes
cpuid level	: 5
wp		: yes
flags		: fpu vme de pse tsc msr pae mce cx8 apic sep mtrr pge mca cmov pat pse36 clflush mmx fxsr sse sse2 ht syscall nx rdtscp lm constant_tsc rep_good nopl pni ssse3 lahf_lm
bogomips	: 2160.64
clflush size	: 64
cache_alignment	: 64
address sizes	: 36 bits physical, 48 bits virtual
power management:

processor	: 2
vendor_id	: GenuineIntel
cpu family	: 6
model		: 58
model name	: Intel(R) Core(TM) i7-3517U CPU @ 1.90GHz
stepping	: 9
cpu MHz		: 0.000
cache size	: 6144 KB
physical id	: 0
siblings	: 4
core id		: 2
cpu cores	: 4
apicid		: 2
initial apicid	: 2
fpu		: yes
fpu_exception	: yes
cpuid level	: 5
wp		: yes
flags		: fpu vme de pse tsc msr pae mce cx8 apic sep mtrr pge mca cmov pat pse36 clflush mmx fxsr sse sse2 ht syscall nx rdtscp lm constant_tsc rep_good nopl pni ssse3 lahf_lm
bogomips	: 2160.64
clflush size	: 64
cache_alignment	: 64
address sizes	: 36 bits physical, 48 bits virtual
power management:

processor	: 3
vendor_id	: GenuineIntel
cpu family	: 6
model		: 58
model name	: Intel(R) Core(TM) i7-3517U CPU @ 1.90GHz
stepping	: 9
cpu MHz		: 0.000
cache size	: 6144 KB
physical id	: 0
siblings	: 4
core id		: 3
cpu cores	: 4
apicid		: 3
initial apicid	: 3
fpu		: yes
fpu_exception	: yes
cpuid level	: 5
wp		: yes
flags		: fpu vme de pse tsc msr pae mce cx8 apic sep mtrr pge mca cmov pat pse36 clflush mmx fxsr sse sse2 ht syscall nx rdtscp lm constant_tsc rep_good nopl pni ssse3 lahf_lm
bogomips	: 2160.64
clflush size	: 64
cache_alignment	: 64
address sizes	: 36 bits physical, 48 bits virtual
power management:



Memory: 4k page, physical 4048960k(2917628k free), swap 0k(0k free)

vm_info: Java HotSpot(TM) 64-Bit Server VM (24.51-b03) for linux-amd64 JRE (1.7.0_51-b13), built on Dec 18 2013 18:48:01 by "java_re" with gcc 4.3.0 20080428 (Red Hat 4.3.0-8)

time: Fri Apr 18 01:58:42 2014
elapsed time: 0 seconds

