#
# A fatal error has been detected by the Java Runtime Environment:
#
#  SIGFPE (0x8) at pc=0x00007f03bd49a585, pid=2774, tid=139654353475328
#
# JRE version: Java(TM) SE Runtime Environment (7.0_40-b43) (build 1.7.0_40-b43)
# Java VM: Java HotSpot(TM) 64-Bit Server VM (24.0-b56 mixed mode linux-amd64 compressed oops)
# Problematic frame:
# C  [libdiv.so+0x585]  Java_demo1_NativeDiv_div+0x5
#
# Failed to write core dump. Core dumps have been disabled. To enable core dumping, try "ulimit -c unlimited" before starting Java again
#
# If you would like to submit a bug report, please visit:
#   http://bugreport.sun.com/bugreport/crash.jsp
# The crash happened outside the Java Virtual Machine in native code.
# See problematic frame for where to report the bug.
#

---------------  T H R E A D  ---------------

Current thread (0x00007f03c8009800):  JavaThread "main" [_thread_in_native, id=2775, stack(0x00007f03d0115000,0x00007f03d0216000)]

siginfo:si_signo=SIGFPE: si_errno=0, si_code=1 (FPE_INTDIV), si_addr=0x00007f03bd49a585

Registers:
RAX=0x0000000080000000, RBX=0x0000000005f5e100, RCX=0x00000000ffffffff, RDX=0x00000000ffffffff
RSP=0x00007f03d02148a8, RBP=0x00007f03d02148f0, RSI=0x00007f03d02148e0, RDI=0x00007f03c80099e8
R8 =0x00000000eb64d960, R9 =0x0000000080000000, R10=0x00007f03c50619a4, R11=0x0000000000000000
R12=0x0000000000000000, R13=0x0000000005c4ae89, R14=0x00007f03d02148e0, R15=0x00007f03c8009800
RIP=0x00007f03bd49a585, EFLAGS=0x0000000000010286, CSGSFS=0x0000000000000033, ERR=0x0000000000000000
  TRAPNO=0x0000000000000000

Top of Stack: (sp=0x00007f03d02148a8)
0x00007f03d02148a8:   00007f03c5061a16 00007f03d02148f0
0x00007f03d02148b8:   00007f03d02148e0 00000000bd250ff0
0x00007f03d02148c8:   00000000fffffffc 00000000eb64c220
0x00007f03d02148d8:   00007f03c5061978 00000000eb64ae38
0x00007f03d02148e8:   0000000004f3e038 00000000eb64d958
0x00007f03d02148f8:   00007f03c506329c 05f5e10005c4ae89
0x00007f03d0214908:   00000000eb64d958 00000000eb64d960
0x00007f03d0214918:   0000000000000000 00007f03d0214940
0x00007f03d0214928:   00007f03d0214990 00007f03d0214990
0x00007f03d0214938:   00007f03c5006058 00000000eb64d958
0x00007f03d0214948:   0000000005f5e100 00007f03d0214950
0x00007f03d0214958:   00000000bd250ddd 00007f03d02149a8
0x00007f03d0214968:   00000000bd251480 0000000000000000
0x00007f03d0214978:   00000000bd250e08 00007f03d0214940
0x00007f03d0214988:   00007f03d02149a8 00007f03d0214a10
0x00007f03d0214998:   00007f03c50004e7 00000000eb64c200
0x00007f03d02149a8:   00000000eb64bfb0 00007f0300001fa0
0x00007f03d02149b8:   00007f03d0214d00 00007f03d0214a90
0x00007f03d02149c8:   00007f03d0214b70 00007f03c8009800
0x00007f03d02149d8:   00007f03c800a550 00007f03d0214a50
0x00007f03d02149e8:   00007f03d0214d08 00007f030000000a
0x00007f03d02149f8:   00000000bd250e08 00007f03c50102a0
0x00007f03d0214a08:   00007f03d0214b78 00007f03d0214b00
0x00007f03d0214a18:   00007f03ceda6405 00007f0300000001
0x00007f03d0214a28:   00007f03c8009800 00007f03c50102a0
0x00007f03d0214a38:   00007f03d0214a50 00007f03c50102a0
0x00007f03d0214a48:   00007f030000000a 00007f03c8009800
0x00007f03d0214a58:   00007f03c800b050 00000000bd250e08
0x00007f03d0214a68:   0000000000000000 0000000000000000
0x00007f03d0214a78:   0000000000000000 0000000000000000
0x00007f03d0214a88:   00007f03d0214d00 00007f03c8009800
0x00007f03d0214a98:   00007f03c8006f80 00007f03c800a540 

Instructions: (pc=0x00007f03bd49a585)
0x00007f03bd49a565:   48 85 c0 74 0e 5d 48 8d 3d c6 08 20 00 ff e0 0f
0x00007f03bd49a575:   1f 40 00 5d c3 90 90 90 90 90 90 89 d0 c1 fa 1f
0x00007f03bd49a585:   f7 f9 c3 90 90 90 90 90 90 90 90 55 48 89 e5 53
0x00007f03bd49a595:   48 83 ec 08 48 8b 05 78 08 20 00 48 83 f8 ff 74 

Register to memory mapping:

RAX=0x0000000080000000 is an unknown value
RBX=0x0000000005f5e100 is an unknown value
RCX=0x00000000ffffffff is an unallocated location in the heap
RDX=0x00000000ffffffff is an unallocated location in the heap
RSP=0x00007f03d02148a8 is pointing into the stack for thread: 0x00007f03c8009800
RBP=0x00007f03d02148f0 is pointing into the stack for thread: 0x00007f03c8009800
RSI=0x00007f03d02148e0 is pointing into the stack for thread: 0x00007f03c8009800
RDI=0x00007f03c80099e8 is an unknown value
R8 =0x00000000eb64d960 is an unknown value
R9 =0x0000000080000000 is an unknown value
R10=0x00007f03c50619a4 is at entry_point+68 in (nmethod*)0x00007f03c50617d0
R11=0x0000000000000000 is an unknown value
R12=0x0000000000000000 is an unknown value
R13=0x0000000005c4ae89 is an unknown value
R14=0x00007f03d02148e0 is pointing into the stack for thread: 0x00007f03c8009800
R15=0x00007f03c8009800 is a thread


Stack: [0x00007f03d0115000,0x00007f03d0216000],  sp=0x00007f03d02148a8,  free space=1022k
Native frames: (J=compiled Java code, j=interpreted, Vv=VM code, C=native code)
C  [libdiv.so+0x585]  Java_demo1_NativeDiv_div+0x5

Java frames: (J=compiled Java code, j=interpreted, Vv=VM code)
J  demo1.NativeDiv.div(II)I
J  demo1.NativeDiv.runLoop(ILjava/lang/Runnable;)V
j  demo1.NativeDiv.main([Ljava/lang/String;)V+21
v  ~StubRoutines::call_stub

---------------  P R O C E S S  ---------------

Java Threads: ( => current thread )
  0x00007f03c8096000 JavaThread "Service Thread" daemon [_thread_blocked, id=2786, stack(0x00007f03c40af000,0x00007f03c41b0000)]
  0x00007f03c8093800 JavaThread "C2 CompilerThread1" daemon [_thread_blocked, id=2785, stack(0x00007f03c41b0000,0x00007f03c42b1000)]
  0x00007f03c8090800 JavaThread "C2 CompilerThread0" daemon [_thread_blocked, id=2784, stack(0x00007f03c42b1000,0x00007f03c43b2000)]
  0x00007f03c808e800 JavaThread "Signal Dispatcher" daemon [_thread_blocked, id=2783, stack(0x00007f03c43b2000,0x00007f03c44b3000)]
  0x00007f03c806f800 JavaThread "Finalizer" daemon [_thread_blocked, id=2782, stack(0x00007f03c44b3000,0x00007f03c45b4000)]
  0x00007f03c806b800 JavaThread "Reference Handler" daemon [_thread_blocked, id=2781, stack(0x00007f03c45b4000,0x00007f03c46b5000)]
=>0x00007f03c8009800 JavaThread "main" [_thread_in_native, id=2775, stack(0x00007f03d0115000,0x00007f03d0216000)]

Other Threads:
  0x00007f03c8069000 VMThread [stack: 0x00007f03c46b5000,0x00007f03c47b6000] [id=2780]
  0x00007f03c80a0800 WatcherThread [stack: 0x00007f03bd69c000,0x00007f03bd79d000] [id=2787]

VM state:not at safepoint (normal execution)

VM Mutex/Monitor currently owned by a thread: None

Heap
 PSYoungGen      total 18944K, used 327K [0x00000000eb600000, 0x00000000ecb00000, 0x0000000100000000)
  eden space 16384K, 2% used [0x00000000eb600000,0x00000000eb651f28,0x00000000ec600000)
  from space 2560K, 0% used [0x00000000ec880000,0x00000000ec880000,0x00000000ecb00000)
  to   space 2560K, 0% used [0x00000000ec600000,0x00000000ec600000,0x00000000ec880000)
 ParOldGen       total 41984K, used 0K [0x00000000c2200000, 0x00000000c4b00000, 0x00000000eb600000)
  object space 41984K, 0% used [0x00000000c2200000,0x00000000c2200000,0x00000000c4b00000)
 PSPermGen       total 21504K, used 2380K [0x00000000bd000000, 0x00000000be500000, 0x00000000c2200000)
  object space 21504K, 11% used [0x00000000bd000000,0x00000000bd253210,0x00000000be500000)

Card table byte_map: [0x00007f03cd201000,0x00007f03cd41a000] byte_map_base: 0x00007f03ccc19000

Polling page: 0x00007f03d022a000

Code Cache  [0x00007f03c5000000, 0x00007f03c5270000, 0x00007f03c8000000)
 total_blobs=188 nmethods=10 adapters=133 free_code_cache=48762Kb largest_free_block=49916992

Compilation events (10 events):
Event: 0.375 Thread 0x00007f03c8090800 nmethod 4 0x00007f03c5060010 code [0x00007f03c5060140, 0x00007f03c5060218]
Event: 0.375 Thread 0x00007f03c8090800    6             demo1.NativeDiv$1::run (28 bytes)
Event: 0.378 Thread 0x00007f03c8093800 nmethod 5 0x00007f03c505fcd0 code [0x00007f03c505fe20, 0x00007f03c505ff18]
Event: 0.378 Thread 0x00007f03c8093800    7             java.util.Random::nextInt (60 bytes)
Event: 0.389 Thread 0x00007f03c8093800 nmethod 7 0x00007f03c505f790 code [0x00007f03c505f8e0, 0x00007f03c505fad8]
Event: 0.389 Thread 0x00007f03c8093800    8             demo1.NativeDiv::access$000 (6 bytes)
Event: 0.389 Thread 0x00007f03c8090800 nmethod 6 0x00007f03c505f150 code [0x00007f03c505f2c0, 0x00007f03c505f4c8]
Event: 0.389 Thread 0x00007f03c8090800   10 %           demo1.NativeDiv::runLoop @ 2 (20 bytes)
Event: 0.390 Thread 0x00007f03c8093800 nmethod 8 0x00007f03c505ef10 code [0x00007f03c505f060, 0x00007f03c505f0c8]
Event: 0.401 Thread 0x00007f03c8090800 nmethod 10% 0x00007f03c5063090 code [0x00007f03c5063200, 0x00007f03c5063588]

GC Heap History (0 events):
No events

Deoptimization events (0 events):
No events

Internal exceptions (3 events):
Event: 0.120 Thread 0x00007f03c8009800 Threw 0x00000000eb6102d8 at /HUDSON/workspace/jdk7u40-2-build-linux-amd64-product/jdk7u40/hotspot/src/share/vm/prims/jni.cpp:3991
Event: 0.249 Thread 0x00007f03c8009800 Threw 0x00000000eb645b00 at /HUDSON/workspace/jdk7u40-2-build-linux-amd64-product/jdk7u40/hotspot/src/share/vm/prims/jvm.cpp:1244
Event: 0.296 Thread 0x00007f03c8009800 Threw 0x00000000eb64c680 at /HUDSON/workspace/jdk7u40-2-build-linux-amd64-product/jdk7u40/hotspot/src/share/vm/prims/jvm.cpp:1244

Events (10 events):
Event: 0.280 loading class 0x00007f03cca13a50
Event: 0.281 loading class 0x00007f03cca13a50 done
Event: 0.283 loading class 0x00007f03cc9fbcd0
Event: 0.284 loading class 0x00007f03cc9fbcd0 done
Event: 0.284 loading class 0x00007f03cc9fbc70
Event: 0.284 loading class 0x00007f03cc9fbc70 done
Event: 0.296 loading class 0x00007f03c80a6ca0
Event: 0.296 loading class 0x00007f03c80a6ca0 done
Event: 4.284 Executing VM operation: EnableBiasedLocking
Event: 4.284 Executing VM operation: EnableBiasedLocking done


Dynamic libraries:
00400000-00401000 r-xp 00000000 08:03 156103                             /usr/java/jdk1.7.0_40/bin/java
00600000-00601000 rw-p 00000000 08:03 156103                             /usr/java/jdk1.7.0_40/bin/java
00f48000-00f69000 rw-p 00000000 00:00 0                                  [heap]
bd000000-be500000 rw-p 00000000 00:00 0 
be500000-c2200000 rw-p 00000000 00:00 0 
c2200000-c4b00000 rw-p 00000000 00:00 0 
c4b00000-eb600000 rw-p 00000000 00:00 0 
eb600000-ecb00000 rw-p 00000000 00:00 0 
ecb00000-100000000 rw-p 00000000 00:00 0 
7f0388000000-7f0388021000 rw-p 00000000 00:00 0 
7f0388021000-7f038c000000 ---p 00000000 00:00 0 
7f038c000000-7f038c021000 rw-p 00000000 00:00 0 
7f038c021000-7f0390000000 ---p 00000000 00:00 0 
7f0390000000-7f03900aa000 rw-p 00000000 00:00 0 
7f03900aa000-7f0394000000 ---p 00000000 00:00 0 
7f0394000000-7f0394055000 rw-p 00000000 00:00 0 
7f0394055000-7f0398000000 ---p 00000000 00:00 0 
7f0398000000-7f0398021000 rw-p 00000000 00:00 0 
7f0398021000-7f039c000000 ---p 00000000 00:00 0 
7f039c000000-7f039c021000 rw-p 00000000 00:00 0 
7f039c021000-7f03a0000000 ---p 00000000 00:00 0 
7f03a0000000-7f03a0021000 rw-p 00000000 00:00 0 
7f03a0021000-7f03a4000000 ---p 00000000 00:00 0 
7f03a4000000-7f03a4021000 rw-p 00000000 00:00 0 
7f03a4021000-7f03a8000000 ---p 00000000 00:00 0 
7f03a8000000-7f03a8021000 rw-p 00000000 00:00 0 
7f03a8021000-7f03ac000000 ---p 00000000 00:00 0 
7f03b0000000-7f03b0021000 rw-p 00000000 00:00 0 
7f03b0021000-7f03b4000000 ---p 00000000 00:00 0 
7f03b8000000-7f03b8021000 rw-p 00000000 00:00 0 
7f03b8021000-7f03bc000000 ---p 00000000 00:00 0 
7f03bd49a000-7f03bd49b000 r-xp 00000000 00:14 13                         /media/crash/lib/libdiv.so
7f03bd49b000-7f03bd69a000 ---p 00001000 00:14 13                         /media/crash/lib/libdiv.so
7f03bd69a000-7f03bd69b000 r--p 00000000 00:14 13                         /media/crash/lib/libdiv.so
7f03bd69b000-7f03bd69c000 rw-p 00001000 00:14 13                         /media/crash/lib/libdiv.so
7f03bd69c000-7f03bd69d000 ---p 00000000 00:00 0 
7f03bd69d000-7f03bd79d000 rw-p 00000000 00:00 0                          [stack:2787]
7f03bd79d000-7f03bde80000 r--p 00000000 08:03 138899                     /usr/lib/locale/locale-archive
7f03bde80000-7f03c0000000 rw-p 00000000 00:00 0 
7f03c0000000-7f03c0021000 rw-p 00000000 00:00 0 
7f03c0021000-7f03c4000000 ---p 00000000 00:00 0 
7f03c40af000-7f03c40b2000 ---p 00000000 00:00 0 
7f03c40b2000-7f03c41b0000 rw-p 00000000 00:00 0                          [stack:2786]
7f03c41b0000-7f03c41b3000 ---p 00000000 00:00 0 
7f03c41b3000-7f03c42b1000 rw-p 00000000 00:00 0                          [stack:2785]
7f03c42b1000-7f03c42b4000 ---p 00000000 00:00 0 
7f03c42b4000-7f03c43b2000 rw-p 00000000 00:00 0                          [stack:2784]
7f03c43b2000-7f03c43b5000 ---p 00000000 00:00 0 
7f03c43b5000-7f03c44b3000 rw-p 00000000 00:00 0                          [stack:2783]
7f03c44b3000-7f03c44b6000 ---p 00000000 00:00 0 
7f03c44b6000-7f03c45b4000 rw-p 00000000 00:00 0                          [stack:2782]
7f03c45b4000-7f03c45b7000 ---p 00000000 00:00 0 
7f03c45b7000-7f03c46b5000 rw-p 00000000 00:00 0                          [stack:2781]
7f03c46b5000-7f03c46b6000 ---p 00000000 00:00 0 
7f03c46b6000-7f03c5000000 rw-p 00000000 00:00 0                          [stack:2780]
7f03c5000000-7f03c5270000 rwxp 00000000 00:00 0 
7f03c5270000-7f03c80b1000 rw-p 00000000 00:00 0 
7f03c80b1000-7f03cc000000 ---p 00000000 00:00 0 
7f03cc007000-7f03cc7bc000 rw-p 00000000 00:00 0 
7f03cc7bc000-7f03cc979000 r--s 039d3000 08:03 156934                     /usr/java/jdk1.7.0_40/jre/lib/rt.jar
7f03cc979000-7f03ccc8a000 rw-p 00000000 00:00 0 
7f03ccc8a000-7f03ccc8b000 ---p 00000000 00:00 0 
7f03ccc8b000-7f03ccd8b000 rw-p 00000000 00:00 0                          [stack:2779]
7f03ccd8b000-7f03ccd8c000 ---p 00000000 00:00 0 
7f03ccd8c000-7f03cce8c000 rw-p 00000000 00:00 0                          [stack:2778]
7f03cce8c000-7f03cce8d000 ---p 00000000 00:00 0 
7f03cce8d000-7f03ccf8d000 rw-p 00000000 00:00 0                          [stack:2777]
7f03ccf8d000-7f03ccf8e000 ---p 00000000 00:00 0 
7f03ccf8e000-7f03cd099000 rw-p 00000000 00:00 0                          [stack:2776]
7f03cd099000-7f03cd0b7000 rw-p 00000000 00:00 0 
7f03cd0b7000-7f03cd0cc000 rw-p 00000000 00:00 0 
7f03cd0cc000-7f03cd201000 rw-p 00000000 00:00 0 
7f03cd201000-7f03cd20c000 rw-p 00000000 00:00 0 
7f03cd20c000-7f03cd22a000 rw-p 00000000 00:00 0 
7f03cd22a000-7f03cd23f000 rw-p 00000000 00:00 0 
7f03cd23f000-7f03cd374000 rw-p 00000000 00:00 0 
7f03cd374000-7f03cd37f000 rw-p 00000000 00:00 0 
7f03cd37f000-7f03cd419000 rw-p 00000000 00:00 0 
7f03cd419000-7f03cd41a000 rw-p 00000000 00:00 0 
7f03cd41a000-7f03cd434000 r-xp 00000000 08:03 156819                     /usr/java/jdk1.7.0_40/jre/lib/amd64/libzip.so
7f03cd434000-7f03cd634000 ---p 0001a000 08:03 156819                     /usr/java/jdk1.7.0_40/jre/lib/amd64/libzip.so
7f03cd634000-7f03cd635000 rw-p 0001a000 08:03 156819                     /usr/java/jdk1.7.0_40/jre/lib/amd64/libzip.so
7f03cd635000-7f03cd641000 r-xp 00000000 08:03 265805                     /lib/x86_64-linux-gnu/libnss_files-2.15.so
7f03cd641000-7f03cd840000 ---p 0000c000 08:03 265805                     /lib/x86_64-linux-gnu/libnss_files-2.15.so
7f03cd840000-7f03cd841000 r--p 0000b000 08:03 265805                     /lib/x86_64-linux-gnu/libnss_files-2.15.so
7f03cd841000-7f03cd842000 rw-p 0000c000 08:03 265805                     /lib/x86_64-linux-gnu/libnss_files-2.15.so
7f03cd842000-7f03cd84c000 r-xp 00000000 08:03 265809                     /lib/x86_64-linux-gnu/libnss_nis-2.15.so
7f03cd84c000-7f03cda4c000 ---p 0000a000 08:03 265809                     /lib/x86_64-linux-gnu/libnss_nis-2.15.so
7f03cda4c000-7f03cda4d000 r--p 0000a000 08:03 265809                     /lib/x86_64-linux-gnu/libnss_nis-2.15.so
7f03cda4d000-7f03cda4e000 rw-p 0000b000 08:03 265809                     /lib/x86_64-linux-gnu/libnss_nis-2.15.so
7f03cda4e000-7f03cda65000 r-xp 00000000 08:03 265799                     /lib/x86_64-linux-gnu/libnsl-2.15.so
7f03cda65000-7f03cdc64000 ---p 00017000 08:03 265799                     /lib/x86_64-linux-gnu/libnsl-2.15.so
7f03cdc64000-7f03cdc65000 r--p 00016000 08:03 265799                     /lib/x86_64-linux-gnu/libnsl-2.15.so
7f03cdc65000-7f03cdc66000 rw-p 00017000 08:03 265799                     /lib/x86_64-linux-gnu/libnsl-2.15.so
7f03cdc66000-7f03cdc68000 rw-p 00000000 00:00 0 
7f03cdc68000-7f03cdc70000 r-xp 00000000 08:03 265801                     /lib/x86_64-linux-gnu/libnss_compat-2.15.so
7f03cdc70000-7f03cde6f000 ---p 00008000 08:03 265801                     /lib/x86_64-linux-gnu/libnss_compat-2.15.so
7f03cde6f000-7f03cde70000 r--p 00007000 08:03 265801                     /lib/x86_64-linux-gnu/libnss_compat-2.15.so
7f03cde70000-7f03cde71000 rw-p 00008000 08:03 265801                     /lib/x86_64-linux-gnu/libnss_compat-2.15.so
7f03cde71000-7f03cde9a000 r-xp 00000000 08:03 156802                     /usr/java/jdk1.7.0_40/jre/lib/amd64/libjava.so
7f03cde9a000-7f03ce09a000 ---p 00029000 08:03 156802                     /usr/java/jdk1.7.0_40/jre/lib/amd64/libjava.so
7f03ce09a000-7f03ce09c000 rw-p 00029000 08:03 156802                     /usr/java/jdk1.7.0_40/jre/lib/amd64/libjava.so
7f03ce09c000-7f03ce0a9000 r-xp 00000000 08:03 156764                     /usr/java/jdk1.7.0_40/jre/lib/amd64/libverify.so
7f03ce0a9000-7f03ce2a8000 ---p 0000d000 08:03 156764                     /usr/java/jdk1.7.0_40/jre/lib/amd64/libverify.so
7f03ce2a8000-7f03ce2aa000 rw-p 0000c000 08:03 156764                     /usr/java/jdk1.7.0_40/jre/lib/amd64/libverify.so
7f03ce2aa000-7f03ce2b1000 r-xp 00000000 08:03 265840                     /lib/x86_64-linux-gnu/librt-2.15.so
7f03ce2b1000-7f03ce4b0000 ---p 00007000 08:03 265840                     /lib/x86_64-linux-gnu/librt-2.15.so
7f03ce4b0000-7f03ce4b1000 r--p 00006000 08:03 265840                     /lib/x86_64-linux-gnu/librt-2.15.so
7f03ce4b1000-7f03ce4b2000 rw-p 00007000 08:03 265840                     /lib/x86_64-linux-gnu/librt-2.15.so
7f03ce4b2000-7f03ce5ad000 r-xp 00000000 08:03 265786                     /lib/x86_64-linux-gnu/libm-2.15.so
7f03ce5ad000-7f03ce7ac000 ---p 000fb000 08:03 265786                     /lib/x86_64-linux-gnu/libm-2.15.so
7f03ce7ac000-7f03ce7ad000 r--p 000fa000 08:03 265786                     /lib/x86_64-linux-gnu/libm-2.15.so
7f03ce7ad000-7f03ce7ae000 rw-p 000fb000 08:03 265786                     /lib/x86_64-linux-gnu/libm-2.15.so
7f03ce7ae000-7f03cf310000 r-xp 00000000 08:03 156778                     /usr/java/jdk1.7.0_40/jre/lib/amd64/server/libjvm.so
7f03cf310000-7f03cf510000 ---p 00b62000 08:03 156778                     /usr/java/jdk1.7.0_40/jre/lib/amd64/server/libjvm.so
7f03cf510000-7f03cf5d3000 rw-p 00b62000 08:03 156778                     /usr/java/jdk1.7.0_40/jre/lib/amd64/server/libjvm.so
7f03cf5d3000-7f03cf614000 rw-p 00000000 00:00 0 
7f03cf614000-7f03cf7c9000 r-xp 00000000 08:03 265754                     /lib/x86_64-linux-gnu/libc-2.15.so
7f03cf7c9000-7f03cf9c8000 ---p 001b5000 08:03 265754                     /lib/x86_64-linux-gnu/libc-2.15.so
7f03cf9c8000-7f03cf9cc000 r--p 001b4000 08:03 265754                     /lib/x86_64-linux-gnu/libc-2.15.so
7f03cf9cc000-7f03cf9ce000 rw-p 001b8000 08:03 265754                     /lib/x86_64-linux-gnu/libc-2.15.so
7f03cf9ce000-7f03cf9d3000 rw-p 00000000 00:00 0 
7f03cf9d3000-7f03cf9d5000 r-xp 00000000 08:03 265767                     /lib/x86_64-linux-gnu/libdl-2.15.so
7f03cf9d5000-7f03cfbd5000 ---p 00002000 08:03 265767                     /lib/x86_64-linux-gnu/libdl-2.15.so
7f03cfbd5000-7f03cfbd6000 r--p 00002000 08:03 265767                     /lib/x86_64-linux-gnu/libdl-2.15.so
7f03cfbd6000-7f03cfbd7000 rw-p 00003000 08:03 265767                     /lib/x86_64-linux-gnu/libdl-2.15.so
7f03cfbd7000-7f03cfbed000 r-xp 00000000 08:03 156793                     /usr/java/jdk1.7.0_40/jre/lib/amd64/jli/libjli.so
7f03cfbed000-7f03cfded000 ---p 00016000 08:03 156793                     /usr/java/jdk1.7.0_40/jre/lib/amd64/jli/libjli.so
7f03cfded000-7f03cfdee000 rw-p 00016000 08:03 156793                     /usr/java/jdk1.7.0_40/jre/lib/amd64/jli/libjli.so
7f03cfdee000-7f03cfe06000 r-xp 00000000 08:03 265834                     /lib/x86_64-linux-gnu/libpthread-2.15.so
7f03cfe06000-7f03d0005000 ---p 00018000 08:03 265834                     /lib/x86_64-linux-gnu/libpthread-2.15.so
7f03d0005000-7f03d0006000 r--p 00017000 08:03 265834                     /lib/x86_64-linux-gnu/libpthread-2.15.so
7f03d0006000-7f03d0007000 rw-p 00018000 08:03 265834                     /lib/x86_64-linux-gnu/libpthread-2.15.so
7f03d0007000-7f03d000b000 rw-p 00000000 00:00 0 
7f03d000b000-7f03d002d000 r-xp 00000000 08:03 265734                     /lib/x86_64-linux-gnu/ld-2.15.so
7f03d0040000-7f03d005f000 rw-p 00000000 00:00 0 
7f03d005f000-7f03d0115000 rw-p 00000000 00:00 0 
7f03d0115000-7f03d0118000 ---p 00000000 00:00 0 
7f03d0118000-7f03d021a000 rw-p 00000000 00:00 0                          [stack:2775]
7f03d0221000-7f03d0229000 rw-s 00000000 08:03 4231                       /tmp/hsperfdata_andrei/2774
7f03d0229000-7f03d022a000 rw-p 00000000 00:00 0 
7f03d022a000-7f03d022b000 r--p 00000000 00:00 0 
7f03d022b000-7f03d022d000 rw-p 00000000 00:00 0 
7f03d022d000-7f03d022e000 r--p 00022000 08:03 265734                     /lib/x86_64-linux-gnu/ld-2.15.so
7f03d022e000-7f03d0230000 rw-p 00023000 08:03 265734                     /lib/x86_64-linux-gnu/ld-2.15.so
7fff29922000-7fff29943000 rw-p 00000000 00:00 0                          [stack]
7fff2998b000-7fff2998d000 r-xp 00000000 00:00 0                          [vdso]
ffffffffff600000-ffffffffff601000 r-xp 00000000 00:00 0                  [vsyscall]

VM Arguments:
jvm_args: -Djava.library.path=/media/crash/lib -XX:ErrorFile=src/demo1/hs_err_pid2255.log 
java_command: demo1.NativeDiv
Launcher Type: SUN_STANDARD

Environment Variables:
PATH=/usr/lib/lightdm/lightdm:/usr/local/sbin:/usr/local/bin:/usr/sbin:/usr/bin:/sbin:/bin:/usr/games:/usr/java/jdk1.7.0_40/bin
SHELL=/bin/bash
DISPLAY=:0

Signal Handlers:
SIGSEGV: [libjvm.so+0x992d50], sa_mask[0]=0x7ffbfeff, sa_flags=0x10000004
SIGBUS: [libjvm.so+0x992d50], sa_mask[0]=0x7ffbfeff, sa_flags=0x10000004
SIGFPE: [libjvm.so+0x80fb00], sa_mask[0]=0x7ffbfeff, sa_flags=0x10000004
SIGPIPE: [libjvm.so+0x80fb00], sa_mask[0]=0x7ffbfeff, sa_flags=0x10000004
SIGXFSZ: [libjvm.so+0x80fb00], sa_mask[0]=0x7ffbfeff, sa_flags=0x10000004
SIGILL: [libjvm.so+0x80fb00], sa_mask[0]=0x7ffbfeff, sa_flags=0x10000004
SIGUSR1: SIG_DFL, sa_mask[0]=0x00000000, sa_flags=0x00000000
SIGUSR2: [libjvm.so+0x810ff0], sa_mask[0]=0x00000000, sa_flags=0x10000004
SIGHUP: [libjvm.so+0x811f60], sa_mask[0]=0x7ffbfeff, sa_flags=0x10000004
SIGINT: [libjvm.so+0x811f60], sa_mask[0]=0x7ffbfeff, sa_flags=0x10000004
SIGTERM: [libjvm.so+0x811f60], sa_mask[0]=0x7ffbfeff, sa_flags=0x10000004
SIGQUIT: [libjvm.so+0x811f60], sa_mask[0]=0x7ffbfeff, sa_flags=0x10000004


---------------  S Y S T E M  ---------------

OS:wheezy/sid

uname:Linux 3.8.0-31-generic #46~precise1-Ubuntu SMP Wed Sep 11 18:21:16 UTC 2013 x86_64
libc:glibc 2.15 NPTL 2.15 
rlimit: STACK 8192k, CORE 0k, NPROC 31484, NOFILE 4096, AS infinity
load average:0.08 0.03 0.05

/proc/meminfo:
MemTotal:        4048960 kB
MemFree:         3081812 kB
Buffers:           78304 kB
Cached:           472100 kB
SwapCached:            0 kB
Active:           534308 kB
Inactive:         285384 kB
Active(anon):     269908 kB
Inactive(anon):     2788 kB
Active(file):     264400 kB
Inactive(file):   282596 kB
Unevictable:           0 kB
Mlocked:               0 kB
SwapTotal:       1500156 kB
SwapFree:        1500156 kB
Dirty:                72 kB
Writeback:             0 kB
AnonPages:        269332 kB
Mapped:            88140 kB
Shmem:              3404 kB
Slab:              77216 kB
SReclaimable:      57716 kB
SUnreclaim:        19500 kB
KernelStack:        2928 kB
PageTables:        22620 kB
NFS_Unstable:          0 kB
Bounce:                0 kB
WritebackTmp:          0 kB
CommitLimit:     3524636 kB
Committed_AS:    2045688 kB
VmallocTotal:   34359738367 kB
VmallocUsed:       53544 kB
VmallocChunk:   34359684599 kB
HardwareCorrupted:     0 kB
AnonHugePages:         0 kB
HugePages_Total:       0
HugePages_Free:        0
HugePages_Rsvd:        0
HugePages_Surp:        0
Hugepagesize:       2048 kB
DirectMap4k:       49088 kB
DirectMap2M:     4145152 kB


CPU:total 4 (4 cores per cpu, 1 threads per core) family 6 model 58 stepping 9, cmov, cx8, fxsr, mmx, sse, sse2, sse3, ssse3, tsc

/proc/cpuinfo:
processor	: 0
vendor_id	: GenuineIntel
cpu family	: 6
model		: 58
model name	: Intel(R) Core(TM) i7-3517U CPU @ 1.90GHz
stepping	: 9
cpu MHz		: 2298.275
cache size	: 6144 KB
physical id	: 0
siblings	: 4
core id		: 0
cpu cores	: 4
apicid		: 0
initial apicid	: 0
fpu		: yes
fpu_exception	: yes
cpuid level	: 5
wp		: yes
flags		: fpu vme de pse tsc msr pae mce cx8 apic sep mtrr pge mca cmov pat pse36 clflush mmx fxsr sse sse2 ht syscall nx rdtscp lm constant_tsc rep_good nopl pni ssse3 lahf_lm
bogomips	: 4596.55
clflush size	: 64
cache_alignment	: 64
address sizes	: 36 bits physical, 48 bits virtual
power management:

processor	: 1
vendor_id	: GenuineIntel
cpu family	: 6
model		: 58
model name	: Intel(R) Core(TM) i7-3517U CPU @ 1.90GHz
stepping	: 9
cpu MHz		: 2298.275
cache size	: 6144 KB
physical id	: 0
siblings	: 4
core id		: 1
cpu cores	: 4
apicid		: 1
initial apicid	: 1
fpu		: yes
fpu_exception	: yes
cpuid level	: 5
wp		: yes
flags		: fpu vme de pse tsc msr pae mce cx8 apic sep mtrr pge mca cmov pat pse36 clflush mmx fxsr sse sse2 ht syscall nx rdtscp lm constant_tsc rep_good nopl pni ssse3 lahf_lm
bogomips	: 4596.55
clflush size	: 64
cache_alignment	: 64
address sizes	: 36 bits physical, 48 bits virtual
power management:

processor	: 2
vendor_id	: GenuineIntel
cpu family	: 6
model		: 58
model name	: Intel(R) Core(TM) i7-3517U CPU @ 1.90GHz
stepping	: 9
cpu MHz		: 2298.275
cache size	: 6144 KB
physical id	: 0
siblings	: 4
core id		: 2
cpu cores	: 4
apicid		: 2
initial apicid	: 2
fpu		: yes
fpu_exception	: yes
cpuid level	: 5
wp		: yes
flags		: fpu vme de pse tsc msr pae mce cx8 apic sep mtrr pge mca cmov pat pse36 clflush mmx fxsr sse sse2 ht syscall nx rdtscp lm constant_tsc rep_good nopl pni ssse3 lahf_lm
bogomips	: 4596.55
clflush size	: 64
cache_alignment	: 64
address sizes	: 36 bits physical, 48 bits virtual
power management:

processor	: 3
vendor_id	: GenuineIntel
cpu family	: 6
model		: 58
model name	: Intel(R) Core(TM) i7-3517U CPU @ 1.90GHz
stepping	: 9
cpu MHz		: 2298.275
cache size	: 6144 KB
physical id	: 0
siblings	: 4
core id		: 3
cpu cores	: 4
apicid		: 3
initial apicid	: 3
fpu		: yes
fpu_exception	: yes
cpuid level	: 5
wp		: yes
flags		: fpu vme de pse tsc msr pae mce cx8 apic sep mtrr pge mca cmov pat pse36 clflush mmx fxsr sse sse2 ht syscall nx rdtscp lm constant_tsc rep_good nopl pni ssse3 lahf_lm
bogomips	: 4596.55
clflush size	: 64
cache_alignment	: 64
address sizes	: 36 bits physical, 48 bits virtual
power management:



Memory: 4k page, physical 4048960k(3081812k free), swap 1500156k(1500156k free)

vm_info: Java HotSpot(TM) 64-Bit Server VM (24.0-b56) for linux-amd64 JRE (1.7.0_40-b43), built on Aug 26 2013 23:53:33 by "java_re" with gcc 4.3.0 20080428 (Red Hat 4.3.0-8)

time: Sat Oct 19 16:22:31 2013
elapsed time: 8 seconds

